#
# A fatal error has been detected by the Java Runtime Environment:
#
#  SIGSEGV (0xb) at pc=0x00007f5932cb64a3, pid=7216, tid=140023151838976
#
# JRE version: OpenJDK Runtime Environment (8.0_74-b02) (build 1.8.0_74-b02)
# Java VM: OpenJDK 64-Bit Server VM (25.74-b02 mixed mode linux-amd64 compressed oops)
# Problematic frame:
# C  [fglrx_dri.so+0x16734a3]
#
# Core dump written. Default location: /home/albin/TDDD78/core or core.7216
#
# If you would like to submit a bug report, please visit:
#   http://bugreport.java.com/bugreport/crash.jsp
# The crash happened outside the Java Virtual Machine in native code.
# See problematic frame for where to report the bug.
#

---------------  T H R E A D  ---------------

Current thread (0x00007f59a8009000):  JavaThread "main" [_thread_in_native, id=7217, stack(0x00007f59ae29c000,0x00007f59ae39d000)]

siginfo: si_signo: 11 (SIGSEGV), si_code: 1 (SEGV_MAPERR), si_addr: 0x00000000000000f0

Registers:
RAX=0x0000000000000000, RBX=0x00007f59a8dc33f0, RCX=0x0000000000000000, RDX=0x00007f59ae39a908
RSP=0x00007f59ae39a500, RBP=0x00007f59a8dc2ec0, RSI=0x0000000000000000, RDI=0x00007f59a8dc33f0
R8 =0x00007f59a8ded5f0, R9 =0x0000000000000140, R10=0x0000000000000400, R11=0x00007f59ad735420
R12=0x00007f59a8dc69d0, R13=0x0000000000000001, R14=0x0000000000000001, R15=0x00007f59a8de5ad0
RIP=0x00007f5932cb64a3, EFLAGS=0x0000000000010246, CSGSFS=0x0000000000000033, ERR=0x0000000000000004
  TRAPNO=0x000000000000000e

Top of Stack: (sp=0x00007f59ae39a500)
0x00007f59ae39a500:   0000006e0000005c 0000000000000000
0x00007f59ae39a510:   0000000000000000 0000007c00000077
0x00007f59ae39a520:   00007f59a8573df0 00007f59a8000020
0x00007f59ae39a530:   00007f59a8dc2fc0 0000000000000000
0x00007f59ae39a540:   00007f59ae39a908 00007f59a8dc2ec0
0x00007f59ae39a550:   00007f59ae39a908 0000000000000000
0x00007f59ae39a560:   00007f59a8573df0 00007f59a8573df0
0x00007f59ae39a570:   0000000000000022 00007f5932cd756c
0x00007f59ae39a580:   0000030000000044 00007f59ae39a908
0x00007f59ae39a590:   0000000000000001 0000000000000022
0x00007f59ae39a5a0:   00007f59a8573df0 0000000000000400
0x00007f59ae39a5b0:   0000000000000300 00007f5932cd7794
0x00007f59ae39a5c0:   00007f59ae39a6f4 00007f59a857d040
0x00007f59ae39a5d0:   00007f59a8aae200 00000000a83b2910
0x00007f59ae39a5e0:   00007f59ae39a640 000000000000000f
0x00007f59ae39a5f0:   000000000000000f 00007f59337ff16d
0x00007f59ae39a600:   00007f59ae39a6a0 00007f59a8573dd0
0x00007f59ae39a610:   00007f59a8573df0 0000000000000000
0x00007f59ae39a620:   0000000000000000 0000000000000000
0x00007f59ae39a630:   00007f59ae39a800 00007f5932c5b58a
0x00007f59ae39a640:   0000000000000044 00007f59ae39a8f0
0x00007f59ae39a650:   00007f59a8ddc1f0 00007f59ae39a908
0x00007f59ae39a660:   0000000000000000 00007f59a8571ec0
0x00007f59ae39a670:   0000000000000000 00007f5932cb8d13
0x00007f59ae39a680:   00007f59ae39a6f4 0000000000000000
0x00007f59ae39a690:   00007f59a857cd00 00007f59a8573df0
0x00007f59ae39a6a0:   00007f59a8ded688 0000000000300000
0x00007f59ae39a6b0:   3f800000a8ded688 00007f59a868eb20
0x00007f59ae39a6c0:   0000006e0000005d 0000000000000000
0x00007f59ae39a6d0:   0000000000000000 00007f59a883e8d0
0x00007f59ae39a6e0:   00007f59ae39a8f0 00007f59a868eb20
0x00007f59ae39a6f0:   0000000b00000000 00007f5932592774 

Instructions: (pc=0x00007f5932cb64a3)
0x00007f5932cb6483:   02 00 00 00 c7 85 e8 01 00 00 05 00 00 00 89 85
0x00007f5932cb6493:   4c 02 00 00 48 8b 4c 24 38 48 89 8d 78 02 00 00
0x00007f5932cb64a3:   0f b6 81 f0 00 00 00 c6 85 80 02 00 00 00 88 85
0x00007f5932cb64b3:   f0 00 00 00 8b 82 80 00 00 00 89 85 84 02 00 00 

Register to memory mapping:

RAX=0x0000000000000000 is an unknown value
RBX=0x00007f59a8dc33f0 is an unknown value
RCX=0x0000000000000000 is an unknown value
RDX=0x00007f59ae39a908 is pointing into the stack for thread: 0x00007f59a8009000
RSP=0x00007f59ae39a500 is pointing into the stack for thread: 0x00007f59a8009000
RBP=0x00007f59a8dc2ec0 is an unknown value
RSI=0x0000000000000000 is an unknown value
RDI=0x00007f59a8dc33f0 is an unknown value
R8 =0x00007f59a8ded5f0 is an unknown value
R9 =0x0000000000000140 is an unknown value
R10=0x0000000000000400 is an unknown value
R11=0x00007f59ad735420: <offset 0x16d420> in /usr/lib/libc.so.6 at 0x00007f59ad5c8000
R12=0x00007f59a8dc69d0 is an unknown value
R13=0x0000000000000001 is an unknown value
R14=0x0000000000000001 is an unknown value
R15=0x00007f59a8de5ad0 is an unknown value


Stack: [0x00007f59ae29c000,0x00007f59ae39d000],  sp=0x00007f59ae39a500,  free space=1017k
Native frames: (J=compiled Java code, j=interpreted, Vv=VM code, C=native code)
C  [fglrx_dri.so+0x16734a3]

Java frames: (J=compiled Java code, j=interpreted, Vv=VM code)
j  org.lwjgl.system.JNI.invokePV(JJ)V+0
j  org.lwjgl.glfw.GLFW.glfwSwapBuffers(J)V+20
j  se.liu.ida.albhe417.tddd78.game.Game.draw()V+4
j  se.liu.ida.albhe417.tddd78.game.Game.run()V+23
j  se.liu.ida.albhe417.tddd78.game.Main.main([Ljava/lang/String;)V+9
v  ~StubRoutines::call_stub
j  sun.reflect.NativeMethodAccessorImpl.invoke0(Ljava/lang/reflect/Method;Ljava/lang/Object;[Ljava/lang/Object;)Ljava/lang/Object;+0
j  sun.reflect.NativeMethodAccessorImpl.invoke(Ljava/lang/Object;[Ljava/lang/Object;)Ljava/lang/Object;+100
j  sun.reflect.DelegatingMethodAccessorImpl.invoke(Ljava/lang/Object;[Ljava/lang/Object;)Ljava/lang/Object;+6
j  java.lang.reflect.Method.invoke(Ljava/lang/Object;[Ljava/lang/Object;)Ljava/lang/Object;+56
j  com.intellij.rt.execution.application.AppMain.main([Ljava/lang/String;)V+180
v  ~StubRoutines::call_stub

---------------  P R O C E S S  ---------------

Java Threads: ( => current thread )
  0x00007f59a8275800 JavaThread "Monitor Ctrl-Break" daemon [_thread_in_native, id=7251, stack(0x00007f5962f19000,0x00007f596301a000)]
  0x00007f59a8235000 JavaThread "Service Thread" daemon [_thread_blocked, id=7236, stack(0x00007f596311b000,0x00007f596321c000)]
  0x00007f59a822a000 JavaThread "C1 CompilerThread3" daemon [_thread_blocked, id=7235, stack(0x00007f596321c000,0x00007f596331d000)]
  0x00007f59a8227800 JavaThread "C2 CompilerThread2" daemon [_thread_blocked, id=7234, stack(0x00007f596331d000,0x00007f596341e000)]
  0x00007f59a8226000 JavaThread "C2 CompilerThread1" daemon [_thread_blocked, id=7233, stack(0x00007f596341e000,0x00007f596351f000)]
  0x00007f59a8223000 JavaThread "C2 CompilerThread0" daemon [_thread_blocked, id=7232, stack(0x00007f596351f000,0x00007f5963620000)]
  0x00007f59a8221800 JavaThread "Signal Dispatcher" daemon [_thread_blocked, id=7231, stack(0x00007f5963620000,0x00007f5963721000)]
  0x00007f59a81ee800 JavaThread "Finalizer" daemon [_thread_blocked, id=7230, stack(0x00007f5963a37000,0x00007f5963b38000)]
  0x00007f59a81ea000 JavaThread "Reference Handler" daemon [_thread_blocked, id=7229, stack(0x00007f5963b38000,0x00007f5963c39000)]
=>0x00007f59a8009000 JavaThread "main" [_thread_in_native, id=7217, stack(0x00007f59ae29c000,0x00007f59ae39d000)]

Other Threads:
  0x00007f59a81e2800 VMThread [stack: 0x00007f5963c39000,0x00007f5963d3a000] [id=7228]
  0x00007f59a8237800 WatcherThread [stack: 0x00007f596301a000,0x00007f596311b000] [id=7237]

VM state:not at safepoint (normal execution)

VM Mutex/Monitor currently owned by a thread: None

Heap:
 PSYoungGen      total 74752K, used 5161K [0x000000076cd80000, 0x0000000772080000, 0x00000007c0000000)
  eden space 64512K, 8% used [0x000000076cd80000,0x000000076d28a400,0x0000000770c80000)
  from space 10240K, 0% used [0x0000000771680000,0x0000000771680000,0x0000000772080000)
  to   space 10240K, 0% used [0x0000000770c80000,0x0000000770c80000,0x0000000771680000)
 ParOldGen       total 171008K, used 0K [0x00000006c6800000, 0x00000006d0f00000, 0x000000076cd80000)
  object space 171008K, 0% used [0x00000006c6800000,0x00000006c6800000,0x00000006d0f00000)
 Metaspace       used 3769K, capacity 5080K, committed 5376K, reserved 1056768K
  class space    used 397K, capacity 456K, committed 512K, reserved 1048576K

Card table byte_map: [0x00007f5997c1d000,0x00007f59983ea000] byte_map_base: 0x00007f59945e9000

Marking Bits: (ParMarkBitMap*) 0x00007f59ad5ad400
 Begin Bits: [0x00007f5964340000, 0x00007f59681a0000)
 End Bits:   [0x00007f59681a0000, 0x00007f596c000000)

Polling page: 0x00007f59ae3ce000

CodeCache: size=245760Kb used=1427Kb max_used=1427Kb free=244332Kb
 bounds [0x00007f59987aa000, 0x00007f5998a1a000, 0x00007f59a77aa000]
 total_blobs=581 nmethods=152 adapters=344
 compilation: enabled

Compilation events (10 events):
Event: 0,109 Thread 0x00007f59a822a000  146       3       java.lang.reflect.Modifier::isFinal (13 bytes)
Event: 0,109 Thread 0x00007f59a822a000 nmethod 146 0x00007f599890c050 code [0x00007f599890c1c0, 0x00007f599890c350]
Event: 0,109 Thread 0x00007f59a822a000  147       1       java.lang.reflect.Field::getDeclaringClass (5 bytes)
Event: 0,109 Thread 0x00007f59a822a000 nmethod 147 0x00007f599890bd90 code [0x00007f599890bee0, 0x00007f599890bff0]
Event: 0,109 Thread 0x00007f59a822a000  148       3       java.lang.reflect.Field::setFieldAccessor (34 bytes)
Event: 0,109 Thread 0x00007f59a822a000 nmethod 148 0x00007f599890d790 code [0x00007f599890d920, 0x00007f599890dca8]
Event: 0,109 Thread 0x00007f59a822a000  149       3       sun.reflect.MagicAccessorImpl::<init> (5 bytes)
Event: 0,109 Thread 0x00007f59a822a000 nmethod 149 0x00007f599890b910 code [0x00007f599890ba80, 0x00007f599890bc30]
Event: 0,176 Thread 0x00007f59a822a000  151   !   3       java.util.zip.Inflater::inflate (113 bytes)
Event: 0,177 Thread 0x00007f59a822a000 nmethod 151 0x00007f599890e4d0 code [0x00007f599890e6a0, 0x00007f599890ed18]

GC Heap History (0 events):
No events

Deoptimization events (0 events):
No events

Internal exceptions (2 events):
Event: 0,020 Thread 0x00007f59a8009000 Exception <a 'java/lang/NoSuchMethodError': Method sun.misc.Unsafe.defineClass(Ljava/lang/String;[BII)Ljava/lang/Class; name or signature does not match> (0x000000076cd87cc0) thrown at [/build/java8-openjdk/src/jdk8u-jdk8u74-b02/hotspot/src/share/vm/prims
Event: 0,020 Thread 0x00007f59a8009000 Exception <a 'java/lang/NoSuchMethodError': Method sun.misc.Unsafe.prefetchRead(Ljava/lang/Object;J)V name or signature does not match> (0x000000076cd87fa8) thrown at [/build/java8-openjdk/src/jdk8u-jdk8u74-b02/hotspot/src/share/vm/prims/jni.cpp, line 398

Events (10 events):
Event: 0,105 loading class org/lwjgl/glfw/GLFWErrorCallback$3$1
Event: 0,105 loading class org/lwjgl/glfw/GLFWErrorCallback$3$1 done
Event: 0,105 loading class org/lwjgl/glfw/GLFW
Event: 0,105 loading class org/lwjgl/glfw/GLFW done
Event: 0,109 loading class sun/reflect/UnsafeQualifiedStaticIntegerFieldAccessorImpl
Event: 0,109 loading class sun/reflect/UnsafeQualifiedStaticIntegerFieldAccessorImpl done
Event: 0,151 loading class org/lwjgl/glfw/EventLoop$OffScreen
Event: 0,151 loading class org/lwjgl/glfw/EventLoop$OffScreen done
Event: 0,176 loading class org/lwjgl/glfw/EventLoop$OnScreen
Event: 0,176 loading class org/lwjgl/glfw/EventLoop$OnScreen done


Dynamic libraries:
00400000-00401000 r-xp 00000000 00:12 172157                             /usr/lib/jvm/java-8-openjdk/jre/bin/java
00600000-00601000 rw-p 00000000 00:12 172157                             /usr/lib/jvm/java-8-openjdk/jre/bin/java
022b1000-022d2000 rw-p 00000000 00:00 0                                  [heap]
6c6800000-6d0f00000 rw-p 00000000 00:00 0 
6d0f00000-76cd80000 ---p 00000000 00:00 0 
76cd80000-772080000 rw-p 00000000 00:00 0 
772080000-7c0000000 ---p 00000000 00:00 0 
7c0000000-7c0080000 rw-p 00000000 00:00 0 
7c0080000-800000000 ---p 00000000 00:00 0 
7f592c000000-7f592c021000 rw-p 00000000 00:00 0 
7f592c021000-7f5930000000 ---p 00000000 00:00 0 
7f5930463000-7f5930464000 ---p 00000000 00:00 0 
7f5930464000-7f5930c64000 rw-p 00000000 00:00 0                          [stack:7261]
7f5930c64000-7f5931364000 rw-s 00006000 00:06 9675                       /dev/ati/card0
7f5931364000-7f5931410000 r-xp 00000000 00:12 197551                     /usr/lib/libatiadlxx.so
7f5931410000-7f593150f000 ---p 000ac000 00:12 197551                     /usr/lib/libatiadlxx.so
7f593150f000-7f5931512000 rw-p 000ab000 00:12 197551                     /usr/lib/libatiadlxx.so
7f5931512000-7f5931522000 rw-p 00000000 00:00 0 
7f5931522000-7f5931532000 r-xp 00000000 00:12 197561                     /usr/lib/libatiuki.so.1.0
7f5931532000-7f5931631000 ---p 00010000 00:12 197561                     /usr/lib/libatiuki.so.1.0
7f5931631000-7f5931643000 rw-p 0000f000 00:12 197561                     /usr/lib/libatiuki.so.1.0
7f5931643000-7f5933bd1000 r-xp 00000000 00:12 197576                     /usr/lib/xorg/modules/dri/fglrx_dri.so
7f5933bd1000-7f5933cd0000 ---p 0258e000 00:12 197576                     /usr/lib/xorg/modules/dri/fglrx_dri.so
7f5933cd0000-7f5933eb3000 rwxp 0258d000 00:12 197576                     /usr/lib/xorg/modules/dri/fglrx_dri.so
7f5933eb3000-7f5934000000 rwxp 00000000 00:00 0 
7f5934000000-7f5934021000 rw-p 00000000 00:00 0 
7f5934021000-7f5938000000 ---p 00000000 00:00 0 
7f5938000000-7f5938021000 rw-p 00000000 00:00 0 
7f5938021000-7f593c000000 ---p 00000000 00:00 0 
7f593c000000-7f593c088000 rw-p 00000000 00:00 0 
7f593c088000-7f5940000000 ---p 00000000 00:00 0 
7f5940000000-7f5940021000 rw-p 00000000 00:00 0 
7f5940021000-7f5944000000 ---p 00000000 00:00 0 
7f5944000000-7f5944021000 rw-p 00000000 00:00 0 
7f5944021000-7f5948000000 ---p 00000000 00:00 0 
7f5948000000-7f5948035000 rw-p 00000000 00:00 0 
7f5948035000-7f594c000000 ---p 00000000 00:00 0 
7f594c000000-7f594c021000 rw-p 00000000 00:00 0 
7f594c021000-7f5950000000 ---p 00000000 00:00 0 
7f5950000000-7f595005e000 rw-p 00000000 00:00 0 
7f595005e000-7f5954000000 ---p 00000000 00:00 0 
7f5954000000-7f5954021000 rw-p 00000000 00:00 0 
7f5954021000-7f5958000000 ---p 00000000 00:00 0 
7f5958000000-7f5958021000 rw-p 00000000 00:00 0 
7f5958021000-7f595c000000 ---p 00000000 00:00 0 
7f595c000000-7f595c021000 rw-p 00000000 00:00 0 
7f595c021000-7f5960000000 ---p 00000000 00:00 0 
7f5960012000-7f5960052000 rw-s 0008d000 00:06 9675                       /dev/ati/card0
7f5960052000-7f5960092000 rw-s 00004000 00:06 9675                       /dev/ati/card0
7f5960092000-7f59600a8000 r-xp 00000000 00:12 166862                     /usr/lib/libgcc_s.so.1
7f59600a8000-7f59602a7000 ---p 00016000 00:12 166862                     /usr/lib/libgcc_s.so.1
7f59602a7000-7f59602a8000 rw-p 00015000 00:12 166862                     /usr/lib/libgcc_s.so.1
7f59602a8000-7f596041a000 r-xp 00000000 00:12 166897                     /usr/lib/libstdc++.so.6.0.21
7f596041a000-7f596061a000 ---p 00172000 00:12 166897                     /usr/lib/libstdc++.so.6.0.21
7f596061a000-7f5960624000 r--p 00172000 00:12 166897                     /usr/lib/libstdc++.so.6.0.21
7f5960624000-7f5960626000 rw-p 0017c000 00:12 166897                     /usr/lib/libstdc++.so.6.0.21
7f5960626000-7f596062a000 rw-p 00000000 00:00 0 
7f596062a000-7f59606d4000 r-xp 00000000 00:12 197568                     /usr/lib/fglrx/fglrx-libGL.so.1.2
7f59606d4000-7f59607d4000 ---p 000aa000 00:12 197568                     /usr/lib/fglrx/fglrx-libGL.so.1.2
7f59607d4000-7f596080a000 rwxp 000aa000 00:12 197568                     /usr/lib/fglrx/fglrx-libGL.so.1.2
7f596080a000-7f5960827000 rwxp 00000000 00:00 0 
7f5960827000-7f596082c000 r-xp 00000000 00:12 49415                      /usr/lib/libXdmcp.so.6.0.0
7f596082c000-7f5960a2b000 ---p 00005000 00:12 49415                      /usr/lib/libXdmcp.so.6.0.0
7f5960a2b000-7f5960a2c000 r--p 00004000 00:12 49415                      /usr/lib/libXdmcp.so.6.0.0
7f5960a2c000-7f5960a2d000 rw-p 00005000 00:12 49415                      /usr/lib/libXdmcp.so.6.0.0
7f5960a2d000-7f5960a2f000 r-xp 00000000 00:12 49776                      /usr/lib/libXau.so.6.0.0
7f5960a2f000-7f5960c2f000 ---p 00002000 00:12 49776                      /usr/lib/libXau.so.6.0.0
7f5960c2f000-7f5960c30000 r--p 00002000 00:12 49776                      /usr/lib/libXau.so.6.0.0
7f5960c30000-7f5960c31000 rw-p 00003000 00:12 49776                      /usr/lib/libXau.so.6.0.0
7f5960c31000-7f5960c36000 r-xp 00000000 00:12 55469                      /usr/lib/libXfixes.so.3.1.0
7f5960c36000-7f5960e35000 ---p 00005000 00:12 55469                      /usr/lib/libXfixes.so.3.1.0
7f5960e35000-7f5960e36000 r--p 00004000 00:12 55469                      /usr/lib/libXfixes.so.3.1.0
7f5960e36000-7f5960e37000 rw-p 00005000 00:12 55469                      /usr/lib/libXfixes.so.3.1.0
7f5960e37000-7f5960e40000 r-xp 00000000 00:12 55780                      /usr/lib/libXrender.so.1.3.0
7f5960e40000-7f596103f000 ---p 00009000 00:12 55780                      /usr/lib/libXrender.so.1.3.0
7f596103f000-7f5961040000 r--p 00008000 00:12 55780                      /usr/lib/libXrender.so.1.3.0
7f5961040000-7f5961041000 rw-p 00009000 00:12 55780                      /usr/lib/libXrender.so.1.3.0
7f5961041000-7f5961052000 r-xp 00000000 00:12 55402                      /usr/lib/libXext.so.6.4.0
7f5961052000-7f5961251000 ---p 00011000 00:12 55402                      /usr/lib/libXext.so.6.4.0
7f5961251000-7f5961252000 r--p 00010000 00:12 55402                      /usr/lib/libXext.so.6.4.0
7f5961252000-7f5961253000 rw-p 00011000 00:12 55402                      /usr/lib/libXext.so.6.4.0
7f5961253000-7f5961274000 r-xp 00000000 00:12 52521                      /usr/lib/libxcb.so.1.1.0
7f5961274000-7f5961474000 ---p 00021000 00:12 52521                      /usr/lib/libxcb.so.1.1.0
7f5961474000-7f5961475000 r--p 00021000 00:12 52521                      /usr/lib/libxcb.so.1.1.0
7f5961475000-7f5961476000 rw-p 00022000 00:12 52521                      /usr/lib/libxcb.so.1.1.0
7f5961476000-7f5961480000 r-xp 00000000 00:12 55900                      /usr/lib/libXcursor.so.1.0.2
7f5961480000-7f596167f000 ---p 0000a000 00:12 55900                      /usr/lib/libXcursor.so.1.0.2
7f596167f000-7f5961680000 r--p 00009000 00:12 55900                      /usr/lib/libXcursor.so.1.0.2
7f5961680000-7f5961681000 rw-p 0000a000 00:12 55900                      /usr/lib/libXcursor.so.1.0.2
7f5961681000-7f5961686000 r-xp 00000000 00:12 55447                      /usr/lib/libXxf86vm.so.1.0.0
7f5961686000-7f5961885000 ---p 00005000 00:12 55447                      /usr/lib/libXxf86vm.so.1.0.0
7f5961885000-7f5961886000 r--p 00004000 00:12 55447                      /usr/lib/libXxf86vm.so.1.0.0
7f5961886000-7f5961887000 rw-p 00005000 00:12 55447                      /usr/lib/libXxf86vm.so.1.0.0
7f5961887000-7f5961896000 r-xp 00000000 00:12 197359                     /usr/lib/libXi.so.6.1.0
7f5961896000-7f5961a95000 ---p 0000f000 00:12 197359                     /usr/lib/libXi.so.6.1.0
7f5961a95000-7f5961a96000 r--p 0000e000 00:12 197359                     /usr/lib/libXi.so.6.1.0
7f5961a96000-7f5961a97000 rw-p 0000f000 00:12 197359                     /usr/lib/libXi.so.6.1.0
7f5961a97000-7f5961a99000 r-xp 00000000 00:12 56023                      /usr/lib/libXinerama.so.1.0.0
7f5961a99000-7f5961c98000 ---p 00002000 00:12 56023                      /usr/lib/libXinerama.so.1.0.0
7f5961c98000-7f5961c99000 r--p 00001000 00:12 56023                      /usr/lib/libXinerama.so.1.0.0
7f5961c99000-7f5961c9a000 rw-p 00002000 00:12 56023                      /usr/lib/libXinerama.so.1.0.0
7f5961c9a000-7f5961ca4000 r-xp 00000000 00:12 55818                      /usr/lib/libXrandr.so.2.2.0
7f5961ca4000-7f5961ea3000 ---p 0000a000 00:12 55818                      /usr/lib/libXrandr.so.2.2.0
7f5961ea3000-7f5961ea4000 r--p 00009000 00:12 55818                      /usr/lib/libXrandr.so.2.2.0
7f5961ea4000-7f5961ea5000 rw-p 0000a000 00:12 55818                      /usr/lib/libXrandr.so.2.2.0
7f5961ea5000-7f5961fe0000 r-xp 00000000 00:12 52652                      /usr/lib/libX11.so.6.3.0
7f5961fe0000-7f59621df000 ---p 0013b000 00:12 52652                      /usr/lib/libX11.so.6.3.0
7f59621df000-7f59621e1000 r--p 0013a000 00:12 52652                      /usr/lib/libX11.so.6.3.0
7f59621e1000-7f59621e6000 rw-p 0013c000 00:12 52652                      /usr/lib/libX11.so.6.3.0
7f59621e6000-7f59621e7000 rw-p 00000000 00:00 0 
7f59621e7000-7f59621eb000 r-xp 00000000 00:25 101712                     /home/albin/TDDD78/lwjgl/native/libglfw.so
7f59621eb000-7f59621ff000 r-xp 00000000 00:00 0 
7f59621ff000-7f59623fe000 ---p 00018000 00:25 101712                     /home/albin/TDDD78/lwjgl/native/libglfw.so
7f59623fe000-7f59623ff000 rw-p 0000d000 00:25 101712                     /home/albin/TDDD78/lwjgl/native/libglfw.so
7f59623ff000-7f5962800000 rw-p 00000000 00:00 0 
7f596283a000-7f596285d000 r--p 00000000 00:12 164996                     /usr/share/locale/sv/LC_MESSAGES/libc.mo
7f596285d000-7f5962860000 r-xp 00000000 00:25 101715                     /home/albin/TDDD78/lwjgl/native/libjemalloc.so
7f5962860000-7f596289c000 r-xp 00000000 00:00 0 
7f596289c000-7f5962a9b000 ---p 0003f000 00:25 101715                     /home/albin/TDDD78/lwjgl/native/libjemalloc.so
7f5962a9b000-7f5962a9d000 r--p 0001c000 00:25 101715                     /home/albin/TDDD78/lwjgl/native/libjemalloc.so
7f5962a9d000-7f5962a9e000 rw-p 0001e000 00:25 101715                     /home/albin/TDDD78/lwjgl/native/libjemalloc.so
7f5962a9e000-7f5962a9f000 rw-p 00000000 00:00 0 
7f5962a9f000-7f5962aac000 r-xp 00000000 00:25 101718                     /home/albin/TDDD78/lwjgl/native/liblwjgl.so
7f5962aac000-7f5962b00000 r-xp 00000000 00:00 0 
7f5962b00000-7f5962cff000 ---p 00061000 00:25 101718                     /home/albin/TDDD78/lwjgl/native/liblwjgl.so
7f5962cff000-7f5962d01000 rw-p 00033000 00:25 101718                     /home/albin/TDDD78/lwjgl/native/liblwjgl.so
7f5962d01000-7f5962d02000 rw-p 00000000 00:00 0 
7f5962d02000-7f5962d18000 r-xp 00000000 00:12 172127                     /usr/lib/jvm/java-8-openjdk/jre/lib/amd64/libnet.so
7f5962d18000-7f5962f18000 ---p 00016000 00:12 172127                     /usr/lib/jvm/java-8-openjdk/jre/lib/amd64/libnet.so
7f5962f18000-7f5962f19000 rw-p 00016000 00:12 172127                     /usr/lib/jvm/java-8-openjdk/jre/lib/amd64/libnet.so
7f5962f19000-7f5962f1c000 ---p 00000000 00:00 0 
7f5962f1c000-7f596301a000 rw-p 00000000 00:00 0                          [stack:7251]
7f596301a000-7f596301b000 ---p 00000000 00:00 0 
7f596301b000-7f596311b000 rw-p 00000000 00:00 0                          [stack:7237]
7f596311b000-7f596311e000 ---p 00000000 00:00 0 
7f596311e000-7f596321c000 rw-p 00000000 00:00 0                          [stack:7236]
7f596321c000-7f596321f000 ---p 00000000 00:00 0 
7f596321f000-7f596331d000 rw-p 00000000 00:00 0                          [stack:7235]
7f596331d000-7f5963320000 ---p 00000000 00:00 0 
7f5963320000-7f596341e000 rw-p 00000000 00:00 0                          [stack:7234]
7f596341e000-7f5963421000 ---p 00000000 00:00 0 
7f5963421000-7f596351f000 rw-p 00000000 00:00 0                          [stack:7233]
7f596351f000-7f5963522000 ---p 00000000 00:00 0 
7f5963522000-7f5963620000 rw-p 00000000 00:00 0                          [stack:7232]
7f5963620000-7f5963623000 ---p 00000000 00:00 0 
7f5963623000-7f5963721000 rw-p 00000000 00:00 0                          [stack:7231]
7f5963721000-7f5963a37000 r--p 00000000 00:12 166542                     /usr/lib/locale/locale-archive
7f5963a37000-7f5963a3a000 ---p 00000000 00:00 0 
7f5963a3a000-7f5963b38000 rw-p 00000000 00:00 0                          [stack:7230]
7f5963b38000-7f5963b3b000 ---p 00000000 00:00 0 
7f5963b3b000-7f5963c39000 rw-p 00000000 00:00 0                          [stack:7229]
7f5963c39000-7f5963c3a000 ---p 00000000 00:00 0 
7f5963c3a000-7f596c000000 rw-p 00000000 00:00 0                          [stack:7228]
7f596c000000-7f596c021000 rw-p 00000000 00:00 0 
7f596c021000-7f5970000000 ---p 00000000 00:00 0 
7f5970000000-7f5970021000 rw-p 00000000 00:00 0 
7f5970021000-7f5974000000 ---p 00000000 00:00 0 
7f5974000000-7f5974021000 rw-p 00000000 00:00 0 
7f5974021000-7f5978000000 ---p 00000000 00:00 0 
7f5978000000-7f5978021000 rw-p 00000000 00:00 0 
7f5978021000-7f597c000000 ---p 00000000 00:00 0 
7f597c000000-7f597c021000 rw-p 00000000 00:00 0 
7f597c021000-7f5980000000 ---p 00000000 00:00 0 
7f5980000000-7f5980021000 rw-p 00000000 00:00 0 
7f5980021000-7f5984000000 ---p 00000000 00:00 0 
7f5984000000-7f5984021000 rw-p 00000000 00:00 0 
7f5984021000-7f5988000000 ---p 00000000 00:00 0 
7f5988000000-7f5988021000 rw-p 00000000 00:00 0 
7f5988021000-7f598c000000 ---p 00000000 00:00 0 
7f598c000000-7f598c021000 rw-p 00000000 00:00 0 
7f598c021000-7f5990000000 ---p 00000000 00:00 0 
7f5990000000-7f5990021000 rw-p 00000000 00:00 0 
7f5990021000-7f5994000000 ---p 00000000 00:00 0 
7f5994005000-7f5994079000 rw-p 00000000 00:00 0 
7f5994086000-7f5995bd2000 rw-p 00000000 00:00 0 
7f5995bd2000-7f5995d9f000 r--s 03be5000 00:12 172068                     /usr/lib/jvm/java-8-openjdk/jre/lib/rt.jar
7f5995d9f000-7f59962d5000 rw-p 00000000 00:00 0 
7f59962d5000-7f5996615000 ---p 00000000 00:00 0 
7f5996615000-7f5996de1000 rw-p 00000000 00:00 0 
7f5996de1000-7f5996de2000 ---p 00000000 00:00 0 
7f5996de2000-7f5996ee2000 rw-p 00000000 00:00 0                          [stack:7227]
7f5996ee2000-7f5996ee3000 ---p 00000000 00:00 0 
7f5996ee3000-7f5996fe3000 rw-p 00000000 00:00 0                          [stack:7226]
7f5996fe3000-7f5996fe4000 ---p 00000000 00:00 0 
7f5996fe4000-7f59970e4000 rw-p 00000000 00:00 0                          [stack:7225]
7f59970e4000-7f59970e5000 ---p 00000000 00:00 0 
7f59970e5000-7f59971e5000 rw-p 00000000 00:00 0                          [stack:7224]
7f59971e5000-7f59971e6000 ---p 00000000 00:00 0 
7f59971e6000-7f59972e6000 rw-p 00000000 00:00 0                          [stack:7223]
7f59972e6000-7f59972e7000 ---p 00000000 00:00 0 
7f59972e7000-7f59973e7000 rw-p 00000000 00:00 0                          [stack:7222]
7f59973e7000-7f59973e8000 ---p 00000000 00:00 0 
7f59973e8000-7f59974e8000 rw-p 00000000 00:00 0                          [stack:7221]
7f59974e8000-7f59974e9000 ---p 00000000 00:00 0 
7f59974e9000-7f59975e9000 rw-p 00000000 00:00 0                          [stack:7220]
7f59975e9000-7f59975ea000 ---p 00000000 00:00 0 
7f59975ea000-7f599773e000 rw-p 00000000 00:00 0                          [stack:7219]
7f599773e000-7f5997c1d000 ---p 00000000 00:00 0 
7f5997c1d000-7f5997c71000 rw-p 00000000 00:00 0 
7f5997c71000-7f599814f000 ---p 00000000 00:00 0 
7f599814f000-7f599817a000 rw-p 00000000 00:00 0 
7f599817a000-7f59983e9000 ---p 00000000 00:00 0 
7f59983e9000-7f59983f4000 rw-p 00000000 00:00 0 
7f59983f4000-7f59987aa000 ---p 00000000 00:00 0 
7f59987aa000-7f5998a1a000 rwxp 00000000 00:00 0 
7f5998a1a000-7f59a77aa000 ---p 00000000 00:00 0 
7f59a77aa000-7f59a77b2000 r-xp 00000000 00:12 172125                     /usr/lib/jvm/java-8-openjdk/jre/lib/amd64/libzip.so
7f59a77b2000-7f59a79b1000 ---p 00008000 00:12 172125                     /usr/lib/jvm/java-8-openjdk/jre/lib/amd64/libzip.so
7f59a79b1000-7f59a79b2000 rw-p 00007000 00:12 172125                     /usr/lib/jvm/java-8-openjdk/jre/lib/amd64/libzip.so
7f59a79b2000-7f59a79bd000 r-xp 00000000 00:12 166265                     /usr/lib/libnss_files-2.23.so
7f59a79bd000-7f59a7bbc000 ---p 0000b000 00:12 166265                     /usr/lib/libnss_files-2.23.so
7f59a7bbc000-7f59a7bbd000 r--p 0000a000 00:12 166265                     /usr/lib/libnss_files-2.23.so
7f59a7bbd000-7f59a7bbe000 rw-p 0000b000 00:12 166265                     /usr/lib/libnss_files-2.23.so
7f59a7bbe000-7f59a7bc4000 rw-p 00000000 00:00 0 
7f59a7bc4000-7f59a7bf0000 r-xp 00000000 00:12 172124                     /usr/lib/jvm/java-8-openjdk/jre/lib/amd64/libjava.so
7f59a7bf0000-7f59a7df0000 ---p 0002c000 00:12 172124                     /usr/lib/jvm/java-8-openjdk/jre/lib/amd64/libjava.so
7f59a7df0000-7f59a7df2000 rw-p 0002c000 00:12 172124                     /usr/lib/jvm/java-8-openjdk/jre/lib/amd64/libjava.so
7f59a7df2000-7f59a7dff000 r-xp 00000000 00:12 172116                     /usr/lib/jvm/java-8-openjdk/jre/lib/amd64/libverify.so
7f59a7dff000-7f59a7ffe000 ---p 0000d000 00:12 172116                     /usr/lib/jvm/java-8-openjdk/jre/lib/amd64/libverify.so
7f59a7ffe000-7f59a8000000 rw-p 0000c000 00:12 172116                     /usr/lib/jvm/java-8-openjdk/jre/lib/amd64/libverify.so
7f59a8000000-7f59a8e11000 rw-p 00000000 00:00 0 
7f59a8e11000-7f59ac000000 ---p 00000000 00:00 0 
7f59ac008000-7f59ac023000 r--s 001e6000 00:25 101704                     /home/albin/TDDD78/lwjgl/jar/lwjgl.jar
7f59ac023000-7f59ac07e000 rw-p 00000000 00:00 0 
7f59ac07e000-7f59ac07f000 ---p 00000000 00:00 0 
7f59ac07f000-7f59ac17f000 rw-p 00000000 00:00 0                          [stack:7218]
7f59ac17f000-7f59ac186000 r-xp 00000000 00:12 166274                     /usr/lib/librt-2.23.so
7f59ac186000-7f59ac385000 ---p 00007000 00:12 166274                     /usr/lib/librt-2.23.so
7f59ac385000-7f59ac386000 r--p 00006000 00:12 166274                     /usr/lib/librt-2.23.so
7f59ac386000-7f59ac387000 rw-p 00007000 00:12 166274                     /usr/lib/librt-2.23.so
7f59ac387000-7f59ac48a000 r-xp 00000000 00:12 166271                     /usr/lib/libm-2.23.so
7f59ac48a000-7f59ac68a000 ---p 00103000 00:12 166271                     /usr/lib/libm-2.23.so
7f59ac68a000-7f59ac68b000 r--p 00103000 00:12 166271                     /usr/lib/libm-2.23.so
7f59ac68b000-7f59ac68c000 rw-p 00104000 00:12 166271                     /usr/lib/libm-2.23.so
7f59ac68c000-7f59ad2de000 r-xp 00000000 00:12 172148                     /usr/lib/jvm/java-8-openjdk/jre/lib/amd64/server/libjvm.so
7f59ad2de000-7f59ad4de000 ---p 00c52000 00:12 172148                     /usr/lib/jvm/java-8-openjdk/jre/lib/amd64/server/libjvm.so
7f59ad4de000-7f59ad59a000 rw-p 00c52000 00:12 172148                     /usr/lib/jvm/java-8-openjdk/jre/lib/amd64/server/libjvm.so
7f59ad59a000-7f59ad5c8000 rw-p 00000000 00:00 0 
7f59ad5c8000-7f59ad760000 r-xp 00000000 00:12 166213                     /usr/lib/libc-2.23.so
7f59ad760000-7f59ad95f000 ---p 00198000 00:12 166213                     /usr/lib/libc-2.23.so
7f59ad95f000-7f59ad963000 r--p 00197000 00:12 166213                     /usr/lib/libc-2.23.so
7f59ad963000-7f59ad965000 rw-p 0019b000 00:12 166213                     /usr/lib/libc-2.23.so
7f59ad965000-7f59ad969000 rw-p 00000000 00:00 0 
7f59ad969000-7f59ad96b000 r-xp 00000000 00:12 166270                     /usr/lib/libdl-2.23.so
7f59ad96b000-7f59adb6b000 ---p 00002000 00:12 166270                     /usr/lib/libdl-2.23.so
7f59adb6b000-7f59adb6c000 r--p 00002000 00:12 166270                     /usr/lib/libdl-2.23.so
7f59adb6c000-7f59adb6d000 rw-p 00003000 00:12 166270                     /usr/lib/libdl-2.23.so
7f59adb6d000-7f59adb7a000 r-xp 00000000 00:12 172145                     /usr/lib/jvm/java-8-openjdk/jre/lib/amd64/jli/libjli.so
7f59adb7a000-7f59add79000 ---p 0000d000 00:12 172145                     /usr/lib/jvm/java-8-openjdk/jre/lib/amd64/jli/libjli.so
7f59add79000-7f59add7a000 rw-p 0000c000 00:12 172145                     /usr/lib/jvm/java-8-openjdk/jre/lib/amd64/jli/libjli.so
7f59add7a000-7f59add8f000 r-xp 00000000 00:12 6814                       /usr/lib/libz.so.1.2.8
7f59add8f000-7f59adf8e000 ---p 00015000 00:12 6814                       /usr/lib/libz.so.1.2.8
7f59adf8e000-7f59adf8f000 r--p 00014000 00:12 6814                       /usr/lib/libz.so.1.2.8
7f59adf8f000-7f59adf90000 rw-p 00015000 00:12 6814                       /usr/lib/libz.so.1.2.8
7f59adf90000-7f59adfa8000 r-xp 00000000 00:12 166190                     /usr/lib/libpthread-2.23.so
7f59adfa8000-7f59ae1a7000 ---p 00018000 00:12 166190                     /usr/lib/libpthread-2.23.so
7f59ae1a7000-7f59ae1a8000 r--p 00017000 00:12 166190                     /usr/lib/libpthread-2.23.so
7f59ae1a8000-7f59ae1a9000 rw-p 00018000 00:12 166190                     /usr/lib/libpthread-2.23.so
7f59ae1a9000-7f59ae1ad000 rw-p 00000000 00:00 0 
7f59ae1ad000-7f59ae1d0000 r-xp 00000000 00:12 166212                     /usr/lib/ld-2.23.so
7f59ae1d5000-7f59ae1d6000 rw-s 00000000 00:14 152077                     /dev/shm/sem.__AMD_GL_CACHE__05ba96eaa344c23c_32
7f59ae1d6000-7f59ae1d7000 rw-s 00005000 00:06 9675                       /dev/ati/card0
7f59ae1d7000-7f59ae1d9000 rw-s 0013e000 00:06 9675                       /dev/ati/card0
7f59ae1d9000-7f59ae29c000 rw-p 00000000 00:00 0 
7f59ae29c000-7f59ae29f000 ---p 00000000 00:00 0 
7f59ae29f000-7f59ae3a1000 rw-p 00000000 00:00 0                          [stack:7217]
7f59ae3a1000-7f59ae3a2000 rwxp 00000000 00:00 0 
7f59ae3a2000-7f59ae3a4000 r--s 0001e000 00:12 192149                     /usr/share/intellijidea-ce/lib/idea_rt.jar
7f59ae3a4000-7f59ae3b7000 r--s 00346000 00:12 172067                     /usr/lib/jvm/java-8-openjdk/jre/lib/resources.jar
7f59ae3b7000-7f59ae3b8000 r--s 00000000 00:12 172064                     /usr/lib/jvm/java-8-openjdk/jre/lib/management-agent.jar
7f59ae3b8000-7f59ae3bc000 r--s 00097000 00:12 172065                     /usr/lib/jvm/java-8-openjdk/jre/lib/jsse.jar
7f59ae3bc000-7f59ae3bf000 r--s 00015000 00:12 172062                     /usr/lib/jvm/java-8-openjdk/jre/lib/jce.jar
7f59ae3bf000-7f59ae3c5000 r--s 002f8000 00:12 172066                     /usr/lib/jvm/java-8-openjdk/jre/lib/charsets.jar
7f59ae3c5000-7f59ae3cd000 rw-s 00000000 00:23 172890                     /tmp/hsperfdata_albin/7216
7f59ae3cd000-7f59ae3ce000 rw-p 00000000 00:00 0 
7f59ae3ce000-7f59ae3cf000 r--p 00000000 00:00 0 
7f59ae3cf000-7f59ae3d0000 rw-p 00000000 00:00 0 
7f59ae3d0000-7f59ae3d1000 r--p 00023000 00:12 166212                     /usr/lib/ld-2.23.so
7f59ae3d1000-7f59ae3d2000 rw-p 00024000 00:12 166212                     /usr/lib/ld-2.23.so
7f59ae3d2000-7f59ae3d3000 rw-p 00000000 00:00 0 
7fffb3e6a000-7fffb3e8b000 rw-p 00000000 00:00 0                          [stack]
7fffb3f82000-7fffb3f84000 r--p 00000000 00:00 0                          [vvar]
7fffb3f84000-7fffb3f86000 r-xp 00000000 00:00 0                          [vdso]
ffffffffff600000-ffffffffff601000 r-xp 00000000 00:00 0                  [vsyscall]

VM Arguments:
jvm_args: -Djava.library.path=lwjgl/native/ -Didea.launcher.port=7539 -Didea.launcher.bin.path=/usr/share/intellijidea-ce/bin -Dfile.encoding=UTF-8 
java_command: com.intellij.rt.execution.application.AppMain se.liu.ida.albhe417.tddd78.game.Main
java_class_path (initial): /usr/lib/jvm/java-8-openjdk/jre/lib/charsets.jar:/usr/lib/jvm/java-8-openjdk/jre/lib/ext/cldrdata.jar:/usr/lib/jvm/java-8-openjdk/jre/lib/ext/dnsns.jar:/usr/lib/jvm/java-8-openjdk/jre/lib/ext/jaccess.jar:/usr/lib/jvm/java-8-openjdk/jre/lib/ext/localedata.jar:/usr/lib/jvm/java-8-openjdk/jre/lib/ext/nashorn.jar:/usr/lib/jvm/java-8-openjdk/jre/lib/ext/sunec.jar:/usr/lib/jvm/java-8-openjdk/jre/lib/ext/sunjce_provider.jar:/usr/lib/jvm/java-8-openjdk/jre/lib/ext/sunpkcs11.jar:/usr/lib/jvm/java-8-openjdk/jre/lib/ext/zipfs.jar:/usr/lib/jvm/java-8-openjdk/jre/lib/jce.jar:/usr/lib/jvm/java-8-openjdk/jre/lib/jsse.jar:/usr/lib/jvm/java-8-openjdk/jre/lib/management-agent.jar:/usr/lib/jvm/java-8-openjdk/jre/lib/resources.jar:/usr/lib/jvm/java-8-openjdk/jre/lib/rt.jar:/home/albin/TDDD78/out/production/projekt:/home/albin/TDDD78/lwjgl/jar/lwjgl.jar:/usr/share/intellijidea-ce/lib/idea_rt.jar
Launcher Type: SUN_STANDARD

Environment Variables:
PATH=/usr/local/sbin:/usr/local/bin:/usr/bin:/usr/lib/jvm/default/bin:/usr/bin/site_perl:/usr/bin/vendor_perl:/usr/bin/core_perl
USERNAME=albin
LD_LIBRARY_PATH=.:
SHELL=/bin/zsh
DISPLAY=:1

Signal Handlers:
SIGSEGV: [libjvm.so+0xa57b90], sa_mask[0]=11111111011111111101111111111110, sa_flags=SA_RESTART|SA_SIGINFO
SIGBUS: [libjvm.so+0xa57b90], sa_mask[0]=11111111011111111101111111111110, sa_flags=SA_RESTART|SA_SIGINFO
SIGFPE: [libjvm.so+0x8a40d0], sa_mask[0]=11111111011111111101111111111110, sa_flags=SA_RESTART|SA_SIGINFO
SIGPIPE: [libjvm.so+0x8a40d0], sa_mask[0]=11111111011111111101111111111110, sa_flags=SA_RESTART|SA_SIGINFO
SIGXFSZ: [libjvm.so+0x8a40d0], sa_mask[0]=11111111011111111101111111111110, sa_flags=SA_RESTART|SA_SIGINFO
SIGILL: [libjvm.so+0x8a40d0], sa_mask[0]=11111111011111111101111111111110, sa_flags=SA_RESTART|SA_SIGINFO
SIGUSR1: SIG_DFL, sa_mask[0]=00000000000000000000000000000000, sa_flags=none
SIGUSR2: [libjvm.so+0x8a3f80], sa_mask[0]=00100000000000000000000000000000, sa_flags=SA_RESTART|SA_SIGINFO
SIGHUP: [libjvm.so+0x8a4450], sa_mask[0]=11111111011111111101111111111110, sa_flags=SA_RESTART|SA_SIGINFO
SIGINT: [libjvm.so+0x8a4450], sa_mask[0]=11111111011111111101111111111110, sa_flags=SA_RESTART|SA_SIGINFO
SIGTERM: [libjvm.so+0x8a4450], sa_mask[0]=11111111011111111101111111111110, sa_flags=SA_RESTART|SA_SIGINFO
SIGQUIT: [libjvm.so+0x8a4450], sa_mask[0]=11111111011111111101111111111110, sa_flags=SA_RESTART|SA_SIGINFO


---------------  S Y S T E M  ---------------

OS:NAME="Arch Linux"
ID=arch
PRETTY_NAME="Arch Linux"
ANSI_COLOR="0;36"
HOME_URL="https://www.archlinux.org/"
SUPPORT_URL="https://bbs.archlinux.org/"
BUG_REPORT_URL="https://bugs.archlinux.org/"


uname:Linux 4.4.1-2-ARCH #1 SMP PREEMPT Wed Feb 3 13:12:33 UTC 2016 x86_64
libc:glibc 2.23 NPTL 2.23 
rlimit: STACK 8192k, CORE infinity, NPROC 63012, NOFILE 4096, AS infinity
load average:0,50 0,46 0,45

/proc/meminfo:
MemTotal:       16349936 kB
MemFree:         7524508 kB
MemAvailable:    7788252 kB
Buffers:            5252 kB
Cached:           347700 kB
SwapCached:            0 kB
Active:          3976984 kB
Inactive:         179908 kB
Active(anon):    3805212 kB
Inactive(anon):    68604 kB
Active(file):     171772 kB
Inactive(file):   111304 kB
Unevictable:         104 kB
Mlocked:        34359738472 kB
SwapTotal:             0 kB
SwapFree:              0 kB
Dirty:                16 kB
Writeback:             0 kB
AnonPages:       3804340 kB
Mapped:           808764 kB
Shmem:             69876 kB
Slab:             565728 kB
SReclaimable:      41064 kB
SUnreclaim:       524664 kB
KernelStack:       19040 kB
PageTables:        47852 kB
NFS_Unstable:          0 kB
Bounce:                0 kB
WritebackTmp:          0 kB
CommitLimit:     8174968 kB
Committed_AS:    9312912 kB
VmallocTotal:   34359738367 kB
VmallocUsed:           0 kB
VmallocChunk:          0 kB
HardwareCorrupted:     0 kB
AnonHugePages:   2148352 kB
HugePages_Total:       0
HugePages_Free:        0
HugePages_Rsvd:        0
HugePages_Surp:        0
Hugepagesize:       2048 kB
DirectMap4k:     2325688 kB
DirectMap2M:    10170368 kB
DirectMap1G:     6291456 kB


CPU:total 12 (6 cores per cpu, 2 threads per core) family 6 model 45 stepping 7, cmov, cx8, fxsr, mmx, sse, sse2, sse3, ssse3, sse4.1, sse4.2, popcnt, avx, aes, clmul, ht, tsc, tscinvbit, tscinv

/proc/cpuinfo:
processor	: 0
vendor_id	: GenuineIntel
cpu family	: 6
model		: 45
model name	: Intel(R) Core(TM) i7-3930K CPU @ 3.20GHz
stepping	: 7
microcode	: 0x710
cpu MHz		: 4399.750
cache size	: 12288 KB
physical id	: 0
siblings	: 12
core id		: 0
cpu cores	: 6
apicid		: 0
initial apicid	: 0
fpu		: yes
fpu_exception	: yes
cpuid level	: 13
wp		: yes
flags		: fpu vme de pse tsc msr pae mce cx8 apic sep mtrr pge mca cmov pat pse36 clflush dts acpi mmx fxsr sse sse2 ss ht tm pbe syscall nx pdpe1gb rdtscp lm constant_tsc arch_perfmon pebs bts rep_good nopl xtopology nonstop_tsc aperfmperf eagerfpu pni pclmulqdq dtes64 monitor ds_cpl vmx est tm2 ssse3 cx16 xtpr pdcm pcid dca sse4_1 sse4_2 x2apic popcnt tsc_deadline_timer aes xsave avx lahf_lm ida arat pln pts dtherm tpr_shadow vnmi flexpriority ept vpid xsaveopt
bugs		:
bogomips	: 6402.89
clflush size	: 64
cache_alignment	: 64
address sizes	: 46 bits physical, 48 bits virtual
power management:

processor	: 1
vendor_id	: GenuineIntel
cpu family	: 6
model		: 45
model name	: Intel(R) Core(TM) i7-3930K CPU @ 3.20GHz
stepping	: 7
microcode	: 0x710
cpu MHz		: 4399.875
cache size	: 12288 KB
physical id	: 0
siblings	: 12
core id		: 1
cpu cores	: 6
apicid		: 2
initial apicid	: 2
fpu		: yes
fpu_exception	: yes
cpuid level	: 13
wp		: yes
flags		: fpu vme de pse tsc msr pae mce cx8 apic sep mtrr pge mca cmov pat pse36 clflush dts acpi mmx fxsr sse sse2 ss ht tm pbe syscall nx pdpe1gb rdtscp lm constant_tsc arch_perfmon pebs bts rep_good nopl xtopology nonstop_tsc aperfmperf eagerfpu pni pclmulqdq dtes64 monitor ds_cpl vmx est tm2 ssse3 cx16 xtpr pdcm pcid dca sse4_1 sse4_2 x2apic popcnt tsc_deadline_timer aes xsave avx lahf_lm ida arat pln pts dtherm tpr_shadow vnmi flexpriority ept vpid xsaveopt
bugs		:
bogomips	: 6402.89
clflush size	: 64
cache_alignment	: 64
address sizes	: 46 bits physical, 48 bits virtual
power management:

processor	: 2
vendor_id	: GenuineIntel
cpu family	: 6
model		: 45
model name	: Intel(R) Core(TM) i7-3930K CPU @ 3.20GHz
stepping	: 7
microcode	: 0x710
cpu MHz		: 4399.750
cache size	: 12288 KB
physical id	: 0
siblings	: 12
core id		: 2
cpu cores	: 6
apicid		: 4
initial apicid	: 4
fpu		: yes
fpu_exception	: yes
cpuid level	: 13
wp		: yes
flags		: fpu vme de pse tsc msr pae mce cx8 apic sep mtrr pge mca cmov pat pse36 clflush dts acpi mmx fxsr sse sse2 ss ht tm pbe syscall nx pdpe1gb rdtscp lm constant_tsc arch_perfmon pebs bts rep_good nopl xtopology nonstop_tsc aperfmperf eagerfpu pni pclmulqdq dtes64 monitor ds_cpl vmx est tm2 ssse3 cx16 xtpr pdcm pcid dca sse4_1 sse4_2 x2apic popcnt tsc_deadline_timer aes xsave avx lahf_lm ida arat pln pts dtherm tpr_shadow vnmi flexpriority ept vpid xsaveopt
bugs		:
bogomips	: 6402.89
clflush size	: 64
cache_alignment	: 64
address sizes	: 46 bits physical, 48 bits virtual
power management:

processor	: 3
vendor_id	: GenuineIntel
cpu family	: 6
model		: 45
model name	: Intel(R) Core(TM) i7-3930K CPU @ 3.20GHz
stepping	: 7
microcode	: 0x710
cpu MHz		: 4399.875
cache size	: 12288 KB
physical id	: 0
siblings	: 12
core id		: 3
cpu cores	: 6
apicid		: 6
initial apicid	: 6
fpu		: yes
fpu_exception	: yes
cpuid level	: 13
wp		: yes
flags		: fpu vme de pse tsc msr pae mce cx8 apic sep mtrr pge mca cmov pat pse36 clflush dts acpi mmx fxsr sse sse2 ss ht tm pbe syscall nx pdpe1gb rdtscp lm constant_tsc arch_perfmon pebs bts rep_good nopl xtopology nonstop_tsc aperfmperf eagerfpu pni pclmulqdq dtes64 monitor ds_cpl vmx est tm2 ssse3 cx16 xtpr pdcm pcid dca sse4_1 sse4_2 x2apic popcnt tsc_deadline_timer aes xsave avx lahf_lm ida arat pln pts dtherm tpr_shadow vnmi flexpriority ept vpid xsaveopt
bugs		:
bogomips	: 6402.89
clflush size	: 64
cache_alignment	: 64
address sizes	: 46 bits physical, 48 bits virtual
power management:

processor	: 4
vendor_id	: GenuineIntel
cpu family	: 6
model		: 45
model name	: Intel(R) Core(TM) i7-3930K CPU @ 3.20GHz
stepping	: 7
microcode	: 0x710
cpu MHz		: 4400.000
cache size	: 12288 KB
physical id	: 0
siblings	: 12
core id		: 4
cpu cores	: 6
apicid		: 8
initial apicid	: 8
fpu		: yes
fpu_exception	: yes
cpuid level	: 13
wp		: yes
flags		: fpu vme de pse tsc msr pae mce cx8 apic sep mtrr pge mca cmov pat pse36 clflush dts acpi mmx fxsr sse sse2 ss ht tm pbe syscall nx pdpe1gb rdtscp lm constant_tsc arch_perfmon pebs bts rep_good nopl xtopology nonstop_tsc aperfmperf eagerfpu pni pclmulqdq dtes64 monitor ds_cpl vmx est tm2 ssse3 cx16 xtpr pdcm pcid dca sse4_1 sse4_2 x2apic popcnt tsc_deadline_timer aes xsave avx lahf_lm ida arat pln pts dtherm tpr_shadow vnmi flexpriority ept vpid xsaveopt
bugs		:
bogomips	: 6402.89
clflush size	: 64
cache_alignment	: 64
address sizes	: 46 bits physical, 48 bits virtual
power management:

processor	: 5
vendor_id	: GenuineIntel
cpu family	: 6
model		: 45
model name	: Intel(R) Core(TM) i7-3930K CPU @ 3.20GHz
stepping	: 7
microcode	: 0x710
cpu MHz		: 4383.625
cache size	: 12288 KB
physical id	: 0
siblings	: 12
core id		: 5
cpu cores	: 6
apicid		: 10
initial apicid	: 10
fpu		: yes
fpu_exception	: yes
cpuid level	: 13
wp		: yes
flags		: fpu vme de pse tsc msr pae mce cx8 apic sep mtrr pge mca cmov pat pse36 clflush dts acpi mmx fxsr sse sse2 ss ht tm pbe syscall nx pdpe1gb rdtscp lm constant_tsc arch_perfmon pebs bts rep_good nopl xtopology nonstop_tsc aperfmperf eagerfpu pni pclmulqdq dtes64 monitor ds_cpl vmx est tm2 ssse3 cx16 xtpr pdcm pcid dca sse4_1 sse4_2 x2apic popcnt tsc_deadline_timer aes xsave avx lahf_lm ida arat pln pts dtherm tpr_shadow vnmi flexpriority ept vpid xsaveopt
bugs		:
bogomips	: 6402.89
clflush size	: 64
cache_alignment	: 64
address sizes	: 46 bits physical, 48 bits virtual
power management:

processor	: 6
vendor_id	: GenuineIntel
cpu family	: 6
model		: 45
model name	: Intel(R) Core(TM) i7-3930K CPU @ 3.20GHz
stepping	: 7
microcode	: 0x710
cpu MHz		: 4307.125
cache size	: 12288 KB
physical id	: 0
siblings	: 12
core id		: 0
cpu cores	: 6
apicid		: 1
initial apicid	: 1
fpu		: yes
fpu_exception	: yes
cpuid level	: 13
wp		: yes
flags		: fpu vme de pse tsc msr pae mce cx8 apic sep mtrr pge mca cmov pat pse36 clflush dts acpi mmx fxsr sse sse2 ss ht tm pbe syscall nx pdpe1gb rdtscp lm constant_tsc arch_perfmon pebs bts rep_good nopl xtopology nonstop_tsc aperfmperf eagerfpu pni pclmulqdq dtes64 monitor ds_cpl vmx est tm2 ssse3 cx16 xtpr pdcm pcid dca sse4_1 sse4_2 x2apic popcnt tsc_deadline_timer aes xsave avx lahf_lm ida arat pln pts dtherm tpr_shadow vnmi flexpriority ept vpid xsaveopt
bugs		:
bogomips	: 6402.89
clflush size	: 64
cache_alignment	: 64
address sizes	: 46 bits physical, 48 bits virtual
power management:

processor	: 7
vendor_id	: GenuineIntel
cpu family	: 6
model		: 45
model name	: Intel(R) Core(TM) i7-3930K CPU @ 3.20GHz
stepping	: 7
microcode	: 0x710
cpu MHz		: 4399.875
cache size	: 12288 KB
physical id	: 0
siblings	: 12
core id		: 1
cpu cores	: 6
apicid		: 3
initial apicid	: 3
fpu		: yes
fpu_exception	: yes
cpuid level	: 13
wp		: yes
flags		: fpu vme de pse tsc msr pae mce cx8 apic sep mtrr pge mca cmov pat pse36 clflush dts acpi mmx fxsr sse sse2 ss ht tm pbe syscall nx pdpe1gb rdtscp lm constant_tsc arch_perfmon pebs bts rep_good nopl xtopology nonstop_tsc aperfmperf eagerfpu pni pclmulqdq dtes64 monitor ds_cpl vmx est tm2 ssse3 cx16 xtpr pdcm pcid dca sse4_1 sse4_2 x2apic popcnt tsc_deadline_timer aes xsave avx lahf_lm ida arat pln pts dtherm tpr_shadow vnmi flexpriority ept vpid xsaveopt
bugs		:
bogomips	: 6402.89
clflush size	: 64
cache_alignment	: 64
address sizes	: 46 bits physical, 48 bits virtual
power management:

processor	: 8
vendor_id	: GenuineIntel
cpu family	: 6
model		: 45
model name	: Intel(R) Core(TM) i7-3930K CPU @ 3.20GHz
stepping	: 7
microcode	: 0x710
cpu MHz		: 4399.875
cache size	: 12288 KB
physical id	: 0
siblings	: 12
core id		: 2
cpu cores	: 6
apicid		: 5
initial apicid	: 5
fpu		: yes
fpu_exception	: yes
cpuid level	: 13
wp		: yes
flags		: fpu vme de pse tsc msr pae mce cx8 apic sep mtrr pge mca cmov pat pse36 clflush dts acpi mmx fxsr sse sse2 ss ht tm pbe syscall nx pdpe1gb rdtscp lm constant_tsc arch_perfmon pebs bts rep_good nopl xtopology nonstop_tsc aperfmperf eagerfpu pni pclmulqdq dtes64 monitor ds_cpl vmx est tm2 ssse3 cx16 xtpr pdcm pcid dca sse4_1 sse4_2 x2apic popcnt tsc_deadline_timer aes xsave avx lahf_lm ida arat pln pts dtherm tpr_shadow vnmi flexpriority ept vpid xsaveopt
bugs		:
bogomips	: 6402.89
clflush size	: 64
cache_alignment	: 64
address sizes	: 46 bits physical, 48 bits virtual
power management:

processor	: 9
vendor_id	: GenuineIntel
cpu family	: 6
model		: 45
model name	: Intel(R) Core(TM) i7-3930K CPU @ 3.20GHz
stepping	: 7
microcode	: 0x710
cpu MHz		: 4364.125
cache size	: 12288 KB
physical id	: 0
siblings	: 12
core id		: 3
cpu cores	: 6
apicid		: 7
initial apicid	: 7
fpu		: yes
fpu_exception	: yes
cpuid level	: 13
wp		: yes
flags		: fpu vme de pse tsc msr pae mce cx8 apic sep mtrr pge mca cmov pat pse36 clflush dts acpi mmx fxsr sse sse2 ss ht tm pbe syscall nx pdpe1gb rdtscp lm constant_tsc arch_perfmon pebs bts rep_good nopl xtopology nonstop_tsc aperfmperf eagerfpu pni pclmulqdq dtes64 monitor ds_cpl vmx est tm2 ssse3 cx16 xtpr pdcm pcid dca sse4_1 sse4_2 x2apic popcnt tsc_deadline_timer aes xsave avx lahf_lm ida arat pln pts dtherm tpr_shadow vnmi flexpriority ept vpid xsaveopt
bugs		:
bogomips	: 6402.89
clflush size	: 64
cache_alignment	: 64
address sizes	: 46 bits physical, 48 bits virtual
power management:

processor	: 10
vendor_id	: GenuineIntel
cpu family	: 6
model		: 45
model name	: Intel(R) Core(TM) i7-3930K CPU @ 3.20GHz
stepping	: 7
microcode	: 0x710
cpu MHz		: 4399.750
cache size	: 12288 KB
physical id	: 0
siblings	: 12
core id		: 4
cpu cores	: 6
apicid		: 9
initial apicid	: 9
fpu		: yes
fpu_exception	: yes
cpuid level	: 13
wp		: yes
flags		: fpu vme de pse tsc msr pae mce cx8 apic sep mtrr pge mca cmov pat pse36 clflush dts acpi mmx fxsr sse sse2 ss ht tm pbe syscall nx pdpe1gb rdtscp lm constant_tsc arch_perfmon pebs bts rep_good nopl xtopology nonstop_tsc aperfmperf eagerfpu pni pclmulqdq dtes64 monitor ds_cpl vmx est tm2 ssse3 cx16 xtpr pdcm pcid dca sse4_1 sse4_2 x2apic popcnt tsc_deadline_timer aes xsave avx lahf_lm ida arat pln pts dtherm tpr_shadow vnmi flexpriority ept vpid xsaveopt
bugs		:
bogomips	: 6402.89
clflush size	: 64
cache_alignment	: 64
address sizes	: 46 bits physical, 48 bits virtual
power management:

processor	: 11
vendor_id	: GenuineIntel
cpu family	: 6
model		: 45
model name	: Intel(R) Core(TM) i7-3930K CPU @ 3.20GHz
stepping	: 7
microcode	: 0x710
cpu MHz		: 4400.000
cache size	: 12288 KB
physical id	: 0
siblings	: 12
core id		: 5
cpu cores	: 6
apicid		: 11
initial apicid	: 11
fpu		: yes
fpu_exception	: yes
cpuid level	: 13
wp		: yes
flags		: fpu vme de pse tsc msr pae mce cx8 apic sep mtrr pge mca cmov pat pse36 clflush dts acpi mmx fxsr sse sse2 ss ht tm pbe syscall nx pdpe1gb rdtscp lm constant_tsc arch_perfmon pebs bts rep_good nopl xtopology nonstop_tsc aperfmperf eagerfpu pni pclmulqdq dtes64 monitor ds_cpl vmx est tm2 ssse3 cx16 xtpr pdcm pcid dca sse4_1 sse4_2 x2apic popcnt tsc_deadline_timer aes xsave avx lahf_lm ida arat pln pts dtherm tpr_shadow vnmi flexpriority ept vpid xsaveopt
bugs		:
bogomips	: 6402.89
clflush size	: 64
cache_alignment	: 64
address sizes	: 46 bits physical, 48 bits virtual
power management:



Memory: 4k page, physical 16349936k(7524236k free), swap 0k(0k free)

vm_info: OpenJDK 64-Bit Server VM (25.74-b02) for linux-amd64 JRE (1.8.0_74-b02), built on Feb  8 2016 12:22:08 by "builduser" with gcc 5.3.0

time: Tue Mar  1 23:27:34 2016
elapsed time: 0 seconds (0d 0h 0m 0s)

