#
# A fatal error has been detected by the Java Runtime Environment:
#
#  SIGSEGV (0xb) at pc=0x00007fb92e3e84a3, pid=7153, tid=140433981110016
#
# JRE version: OpenJDK Runtime Environment (8.0_74-b02) (build 1.8.0_74-b02)
# Java VM: OpenJDK 64-Bit Server VM (25.74-b02 mixed mode linux-amd64 compressed oops)
# Problematic frame:
# C  [fglrx_dri.so+0x16734a3]
#
# Core dump written. Default location: /home/albin/TDDD78/core or core.7153
#
# If you would like to submit a bug report, please visit:
#   http://bugreport.java.com/bugreport/crash.jsp
# The crash happened outside the Java Virtual Machine in native code.
# See problematic frame for where to report the bug.
#

---------------  T H R E A D  ---------------

Current thread (0x00007fb94c009000):  JavaThread "main" [_thread_in_native, id=7154, stack(0x00007fb9557ef000,0x00007fb9558f0000)]

siginfo: si_signo: 11 (SIGSEGV), si_code: 1 (SEGV_MAPERR), si_addr: 0x00000000000000f0

Registers:
RAX=0x0000000000000000, RBX=0x00007fb94cbfc770, RCX=0x0000000000000000, RDX=0x00007fb9558ed908
RSP=0x00007fb9558ed500, RBP=0x00007fb94cbfab80, RSI=0x0000000000000000, RDI=0x00007fb94cbfc770
R8 =0x00007fb94cc21210, R9 =0x0000000000000140, R10=0x0000000000000400, R11=0x00007fb954c88420
R12=0x00007fb94cbfda10, R13=0x0000000000000001, R14=0x0000000000000001, R15=0x00007fb94cbfa690
RIP=0x00007fb92e3e84a3, EFLAGS=0x0000000000010246, CSGSFS=0x0000000000000033, ERR=0x0000000000000004
  TRAPNO=0x000000000000000e

Top of Stack: (sp=0x00007fb9558ed500)
0x00007fb9558ed500:   0000006e0000005c 0000000000000000
0x00007fb9558ed510:   0000000000000000 0000007c00000077
0x00007fb9558ed520:   00007fb94c563ab0 00007fb94c000020
0x00007fb9558ed530:   00007fb94cbfac80 0000000000000000
0x00007fb9558ed540:   00007fb9558ed908 00007fb94cbfab80
0x00007fb9558ed550:   00007fb9558ed908 0000000000000000
0x00007fb9558ed560:   00007fb94c563ab0 00007fb94c563ab0
0x00007fb9558ed570:   0000000000000022 00007fb92e40956c
0x00007fb9558ed580:   0000030000000044 00007fb9558ed908
0x00007fb9558ed590:   0000000000000001 0000000000000022
0x00007fb9558ed5a0:   00007fb94c563ab0 0000000000000400
0x00007fb9558ed5b0:   0000000000000300 00007fb92e409794
0x00007fb9558ed5c0:   00007fb9558ed6f4 00007fb94c56ccd0
0x00007fb9558ed5d0:   00007fb94ca5bb10 000000004c3a2570
0x00007fb9558ed5e0:   00007fb9558ed640 000000000000000f
0x00007fb9558ed5f0:   000000000000000f 00007fb92ef3116d
0x00007fb9558ed600:   00007fb9558ed6a0 00007fb94c51a4e0
0x00007fb9558ed610:   00007fb94c563ab0 0000000000000000
0x00007fb9558ed620:   0000000000000000 0000000000000000
0x00007fb9558ed630:   00007fb9558ed800 00007fb92e38d58a
0x00007fb9558ed640:   0000000000000044 00007fb9558ed8f0
0x00007fb9558ed650:   00007fb94cbf7b90 00007fb9558ed908
0x00007fb9558ed660:   0000000000000000 00007fb94c561ba0
0x00007fb9558ed670:   0000000000000000 00007fb92e3ead13
0x00007fb9558ed680:   00007fb9558ed6f4 0000000000000000
0x00007fb9558ed690:   00007fb94c56c9c0 00007fb94c563ab0
0x00007fb9558ed6a0:   00007fb94cc21d88 0000000000300000
0x00007fb9558ed6b0:   3f8000004cc21d88 00007fb94c67e760
0x00007fb9558ed6c0:   0000006e0000005d 0000000000000000
0x00007fb9558ed6d0:   0000000000000000 00007fb94c82e4c0
0x00007fb9558ed6e0:   00007fb9558ed8f0 00007fb94c67e760
0x00007fb9558ed6f0:   0000000b00000000 00007fb92dcc4774 

Instructions: (pc=0x00007fb92e3e84a3)
0x00007fb92e3e8483:   02 00 00 00 c7 85 e8 01 00 00 05 00 00 00 89 85
0x00007fb92e3e8493:   4c 02 00 00 48 8b 4c 24 38 48 89 8d 78 02 00 00
0x00007fb92e3e84a3:   0f b6 81 f0 00 00 00 c6 85 80 02 00 00 00 88 85
0x00007fb92e3e84b3:   f0 00 00 00 8b 82 80 00 00 00 89 85 84 02 00 00 

Register to memory mapping:

RAX=0x0000000000000000 is an unknown value
RBX=0x00007fb94cbfc770 is an unknown value
RCX=0x0000000000000000 is an unknown value
RDX=0x00007fb9558ed908 is pointing into the stack for thread: 0x00007fb94c009000
RSP=0x00007fb9558ed500 is pointing into the stack for thread: 0x00007fb94c009000
RBP=0x00007fb94cbfab80 is an unknown value
RSI=0x0000000000000000 is an unknown value
RDI=0x00007fb94cbfc770 is an unknown value
R8 =0x00007fb94cc21210 is an unknown value
R9 =0x0000000000000140 is an unknown value
R10=0x0000000000000400 is an unknown value
R11=0x00007fb954c88420: <offset 0x16d420> in /usr/lib/libc.so.6 at 0x00007fb954b1b000
R12=0x00007fb94cbfda10 is an unknown value
R13=0x0000000000000001 is an unknown value
R14=0x0000000000000001 is an unknown value
R15=0x00007fb94cbfa690 is an unknown value


Stack: [0x00007fb9557ef000,0x00007fb9558f0000],  sp=0x00007fb9558ed500,  free space=1017k
Native frames: (J=compiled Java code, j=interpreted, Vv=VM code, C=native code)
C  [fglrx_dri.so+0x16734a3]

Java frames: (J=compiled Java code, j=interpreted, Vv=VM code)
j  org.lwjgl.system.JNI.invokePV(JJ)V+0
j  org.lwjgl.glfw.GLFW.glfwSwapBuffers(J)V+20
j  se.liu.ida.albhe417.tddd78.game.Game.draw()V+4
j  se.liu.ida.albhe417.tddd78.game.Game.run()V+23
j  se.liu.ida.albhe417.tddd78.game.Main.main([Ljava/lang/String;)V+9
v  ~StubRoutines::call_stub
j  sun.reflect.NativeMethodAccessorImpl.invoke0(Ljava/lang/reflect/Method;Ljava/lang/Object;[Ljava/lang/Object;)Ljava/lang/Object;+0
j  sun.reflect.NativeMethodAccessorImpl.invoke(Ljava/lang/Object;[Ljava/lang/Object;)Ljava/lang/Object;+100
j  sun.reflect.DelegatingMethodAccessorImpl.invoke(Ljava/lang/Object;[Ljava/lang/Object;)Ljava/lang/Object;+6
j  java.lang.reflect.Method.invoke(Ljava/lang/Object;[Ljava/lang/Object;)Ljava/lang/Object;+56
j  com.intellij.rt.execution.application.AppMain.main([Ljava/lang/String;)V+180
v  ~StubRoutines::call_stub

---------------  P R O C E S S  ---------------

Java Threads: ( => current thread )
  0x00007fb94c275800 JavaThread "Monitor Ctrl-Break" daemon [_thread_in_native, id=7188, stack(0x00007fb9360ce000,0x00007fb9361cf000)]
  0x00007fb94c235000 JavaThread "Service Thread" daemon [_thread_blocked, id=7173, stack(0x00007fb9362d0000,0x00007fb9363d1000)]
  0x00007fb94c22a000 JavaThread "C1 CompilerThread3" daemon [_thread_blocked, id=7172, stack(0x00007fb9363d1000,0x00007fb9364d2000)]
  0x00007fb94c227800 JavaThread "C2 CompilerThread2" daemon [_thread_blocked, id=7171, stack(0x00007fb9364d2000,0x00007fb9365d3000)]
  0x00007fb94c226000 JavaThread "C2 CompilerThread1" daemon [_thread_blocked, id=7170, stack(0x00007fb9365d3000,0x00007fb9366d4000)]
  0x00007fb94c223000 JavaThread "C2 CompilerThread0" daemon [_thread_blocked, id=7169, stack(0x00007fb9366d4000,0x00007fb9367d5000)]
  0x00007fb94c221800 JavaThread "Signal Dispatcher" daemon [_thread_blocked, id=7168, stack(0x00007fb9367d5000,0x00007fb9368d6000)]
  0x00007fb94c1ee800 JavaThread "Finalizer" daemon [_thread_blocked, id=7167, stack(0x00007fb936bec000,0x00007fb936ced000)]
  0x00007fb94c1ea000 JavaThread "Reference Handler" daemon [_thread_blocked, id=7166, stack(0x00007fb936ced000,0x00007fb936dee000)]
=>0x00007fb94c009000 JavaThread "main" [_thread_in_native, id=7154, stack(0x00007fb9557ef000,0x00007fb9558f0000)]

Other Threads:
  0x00007fb94c1e2800 VMThread [stack: 0x00007fb936dee000,0x00007fb936eef000] [id=7165]
  0x00007fb94c237800 WatcherThread [stack: 0x00007fb9361cf000,0x00007fb9362d0000] [id=7174]

VM state:not at safepoint (normal execution)

VM Mutex/Monitor currently owned by a thread: None

Heap:
 PSYoungGen      total 74752K, used 5161K [0x000000076cd80000, 0x0000000772080000, 0x00000007c0000000)
  eden space 64512K, 8% used [0x000000076cd80000,0x000000076d28a400,0x0000000770c80000)
  from space 10240K, 0% used [0x0000000771680000,0x0000000771680000,0x0000000772080000)
  to   space 10240K, 0% used [0x0000000770c80000,0x0000000770c80000,0x0000000771680000)
 ParOldGen       total 171008K, used 0K [0x00000006c6800000, 0x00000006d0f00000, 0x000000076cd80000)
  object space 171008K, 0% used [0x00000006c6800000,0x00000006c6800000,0x00000006d0f00000)
 Metaspace       used 3769K, capacity 5080K, committed 5376K, reserved 1056768K
  class space    used 397K, capacity 456K, committed 512K, reserved 1048576K

Card table byte_map: [0x00007fb9522ef000,0x00007fb952abc000] byte_map_base: 0x00007fb94ecbb000

Marking Bits: (ParMarkBitMap*) 0x00007fb954b00400
 Begin Bits: [0x00007fb900340000, 0x00007fb9041a0000)
 End Bits:   [0x00007fb9041a0000, 0x00007fb908000000)

Polling page: 0x00007fb955921000

CodeCache: size=245760Kb used=1430Kb max_used=1430Kb free=244329Kb
 bounds [0x00007fb93d000000, 0x00007fb93d270000, 0x00007fb94c000000]
 total_blobs=579 nmethods=150 adapters=344
 compilation: enabled

Compilation events (10 events):
Event: 0,112 Thread 0x00007fb94c22a000  144       3       java.lang.reflect.Modifier::isFinal (13 bytes)
Event: 0,113 Thread 0x00007fb94c22a000 nmethod 144 0x00007fb93d163d10 code [0x00007fb93d163e80, 0x00007fb93d164010]
Event: 0,113 Thread 0x00007fb94c22a000  145       1       java.lang.reflect.Field::getDeclaringClass (5 bytes)
Event: 0,113 Thread 0x00007fb94c22a000 nmethod 145 0x00007fb93d163a50 code [0x00007fb93d163ba0, 0x00007fb93d163cb0]
Event: 0,113 Thread 0x00007fb94c22a000  146       3       java.lang.reflect.Field::setFieldAccessor (34 bytes)
Event: 0,113 Thread 0x00007fb94c22a000 nmethod 146 0x00007fb93d163410 code [0x00007fb93d1635a0, 0x00007fb93d163928]
Event: 0,113 Thread 0x00007fb94c22a000  147       3       sun.reflect.MagicAccessorImpl::<init> (5 bytes)
Event: 0,113 Thread 0x00007fb94c22a000 nmethod 147 0x00007fb93d163050 code [0x00007fb93d1631c0, 0x00007fb93d163370]
Event: 0,174 Thread 0x00007fb94c22a000  149   !   3       java.util.zip.Inflater::inflate (113 bytes)
Event: 0,174 Thread 0x00007fb94c22a000 nmethod 149 0x00007fb93d1654d0 code [0x00007fb93d1656a0, 0x00007fb93d165d18]

GC Heap History (0 events):
No events

Deoptimization events (0 events):
No events

Internal exceptions (2 events):
Event: 0,016 Thread 0x00007fb94c009000 Exception <a 'java/lang/NoSuchMethodError': Method sun.misc.Unsafe.defineClass(Ljava/lang/String;[BII)Ljava/lang/Class; name or signature does not match> (0x000000076cd87cc0) thrown at [/build/java8-openjdk/src/jdk8u-jdk8u74-b02/hotspot/src/share/vm/prims
Event: 0,016 Thread 0x00007fb94c009000 Exception <a 'java/lang/NoSuchMethodError': Method sun.misc.Unsafe.prefetchRead(Ljava/lang/Object;J)V name or signature does not match> (0x000000076cd87fa8) thrown at [/build/java8-openjdk/src/jdk8u-jdk8u74-b02/hotspot/src/share/vm/prims/jni.cpp, line 398

Events (10 events):
Event: 0,108 loading class org/lwjgl/glfw/GLFWErrorCallback$3$1
Event: 0,108 loading class org/lwjgl/glfw/GLFWErrorCallback$3$1 done
Event: 0,108 loading class org/lwjgl/glfw/GLFW
Event: 0,108 loading class org/lwjgl/glfw/GLFW done
Event: 0,112 loading class sun/reflect/UnsafeQualifiedStaticIntegerFieldAccessorImpl
Event: 0,112 loading class sun/reflect/UnsafeQualifiedStaticIntegerFieldAccessorImpl done
Event: 0,154 loading class org/lwjgl/glfw/EventLoop$OffScreen
Event: 0,154 loading class org/lwjgl/glfw/EventLoop$OffScreen done
Event: 0,174 loading class org/lwjgl/glfw/EventLoop$OnScreen
Event: 0,174 loading class org/lwjgl/glfw/EventLoop$OnScreen done


Dynamic libraries:
00400000-00401000 r-xp 00000000 00:12 172157                             /usr/lib/jvm/java-8-openjdk/jre/bin/java
00600000-00601000 rw-p 00000000 00:12 172157                             /usr/lib/jvm/java-8-openjdk/jre/bin/java
016bf000-016e0000 rw-p 00000000 00:00 0                                  [heap]
6c6800000-6d0f00000 rw-p 00000000 00:00 0 
6d0f00000-76cd80000 ---p 00000000 00:00 0 
76cd80000-772080000 rw-p 00000000 00:00 0 
772080000-7c0000000 ---p 00000000 00:00 0 
7c0000000-7c0080000 rw-p 00000000 00:00 0 
7c0080000-800000000 ---p 00000000 00:00 0 
7fb8cc000000-7fb8cc021000 rw-p 00000000 00:00 0 
7fb8cc021000-7fb8d0000000 ---p 00000000 00:00 0 
7fb8d4000000-7fb8d4021000 rw-p 00000000 00:00 0 
7fb8d4021000-7fb8d8000000 ---p 00000000 00:00 0 
7fb8d8000000-7fb8d8021000 rw-p 00000000 00:00 0 
7fb8d8021000-7fb8dc000000 ---p 00000000 00:00 0 
7fb8dc000000-7fb8dc088000 rw-p 00000000 00:00 0 
7fb8dc088000-7fb8e0000000 ---p 00000000 00:00 0 
7fb8e0000000-7fb8e0021000 rw-p 00000000 00:00 0 
7fb8e0021000-7fb8e4000000 ---p 00000000 00:00 0 
7fb8e4000000-7fb8e4021000 rw-p 00000000 00:00 0 
7fb8e4021000-7fb8e8000000 ---p 00000000 00:00 0 
7fb8e8000000-7fb8e8021000 rw-p 00000000 00:00 0 
7fb8e8021000-7fb8ec000000 ---p 00000000 00:00 0 
7fb8ec000000-7fb8ec021000 rw-p 00000000 00:00 0 
7fb8ec021000-7fb8f0000000 ---p 00000000 00:00 0 
7fb8f0000000-7fb8f0056000 rw-p 00000000 00:00 0 
7fb8f0056000-7fb8f4000000 ---p 00000000 00:00 0 
7fb8f4000000-7fb8f4021000 rw-p 00000000 00:00 0 
7fb8f4021000-7fb8f8000000 ---p 00000000 00:00 0 
7fb8f8000000-7fb8f8021000 rw-p 00000000 00:00 0 
7fb8f8021000-7fb8fc000000 ---p 00000000 00:00 0 
7fb8fc000000-7fb8fc021000 rw-p 00000000 00:00 0 
7fb8fc021000-7fb900000000 ---p 00000000 00:00 0 
7fb900340000-7fb908000000 rw-p 00000000 00:00 0 
7fb908000000-7fb908021000 rw-p 00000000 00:00 0 
7fb908021000-7fb90c000000 ---p 00000000 00:00 0 
7fb90f0ff000-7fb90f100000 ---p 00000000 00:00 0 
7fb90f100000-7fb90f900000 rw-p 00000000 00:00 0                          [stack:7198]
7fb90f900000-7fb910000000 rw-s 00006000 00:06 9675                       /dev/ati/card0
7fb910000000-7fb910021000 rw-p 00000000 00:00 0 
7fb910021000-7fb914000000 ---p 00000000 00:00 0 
7fb914000000-7fb914021000 rw-p 00000000 00:00 0 
7fb914021000-7fb918000000 ---p 00000000 00:00 0 
7fb918000000-7fb918021000 rw-p 00000000 00:00 0 
7fb918021000-7fb91c000000 ---p 00000000 00:00 0 
7fb91c000000-7fb91c021000 rw-p 00000000 00:00 0 
7fb91c021000-7fb920000000 ---p 00000000 00:00 0 
7fb920000000-7fb920021000 rw-p 00000000 00:00 0 
7fb920021000-7fb924000000 ---p 00000000 00:00 0 
7fb924000000-7fb924021000 rw-p 00000000 00:00 0 
7fb924021000-7fb928000000 ---p 00000000 00:00 0 
7fb928000000-7fb928021000 rw-p 00000000 00:00 0 
7fb928021000-7fb92c000000 ---p 00000000 00:00 0 
7fb92c4fe000-7fb92c5aa000 r-xp 00000000 00:12 197551                     /usr/lib/libatiadlxx.so
7fb92c5aa000-7fb92c6a9000 ---p 000ac000 00:12 197551                     /usr/lib/libatiadlxx.so
7fb92c6a9000-7fb92c6ac000 rw-p 000ab000 00:12 197551                     /usr/lib/libatiadlxx.so
7fb92c6ac000-7fb92c6bc000 rw-p 00000000 00:00 0 
7fb92c6bc000-7fb92c6cc000 r-xp 00000000 00:12 197561                     /usr/lib/libatiuki.so.1.0
7fb92c6cc000-7fb92c7cb000 ---p 00010000 00:12 197561                     /usr/lib/libatiuki.so.1.0
7fb92c7cb000-7fb92c7dd000 rw-p 0000f000 00:12 197561                     /usr/lib/libatiuki.so.1.0
7fb92c7dd000-7fb92c7f3000 r-xp 00000000 00:12 166862                     /usr/lib/libgcc_s.so.1
7fb92c7f3000-7fb92c9f2000 ---p 00016000 00:12 166862                     /usr/lib/libgcc_s.so.1
7fb92c9f2000-7fb92c9f3000 rw-p 00015000 00:12 166862                     /usr/lib/libgcc_s.so.1
7fb92c9f3000-7fb92cb65000 r-xp 00000000 00:12 166897                     /usr/lib/libstdc++.so.6.0.21
7fb92cb65000-7fb92cd65000 ---p 00172000 00:12 166897                     /usr/lib/libstdc++.so.6.0.21
7fb92cd65000-7fb92cd6f000 r--p 00172000 00:12 166897                     /usr/lib/libstdc++.so.6.0.21
7fb92cd6f000-7fb92cd71000 rw-p 0017c000 00:12 166897                     /usr/lib/libstdc++.so.6.0.21
7fb92cd71000-7fb92cd75000 rw-p 00000000 00:00 0 
7fb92cd75000-7fb92f303000 r-xp 00000000 00:12 197576                     /usr/lib/xorg/modules/dri/fglrx_dri.so
7fb92f303000-7fb92f402000 ---p 0258e000 00:12 197576                     /usr/lib/xorg/modules/dri/fglrx_dri.so
7fb92f402000-7fb92f5e5000 rwxp 0258d000 00:12 197576                     /usr/lib/xorg/modules/dri/fglrx_dri.so
7fb92f5e5000-7fb92f732000 rwxp 00000000 00:00 0 
7fb92f732000-7fb92f7dc000 r-xp 00000000 00:12 197568                     /usr/lib/fglrx/fglrx-libGL.so.1.2
7fb92f7dc000-7fb92f8dc000 ---p 000aa000 00:12 197568                     /usr/lib/fglrx/fglrx-libGL.so.1.2
7fb92f8dc000-7fb92f912000 rwxp 000aa000 00:12 197568                     /usr/lib/fglrx/fglrx-libGL.so.1.2
7fb92f912000-7fb92f92f000 rwxp 00000000 00:00 0 
7fb92f92f000-7fb92f9a3000 rw-p 00000000 00:00 0 
7fb92f9f0000-7fb92f9f5000 r-xp 00000000 00:12 49415                      /usr/lib/libXdmcp.so.6.0.0
7fb92f9f5000-7fb92fbf4000 ---p 00005000 00:12 49415                      /usr/lib/libXdmcp.so.6.0.0
7fb92fbf4000-7fb92fbf5000 r--p 00004000 00:12 49415                      /usr/lib/libXdmcp.so.6.0.0
7fb92fbf5000-7fb92fbf6000 rw-p 00005000 00:12 49415                      /usr/lib/libXdmcp.so.6.0.0
7fb92fbf6000-7fb92fbf8000 r-xp 00000000 00:12 49776                      /usr/lib/libXau.so.6.0.0
7fb92fbf8000-7fb92fdf8000 ---p 00002000 00:12 49776                      /usr/lib/libXau.so.6.0.0
7fb92fdf8000-7fb92fdf9000 r--p 00002000 00:12 49776                      /usr/lib/libXau.so.6.0.0
7fb92fdf9000-7fb92fdfa000 rw-p 00003000 00:12 49776                      /usr/lib/libXau.so.6.0.0
7fb92fdfa000-7fb92fdff000 r-xp 00000000 00:12 55469                      /usr/lib/libXfixes.so.3.1.0
7fb92fdff000-7fb92fffe000 ---p 00005000 00:12 55469                      /usr/lib/libXfixes.so.3.1.0
7fb92fffe000-7fb92ffff000 r--p 00004000 00:12 55469                      /usr/lib/libXfixes.so.3.1.0
7fb92ffff000-7fb930000000 rw-p 00005000 00:12 55469                      /usr/lib/libXfixes.so.3.1.0
7fb930000000-7fb930021000 rw-p 00000000 00:00 0 
7fb930021000-7fb934000000 ---p 00000000 00:00 0 
7fb934037000-7fb934040000 r-xp 00000000 00:12 55780                      /usr/lib/libXrender.so.1.3.0
7fb934040000-7fb93423f000 ---p 00009000 00:12 55780                      /usr/lib/libXrender.so.1.3.0
7fb93423f000-7fb934240000 r--p 00008000 00:12 55780                      /usr/lib/libXrender.so.1.3.0
7fb934240000-7fb934241000 rw-p 00009000 00:12 55780                      /usr/lib/libXrender.so.1.3.0
7fb934241000-7fb934252000 r-xp 00000000 00:12 55402                      /usr/lib/libXext.so.6.4.0
7fb934252000-7fb934451000 ---p 00011000 00:12 55402                      /usr/lib/libXext.so.6.4.0
7fb934451000-7fb934452000 r--p 00010000 00:12 55402                      /usr/lib/libXext.so.6.4.0
7fb934452000-7fb934453000 rw-p 00011000 00:12 55402                      /usr/lib/libXext.so.6.4.0
7fb934453000-7fb934474000 r-xp 00000000 00:12 52521                      /usr/lib/libxcb.so.1.1.0
7fb934474000-7fb934674000 ---p 00021000 00:12 52521                      /usr/lib/libxcb.so.1.1.0
7fb934674000-7fb934675000 r--p 00021000 00:12 52521                      /usr/lib/libxcb.so.1.1.0
7fb934675000-7fb934676000 rw-p 00022000 00:12 52521                      /usr/lib/libxcb.so.1.1.0
7fb934676000-7fb934680000 r-xp 00000000 00:12 55900                      /usr/lib/libXcursor.so.1.0.2
7fb934680000-7fb93487f000 ---p 0000a000 00:12 55900                      /usr/lib/libXcursor.so.1.0.2
7fb93487f000-7fb934880000 r--p 00009000 00:12 55900                      /usr/lib/libXcursor.so.1.0.2
7fb934880000-7fb934881000 rw-p 0000a000 00:12 55900                      /usr/lib/libXcursor.so.1.0.2
7fb934881000-7fb934886000 r-xp 00000000 00:12 55447                      /usr/lib/libXxf86vm.so.1.0.0
7fb934886000-7fb934a85000 ---p 00005000 00:12 55447                      /usr/lib/libXxf86vm.so.1.0.0
7fb934a85000-7fb934a86000 r--p 00004000 00:12 55447                      /usr/lib/libXxf86vm.so.1.0.0
7fb934a86000-7fb934a87000 rw-p 00005000 00:12 55447                      /usr/lib/libXxf86vm.so.1.0.0
7fb934a87000-7fb934a96000 r-xp 00000000 00:12 197359                     /usr/lib/libXi.so.6.1.0
7fb934a96000-7fb934c95000 ---p 0000f000 00:12 197359                     /usr/lib/libXi.so.6.1.0
7fb934c95000-7fb934c96000 r--p 0000e000 00:12 197359                     /usr/lib/libXi.so.6.1.0
7fb934c96000-7fb934c97000 rw-p 0000f000 00:12 197359                     /usr/lib/libXi.so.6.1.0
7fb934c97000-7fb934c99000 r-xp 00000000 00:12 56023                      /usr/lib/libXinerama.so.1.0.0
7fb934c99000-7fb934e98000 ---p 00002000 00:12 56023                      /usr/lib/libXinerama.so.1.0.0
7fb934e98000-7fb934e99000 r--p 00001000 00:12 56023                      /usr/lib/libXinerama.so.1.0.0
7fb934e99000-7fb934e9a000 rw-p 00002000 00:12 56023                      /usr/lib/libXinerama.so.1.0.0
7fb934e9a000-7fb934ea4000 r-xp 00000000 00:12 55818                      /usr/lib/libXrandr.so.2.2.0
7fb934ea4000-7fb9350a3000 ---p 0000a000 00:12 55818                      /usr/lib/libXrandr.so.2.2.0
7fb9350a3000-7fb9350a4000 r--p 00009000 00:12 55818                      /usr/lib/libXrandr.so.2.2.0
7fb9350a4000-7fb9350a5000 rw-p 0000a000 00:12 55818                      /usr/lib/libXrandr.so.2.2.0
7fb9350a5000-7fb9351e0000 r-xp 00000000 00:12 52652                      /usr/lib/libX11.so.6.3.0
7fb9351e0000-7fb9353df000 ---p 0013b000 00:12 52652                      /usr/lib/libX11.so.6.3.0
7fb9353df000-7fb9353e1000 r--p 0013a000 00:12 52652                      /usr/lib/libX11.so.6.3.0
7fb9353e1000-7fb9353e6000 rw-p 0013c000 00:12 52652                      /usr/lib/libX11.so.6.3.0
7fb9353e6000-7fb9353e7000 rw-p 00000000 00:00 0 
7fb9353e7000-7fb9353eb000 r-xp 00000000 00:25 101712                     /home/albin/TDDD78/lwjgl/native/libglfw.so
7fb9353eb000-7fb9353ff000 r-xp 00000000 00:00 0 
7fb9353ff000-7fb9355fe000 ---p 00018000 00:25 101712                     /home/albin/TDDD78/lwjgl/native/libglfw.so
7fb9355fe000-7fb9355ff000 rw-p 0000d000 00:25 101712                     /home/albin/TDDD78/lwjgl/native/libglfw.so
7fb9355ff000-7fb935a00000 rw-p 00000000 00:00 0 
7fb935a12000-7fb935a15000 r-xp 00000000 00:25 101715                     /home/albin/TDDD78/lwjgl/native/libjemalloc.so
7fb935a15000-7fb935a51000 r-xp 00000000 00:00 0 
7fb935a51000-7fb935c50000 ---p 0003f000 00:25 101715                     /home/albin/TDDD78/lwjgl/native/libjemalloc.so
7fb935c50000-7fb935c52000 r--p 0001c000 00:25 101715                     /home/albin/TDDD78/lwjgl/native/libjemalloc.so
7fb935c52000-7fb935c53000 rw-p 0001e000 00:25 101715                     /home/albin/TDDD78/lwjgl/native/libjemalloc.so
7fb935c53000-7fb935c54000 rw-p 00000000 00:00 0 
7fb935c54000-7fb935c61000 r-xp 00000000 00:25 101718                     /home/albin/TDDD78/lwjgl/native/liblwjgl.so
7fb935c61000-7fb935cb5000 r-xp 00000000 00:00 0 
7fb935cb5000-7fb935eb4000 ---p 00061000 00:25 101718                     /home/albin/TDDD78/lwjgl/native/liblwjgl.so
7fb935eb4000-7fb935eb6000 rw-p 00033000 00:25 101718                     /home/albin/TDDD78/lwjgl/native/liblwjgl.so
7fb935eb6000-7fb935eb7000 rw-p 00000000 00:00 0 
7fb935eb7000-7fb935ecd000 r-xp 00000000 00:12 172127                     /usr/lib/jvm/java-8-openjdk/jre/lib/amd64/libnet.so
7fb935ecd000-7fb9360cd000 ---p 00016000 00:12 172127                     /usr/lib/jvm/java-8-openjdk/jre/lib/amd64/libnet.so
7fb9360cd000-7fb9360ce000 rw-p 00016000 00:12 172127                     /usr/lib/jvm/java-8-openjdk/jre/lib/amd64/libnet.so
7fb9360ce000-7fb9360d1000 ---p 00000000 00:00 0 
7fb9360d1000-7fb9361cf000 rw-p 00000000 00:00 0                          [stack:7188]
7fb9361cf000-7fb9361d0000 ---p 00000000 00:00 0 
7fb9361d0000-7fb9362d0000 rw-p 00000000 00:00 0                          [stack:7174]
7fb9362d0000-7fb9362d3000 ---p 00000000 00:00 0 
7fb9362d3000-7fb9363d1000 rw-p 00000000 00:00 0                          [stack:7173]
7fb9363d1000-7fb9363d4000 ---p 00000000 00:00 0 
7fb9363d4000-7fb9364d2000 rw-p 00000000 00:00 0                          [stack:7172]
7fb9364d2000-7fb9364d5000 ---p 00000000 00:00 0 
7fb9364d5000-7fb9365d3000 rw-p 00000000 00:00 0                          [stack:7171]
7fb9365d3000-7fb9365d6000 ---p 00000000 00:00 0 
7fb9365d6000-7fb9366d4000 rw-p 00000000 00:00 0                          [stack:7170]
7fb9366d4000-7fb9366d7000 ---p 00000000 00:00 0 
7fb9366d7000-7fb9367d5000 rw-p 00000000 00:00 0                          [stack:7169]
7fb9367d5000-7fb9367d8000 ---p 00000000 00:00 0 
7fb9367d8000-7fb9368d6000 rw-p 00000000 00:00 0                          [stack:7168]
7fb9368d6000-7fb936bec000 r--p 00000000 00:12 166542                     /usr/lib/locale/locale-archive
7fb936bec000-7fb936bef000 ---p 00000000 00:00 0 
7fb936bef000-7fb936ced000 rw-p 00000000 00:00 0                          [stack:7167]
7fb936ced000-7fb936cf0000 ---p 00000000 00:00 0 
7fb936cf0000-7fb936dee000 rw-p 00000000 00:00 0                          [stack:7166]
7fb936dee000-7fb936def000 ---p 00000000 00:00 0 
7fb936def000-7fb938000000 rw-p 00000000 00:00 0                          [stack:7165]
7fb938000000-7fb938021000 rw-p 00000000 00:00 0 
7fb938021000-7fb93c000000 ---p 00000000 00:00 0 
7fb93c040000-7fb93c080000 rw-s 0008d000 00:06 9675                       /dev/ati/card0
7fb93c080000-7fb93c0c0000 rw-s 00004000 00:06 9675                       /dev/ati/card0
7fb93c0c0000-7fb93d000000 rw-p 00000000 00:00 0 
7fb93d000000-7fb93d270000 rwxp 00000000 00:00 0 
7fb93d270000-7fb94c000000 ---p 00000000 00:00 0 
7fb94c000000-7fb94cc45000 rw-p 00000000 00:00 0 
7fb94cc45000-7fb950000000 ---p 00000000 00:00 0 
7fb950009000-7fb95002c000 r--p 00000000 00:12 164996                     /usr/share/locale/sv/LC_MESSAGES/libc.mo
7fb95002c000-7fb950047000 r--s 001e6000 00:25 101704                     /home/albin/TDDD78/lwjgl/jar/lwjgl.jar
7fb950047000-7fb950148000 rw-p 00000000 00:00 0 
7fb950148000-7fb950315000 r--s 03be5000 00:12 172068                     /usr/lib/jvm/java-8-openjdk/jre/lib/rt.jar
7fb950315000-7fb9508a6000 rw-p 00000000 00:00 0 
7fb9508a6000-7fb950be6000 ---p 00000000 00:00 0 
7fb950be6000-7fb9513b2000 rw-p 00000000 00:00 0 
7fb9513b2000-7fb9513b3000 ---p 00000000 00:00 0 
7fb9513b3000-7fb9514b3000 rw-p 00000000 00:00 0                          [stack:7164]
7fb9514b3000-7fb9514b4000 ---p 00000000 00:00 0 
7fb9514b4000-7fb9515b4000 rw-p 00000000 00:00 0                          [stack:7163]
7fb9515b4000-7fb9515b5000 ---p 00000000 00:00 0 
7fb9515b5000-7fb9516b5000 rw-p 00000000 00:00 0                          [stack:7162]
7fb9516b5000-7fb9516b6000 ---p 00000000 00:00 0 
7fb9516b6000-7fb9517b6000 rw-p 00000000 00:00 0                          [stack:7161]
7fb9517b6000-7fb9517b7000 ---p 00000000 00:00 0 
7fb9517b7000-7fb9518b7000 rw-p 00000000 00:00 0                          [stack:7160]
7fb9518b7000-7fb9518b8000 ---p 00000000 00:00 0 
7fb9518b8000-7fb9519b8000 rw-p 00000000 00:00 0                          [stack:7159]
7fb9519b8000-7fb9519b9000 ---p 00000000 00:00 0 
7fb9519b9000-7fb951ab9000 rw-p 00000000 00:00 0                          [stack:7158]
7fb951ab9000-7fb951aba000 ---p 00000000 00:00 0 
7fb951aba000-7fb951bba000 rw-p 00000000 00:00 0                          [stack:7157]
7fb951bba000-7fb951bbb000 ---p 00000000 00:00 0 
7fb951bbb000-7fb951cbb000 rw-p 00000000 00:00 0                          [stack:7156]
7fb951cbb000-7fb951cbc000 ---p 00000000 00:00 0 
7fb951cbc000-7fb951e10000 rw-p 00000000 00:00 0                          [stack:7155]
7fb951e10000-7fb9522ef000 ---p 00000000 00:00 0 
7fb9522ef000-7fb952343000 rw-p 00000000 00:00 0 
7fb952343000-7fb952821000 ---p 00000000 00:00 0 
7fb952821000-7fb95284c000 rw-p 00000000 00:00 0 
7fb95284c000-7fb952abb000 ---p 00000000 00:00 0 
7fb952abb000-7fb952ac6000 rw-p 00000000 00:00 0 
7fb952ac6000-7fb952e7c000 ---p 00000000 00:00 0 
7fb952e7c000-7fb952e84000 r-xp 00000000 00:12 172125                     /usr/lib/jvm/java-8-openjdk/jre/lib/amd64/libzip.so
7fb952e84000-7fb953083000 ---p 00008000 00:12 172125                     /usr/lib/jvm/java-8-openjdk/jre/lib/amd64/libzip.so
7fb953083000-7fb953084000 rw-p 00007000 00:12 172125                     /usr/lib/jvm/java-8-openjdk/jre/lib/amd64/libzip.so
7fb953084000-7fb95308f000 r-xp 00000000 00:12 166265                     /usr/lib/libnss_files-2.23.so
7fb95308f000-7fb95328e000 ---p 0000b000 00:12 166265                     /usr/lib/libnss_files-2.23.so
7fb95328e000-7fb95328f000 r--p 0000a000 00:12 166265                     /usr/lib/libnss_files-2.23.so
7fb95328f000-7fb953290000 rw-p 0000b000 00:12 166265                     /usr/lib/libnss_files-2.23.so
7fb953290000-7fb953296000 rw-p 00000000 00:00 0 
7fb953296000-7fb9532c2000 r-xp 00000000 00:12 172124                     /usr/lib/jvm/java-8-openjdk/jre/lib/amd64/libjava.so
7fb9532c2000-7fb9534c2000 ---p 0002c000 00:12 172124                     /usr/lib/jvm/java-8-openjdk/jre/lib/amd64/libjava.so
7fb9534c2000-7fb9534c4000 rw-p 0002c000 00:12 172124                     /usr/lib/jvm/java-8-openjdk/jre/lib/amd64/libjava.so
7fb9534c4000-7fb9534d1000 r-xp 00000000 00:12 172116                     /usr/lib/jvm/java-8-openjdk/jre/lib/amd64/libverify.so
7fb9534d1000-7fb9536d0000 ---p 0000d000 00:12 172116                     /usr/lib/jvm/java-8-openjdk/jre/lib/amd64/libverify.so
7fb9536d0000-7fb9536d2000 rw-p 0000c000 00:12 172116                     /usr/lib/jvm/java-8-openjdk/jre/lib/amd64/libverify.so
7fb9536d2000-7fb9536d9000 r-xp 00000000 00:12 166274                     /usr/lib/librt-2.23.so
7fb9536d9000-7fb9538d8000 ---p 00007000 00:12 166274                     /usr/lib/librt-2.23.so
7fb9538d8000-7fb9538d9000 r--p 00006000 00:12 166274                     /usr/lib/librt-2.23.so
7fb9538d9000-7fb9538da000 rw-p 00007000 00:12 166274                     /usr/lib/librt-2.23.so
7fb9538da000-7fb9539dd000 r-xp 00000000 00:12 166271                     /usr/lib/libm-2.23.so
7fb9539dd000-7fb953bdd000 ---p 00103000 00:12 166271                     /usr/lib/libm-2.23.so
7fb953bdd000-7fb953bde000 r--p 00103000 00:12 166271                     /usr/lib/libm-2.23.so
7fb953bde000-7fb953bdf000 rw-p 00104000 00:12 166271                     /usr/lib/libm-2.23.so
7fb953bdf000-7fb954831000 r-xp 00000000 00:12 172148                     /usr/lib/jvm/java-8-openjdk/jre/lib/amd64/server/libjvm.so
7fb954831000-7fb954a31000 ---p 00c52000 00:12 172148                     /usr/lib/jvm/java-8-openjdk/jre/lib/amd64/server/libjvm.so
7fb954a31000-7fb954aed000 rw-p 00c52000 00:12 172148                     /usr/lib/jvm/java-8-openjdk/jre/lib/amd64/server/libjvm.so
7fb954aed000-7fb954b1b000 rw-p 00000000 00:00 0 
7fb954b1b000-7fb954cb3000 r-xp 00000000 00:12 166213                     /usr/lib/libc-2.23.so
7fb954cb3000-7fb954eb2000 ---p 00198000 00:12 166213                     /usr/lib/libc-2.23.so
7fb954eb2000-7fb954eb6000 r--p 00197000 00:12 166213                     /usr/lib/libc-2.23.so
7fb954eb6000-7fb954eb8000 rw-p 0019b000 00:12 166213                     /usr/lib/libc-2.23.so
7fb954eb8000-7fb954ebc000 rw-p 00000000 00:00 0 
7fb954ebc000-7fb954ebe000 r-xp 00000000 00:12 166270                     /usr/lib/libdl-2.23.so
7fb954ebe000-7fb9550be000 ---p 00002000 00:12 166270                     /usr/lib/libdl-2.23.so
7fb9550be000-7fb9550bf000 r--p 00002000 00:12 166270                     /usr/lib/libdl-2.23.so
7fb9550bf000-7fb9550c0000 rw-p 00003000 00:12 166270                     /usr/lib/libdl-2.23.so
7fb9550c0000-7fb9550cd000 r-xp 00000000 00:12 172145                     /usr/lib/jvm/java-8-openjdk/jre/lib/amd64/jli/libjli.so
7fb9550cd000-7fb9552cc000 ---p 0000d000 00:12 172145                     /usr/lib/jvm/java-8-openjdk/jre/lib/amd64/jli/libjli.so
7fb9552cc000-7fb9552cd000 rw-p 0000c000 00:12 172145                     /usr/lib/jvm/java-8-openjdk/jre/lib/amd64/jli/libjli.so
7fb9552cd000-7fb9552e2000 r-xp 00000000 00:12 6814                       /usr/lib/libz.so.1.2.8
7fb9552e2000-7fb9554e1000 ---p 00015000 00:12 6814                       /usr/lib/libz.so.1.2.8
7fb9554e1000-7fb9554e2000 r--p 00014000 00:12 6814                       /usr/lib/libz.so.1.2.8
7fb9554e2000-7fb9554e3000 rw-p 00015000 00:12 6814                       /usr/lib/libz.so.1.2.8
7fb9554e3000-7fb9554fb000 r-xp 00000000 00:12 166190                     /usr/lib/libpthread-2.23.so
7fb9554fb000-7fb9556fa000 ---p 00018000 00:12 166190                     /usr/lib/libpthread-2.23.so
7fb9556fa000-7fb9556fb000 r--p 00017000 00:12 166190                     /usr/lib/libpthread-2.23.so
7fb9556fb000-7fb9556fc000 rw-p 00018000 00:12 166190                     /usr/lib/libpthread-2.23.so
7fb9556fc000-7fb955700000 rw-p 00000000 00:00 0 
7fb955700000-7fb955723000 r-xp 00000000 00:12 166212                     /usr/lib/ld-2.23.so
7fb955728000-7fb955729000 rw-s 00000000 00:14 152077                     /dev/shm/sem.__AMD_GL_CACHE__05ba96eaa344c23c_32
7fb955729000-7fb95572a000 rw-s 00005000 00:06 9675                       /dev/ati/card0
7fb95572a000-7fb95572c000 rw-s 0013e000 00:06 9675                       /dev/ati/card0
7fb95572c000-7fb9557ef000 rw-p 00000000 00:00 0 
7fb9557ef000-7fb9557f2000 ---p 00000000 00:00 0 
7fb9557f2000-7fb9558f4000 rw-p 00000000 00:00 0                          [stack:7154]
7fb9558f4000-7fb9558f5000 rwxp 00000000 00:00 0 
7fb9558f5000-7fb9558f7000 r--s 0001e000 00:12 192149                     /usr/share/intellijidea-ce/lib/idea_rt.jar
7fb9558f7000-7fb95590a000 r--s 00346000 00:12 172067                     /usr/lib/jvm/java-8-openjdk/jre/lib/resources.jar
7fb95590a000-7fb95590b000 r--s 00000000 00:12 172064                     /usr/lib/jvm/java-8-openjdk/jre/lib/management-agent.jar
7fb95590b000-7fb95590f000 r--s 00097000 00:12 172065                     /usr/lib/jvm/java-8-openjdk/jre/lib/jsse.jar
7fb95590f000-7fb955912000 r--s 00015000 00:12 172062                     /usr/lib/jvm/java-8-openjdk/jre/lib/jce.jar
7fb955912000-7fb955918000 r--s 002f8000 00:12 172066                     /usr/lib/jvm/java-8-openjdk/jre/lib/charsets.jar
7fb955918000-7fb955920000 rw-s 00000000 00:23 174833                     /tmp/hsperfdata_albin/7153
7fb955920000-7fb955921000 rw-p 00000000 00:00 0 
7fb955921000-7fb955922000 r--p 00000000 00:00 0 
7fb955922000-7fb955923000 rw-p 00000000 00:00 0 
7fb955923000-7fb955924000 r--p 00023000 00:12 166212                     /usr/lib/ld-2.23.so
7fb955924000-7fb955925000 rw-p 00024000 00:12 166212                     /usr/lib/ld-2.23.so
7fb955925000-7fb955926000 rw-p 00000000 00:00 0 
7ffd2f695000-7ffd2f6b6000 rw-p 00000000 00:00 0                          [stack]
7ffd2f7f4000-7ffd2f7f6000 r--p 00000000 00:00 0                          [vvar]
7ffd2f7f6000-7ffd2f7f8000 r-xp 00000000 00:00 0                          [vdso]
ffffffffff600000-ffffffffff601000 r-xp 00000000 00:00 0                  [vsyscall]

VM Arguments:
jvm_args: -Djava.library.path=lwjgl/native/ -Didea.launcher.port=7538 -Didea.launcher.bin.path=/usr/share/intellijidea-ce/bin -Dfile.encoding=UTF-8 
java_command: com.intellij.rt.execution.application.AppMain se.liu.ida.albhe417.tddd78.game.Main
java_class_path (initial): /usr/lib/jvm/java-8-openjdk/jre/lib/charsets.jar:/usr/lib/jvm/java-8-openjdk/jre/lib/ext/cldrdata.jar:/usr/lib/jvm/java-8-openjdk/jre/lib/ext/dnsns.jar:/usr/lib/jvm/java-8-openjdk/jre/lib/ext/jaccess.jar:/usr/lib/jvm/java-8-openjdk/jre/lib/ext/localedata.jar:/usr/lib/jvm/java-8-openjdk/jre/lib/ext/nashorn.jar:/usr/lib/jvm/java-8-openjdk/jre/lib/ext/sunec.jar:/usr/lib/jvm/java-8-openjdk/jre/lib/ext/sunjce_provider.jar:/usr/lib/jvm/java-8-openjdk/jre/lib/ext/sunpkcs11.jar:/usr/lib/jvm/java-8-openjdk/jre/lib/ext/zipfs.jar:/usr/lib/jvm/java-8-openjdk/jre/lib/jce.jar:/usr/lib/jvm/java-8-openjdk/jre/lib/jsse.jar:/usr/lib/jvm/java-8-openjdk/jre/lib/management-agent.jar:/usr/lib/jvm/java-8-openjdk/jre/lib/resources.jar:/usr/lib/jvm/java-8-openjdk/jre/lib/rt.jar:/home/albin/TDDD78/out/production/projekt:/home/albin/TDDD78/lwjgl/jar/lwjgl.jar:/usr/share/intellijidea-ce/lib/idea_rt.jar
Launcher Type: SUN_STANDARD

Environment Variables:
PATH=/usr/local/sbin:/usr/local/bin:/usr/bin:/usr/lib/jvm/default/bin:/usr/bin/site_perl:/usr/bin/vendor_perl:/usr/bin/core_perl
USERNAME=albin
LD_LIBRARY_PATH=.:
SHELL=/bin/zsh
DISPLAY=:1

Signal Handlers:
SIGSEGV: [libjvm.so+0xa57b90], sa_mask[0]=11111111011111111101111111111110, sa_flags=SA_RESTART|SA_SIGINFO
SIGBUS: [libjvm.so+0xa57b90], sa_mask[0]=11111111011111111101111111111110, sa_flags=SA_RESTART|SA_SIGINFO
SIGFPE: [libjvm.so+0x8a40d0], sa_mask[0]=11111111011111111101111111111110, sa_flags=SA_RESTART|SA_SIGINFO
SIGPIPE: [libjvm.so+0x8a40d0], sa_mask[0]=11111111011111111101111111111110, sa_flags=SA_RESTART|SA_SIGINFO
SIGXFSZ: [libjvm.so+0x8a40d0], sa_mask[0]=11111111011111111101111111111110, sa_flags=SA_RESTART|SA_SIGINFO
SIGILL: [libjvm.so+0x8a40d0], sa_mask[0]=11111111011111111101111111111110, sa_flags=SA_RESTART|SA_SIGINFO
SIGUSR1: SIG_DFL, sa_mask[0]=00000000000000000000000000000000, sa_flags=none
SIGUSR2: [libjvm.so+0x8a3f80], sa_mask[0]=00100000000000000000000000000000, sa_flags=SA_RESTART|SA_SIGINFO
SIGHUP: [libjvm.so+0x8a4450], sa_mask[0]=11111111011111111101111111111110, sa_flags=SA_RESTART|SA_SIGINFO
SIGINT: [libjvm.so+0x8a4450], sa_mask[0]=11111111011111111101111111111110, sa_flags=SA_RESTART|SA_SIGINFO
SIGTERM: [libjvm.so+0x8a4450], sa_mask[0]=11111111011111111101111111111110, sa_flags=SA_RESTART|SA_SIGINFO
SIGQUIT: [libjvm.so+0x8a4450], sa_mask[0]=11111111011111111101111111111110, sa_flags=SA_RESTART|SA_SIGINFO


---------------  S Y S T E M  ---------------

OS:NAME="Arch Linux"
ID=arch
PRETTY_NAME="Arch Linux"
ANSI_COLOR="0;36"
HOME_URL="https://www.archlinux.org/"
SUPPORT_URL="https://bbs.archlinux.org/"
BUG_REPORT_URL="https://bugs.archlinux.org/"


uname:Linux 4.4.1-2-ARCH #1 SMP PREEMPT Wed Feb 3 13:12:33 UTC 2016 x86_64
libc:glibc 2.23 NPTL 2.23 
rlimit: STACK 8192k, CORE infinity, NPROC 63012, NOFILE 4096, AS infinity
load average:0,38 0,43 0,44

/proc/meminfo:
MemTotal:       16349936 kB
MemFree:         7557116 kB
MemAvailable:    7820764 kB
Buffers:            5252 kB
Cached:           348008 kB
SwapCached:            0 kB
Active:          3972808 kB
Inactive:         180980 kB
Active(anon):    3801068 kB
Inactive(anon):    69688 kB
Active(file):     171740 kB
Inactive(file):   111292 kB
Unevictable:         104 kB
Mlocked:        34359738472 kB
SwapTotal:             0 kB
SwapFree:              0 kB
Dirty:               188 kB
Writeback:             0 kB
AnonPages:       3800100 kB
Mapped:           808924 kB
Shmem:             70228 kB
Slab:             565260 kB
SReclaimable:      41012 kB
SUnreclaim:       524248 kB
KernelStack:       19008 kB
PageTables:        47352 kB
NFS_Unstable:          0 kB
Bounce:                0 kB
WritebackTmp:          0 kB
CommitLimit:     8174968 kB
Committed_AS:    9304244 kB
VmallocTotal:   34359738367 kB
VmallocUsed:           0 kB
VmallocChunk:          0 kB
HardwareCorrupted:     0 kB
AnonHugePages:   2113536 kB
HugePages_Total:       0
HugePages_Free:        0
HugePages_Rsvd:        0
HugePages_Surp:        0
Hugepagesize:       2048 kB
DirectMap4k:     2325688 kB
DirectMap2M:    10170368 kB
DirectMap1G:     6291456 kB


CPU:total 12 (6 cores per cpu, 2 threads per core) family 6 model 45 stepping 7, cmov, cx8, fxsr, mmx, sse, sse2, sse3, ssse3, sse4.1, sse4.2, popcnt, avx, aes, clmul, ht, tsc, tscinvbit, tscinv

/proc/cpuinfo:
processor	: 0
vendor_id	: GenuineIntel
cpu family	: 6
model		: 45
model name	: Intel(R) Core(TM) i7-3930K CPU @ 3.20GHz
stepping	: 7
microcode	: 0x710
cpu MHz		: 4399.875
cache size	: 12288 KB
physical id	: 0
siblings	: 12
core id		: 0
cpu cores	: 6
apicid		: 0
initial apicid	: 0
fpu		: yes
fpu_exception	: yes
cpuid level	: 13
wp		: yes
flags		: fpu vme de pse tsc msr pae mce cx8 apic sep mtrr pge mca cmov pat pse36 clflush dts acpi mmx fxsr sse sse2 ss ht tm pbe syscall nx pdpe1gb rdtscp lm constant_tsc arch_perfmon pebs bts rep_good nopl xtopology nonstop_tsc aperfmperf eagerfpu pni pclmulqdq dtes64 monitor ds_cpl vmx est tm2 ssse3 cx16 xtpr pdcm pcid dca sse4_1 sse4_2 x2apic popcnt tsc_deadline_timer aes xsave avx lahf_lm ida arat pln pts dtherm tpr_shadow vnmi flexpriority ept vpid xsaveopt
bugs		:
bogomips	: 6402.89
clflush size	: 64
cache_alignment	: 64
address sizes	: 46 bits physical, 48 bits virtual
power management:

processor	: 1
vendor_id	: GenuineIntel
cpu family	: 6
model		: 45
model name	: Intel(R) Core(TM) i7-3930K CPU @ 3.20GHz
stepping	: 7
microcode	: 0x710
cpu MHz		: 4399.875
cache size	: 12288 KB
physical id	: 0
siblings	: 12
core id		: 1
cpu cores	: 6
apicid		: 2
initial apicid	: 2
fpu		: yes
fpu_exception	: yes
cpuid level	: 13
wp		: yes
flags		: fpu vme de pse tsc msr pae mce cx8 apic sep mtrr pge mca cmov pat pse36 clflush dts acpi mmx fxsr sse sse2 ss ht tm pbe syscall nx pdpe1gb rdtscp lm constant_tsc arch_perfmon pebs bts rep_good nopl xtopology nonstop_tsc aperfmperf eagerfpu pni pclmulqdq dtes64 monitor ds_cpl vmx est tm2 ssse3 cx16 xtpr pdcm pcid dca sse4_1 sse4_2 x2apic popcnt tsc_deadline_timer aes xsave avx lahf_lm ida arat pln pts dtherm tpr_shadow vnmi flexpriority ept vpid xsaveopt
bugs		:
bogomips	: 6402.89
clflush size	: 64
cache_alignment	: 64
address sizes	: 46 bits physical, 48 bits virtual
power management:

processor	: 2
vendor_id	: GenuineIntel
cpu family	: 6
model		: 45
model name	: Intel(R) Core(TM) i7-3930K CPU @ 3.20GHz
stepping	: 7
microcode	: 0x710
cpu MHz		: 4400.000
cache size	: 12288 KB
physical id	: 0
siblings	: 12
core id		: 2
cpu cores	: 6
apicid		: 4
initial apicid	: 4
fpu		: yes
fpu_exception	: yes
cpuid level	: 13
wp		: yes
flags		: fpu vme de pse tsc msr pae mce cx8 apic sep mtrr pge mca cmov pat pse36 clflush dts acpi mmx fxsr sse sse2 ss ht tm pbe syscall nx pdpe1gb rdtscp lm constant_tsc arch_perfmon pebs bts rep_good nopl xtopology nonstop_tsc aperfmperf eagerfpu pni pclmulqdq dtes64 monitor ds_cpl vmx est tm2 ssse3 cx16 xtpr pdcm pcid dca sse4_1 sse4_2 x2apic popcnt tsc_deadline_timer aes xsave avx lahf_lm ida arat pln pts dtherm tpr_shadow vnmi flexpriority ept vpid xsaveopt
bugs		:
bogomips	: 6402.89
clflush size	: 64
cache_alignment	: 64
address sizes	: 46 bits physical, 48 bits virtual
power management:

processor	: 3
vendor_id	: GenuineIntel
cpu family	: 6
model		: 45
model name	: Intel(R) Core(TM) i7-3930K CPU @ 3.20GHz
stepping	: 7
microcode	: 0x710
cpu MHz		: 4400.000
cache size	: 12288 KB
physical id	: 0
siblings	: 12
core id		: 3
cpu cores	: 6
apicid		: 6
initial apicid	: 6
fpu		: yes
fpu_exception	: yes
cpuid level	: 13
wp		: yes
flags		: fpu vme de pse tsc msr pae mce cx8 apic sep mtrr pge mca cmov pat pse36 clflush dts acpi mmx fxsr sse sse2 ss ht tm pbe syscall nx pdpe1gb rdtscp lm constant_tsc arch_perfmon pebs bts rep_good nopl xtopology nonstop_tsc aperfmperf eagerfpu pni pclmulqdq dtes64 monitor ds_cpl vmx est tm2 ssse3 cx16 xtpr pdcm pcid dca sse4_1 sse4_2 x2apic popcnt tsc_deadline_timer aes xsave avx lahf_lm ida arat pln pts dtherm tpr_shadow vnmi flexpriority ept vpid xsaveopt
bugs		:
bogomips	: 6402.89
clflush size	: 64
cache_alignment	: 64
address sizes	: 46 bits physical, 48 bits virtual
power management:

processor	: 4
vendor_id	: GenuineIntel
cpu family	: 6
model		: 45
model name	: Intel(R) Core(TM) i7-3930K CPU @ 3.20GHz
stepping	: 7
microcode	: 0x710
cpu MHz		: 4400.000
cache size	: 12288 KB
physical id	: 0
siblings	: 12
core id		: 4
cpu cores	: 6
apicid		: 8
initial apicid	: 8
fpu		: yes
fpu_exception	: yes
cpuid level	: 13
wp		: yes
flags		: fpu vme de pse tsc msr pae mce cx8 apic sep mtrr pge mca cmov pat pse36 clflush dts acpi mmx fxsr sse sse2 ss ht tm pbe syscall nx pdpe1gb rdtscp lm constant_tsc arch_perfmon pebs bts rep_good nopl xtopology nonstop_tsc aperfmperf eagerfpu pni pclmulqdq dtes64 monitor ds_cpl vmx est tm2 ssse3 cx16 xtpr pdcm pcid dca sse4_1 sse4_2 x2apic popcnt tsc_deadline_timer aes xsave avx lahf_lm ida arat pln pts dtherm tpr_shadow vnmi flexpriority ept vpid xsaveopt
bugs		:
bogomips	: 6402.89
clflush size	: 64
cache_alignment	: 64
address sizes	: 46 bits physical, 48 bits virtual
power management:

processor	: 5
vendor_id	: GenuineIntel
cpu family	: 6
model		: 45
model name	: Intel(R) Core(TM) i7-3930K CPU @ 3.20GHz
stepping	: 7
microcode	: 0x710
cpu MHz		: 4399.875
cache size	: 12288 KB
physical id	: 0
siblings	: 12
core id		: 5
cpu cores	: 6
apicid		: 10
initial apicid	: 10
fpu		: yes
fpu_exception	: yes
cpuid level	: 13
wp		: yes
flags		: fpu vme de pse tsc msr pae mce cx8 apic sep mtrr pge mca cmov pat pse36 clflush dts acpi mmx fxsr sse sse2 ss ht tm pbe syscall nx pdpe1gb rdtscp lm constant_tsc arch_perfmon pebs bts rep_good nopl xtopology nonstop_tsc aperfmperf eagerfpu pni pclmulqdq dtes64 monitor ds_cpl vmx est tm2 ssse3 cx16 xtpr pdcm pcid dca sse4_1 sse4_2 x2apic popcnt tsc_deadline_timer aes xsave avx lahf_lm ida arat pln pts dtherm tpr_shadow vnmi flexpriority ept vpid xsaveopt
bugs		:
bogomips	: 6402.89
clflush size	: 64
cache_alignment	: 64
address sizes	: 46 bits physical, 48 bits virtual
power management:

processor	: 6
vendor_id	: GenuineIntel
cpu family	: 6
model		: 45
model name	: Intel(R) Core(TM) i7-3930K CPU @ 3.20GHz
stepping	: 7
microcode	: 0x710
cpu MHz		: 4399.875
cache size	: 12288 KB
physical id	: 0
siblings	: 12
core id		: 0
cpu cores	: 6
apicid		: 1
initial apicid	: 1
fpu		: yes
fpu_exception	: yes
cpuid level	: 13
wp		: yes
flags		: fpu vme de pse tsc msr pae mce cx8 apic sep mtrr pge mca cmov pat pse36 clflush dts acpi mmx fxsr sse sse2 ss ht tm pbe syscall nx pdpe1gb rdtscp lm constant_tsc arch_perfmon pebs bts rep_good nopl xtopology nonstop_tsc aperfmperf eagerfpu pni pclmulqdq dtes64 monitor ds_cpl vmx est tm2 ssse3 cx16 xtpr pdcm pcid dca sse4_1 sse4_2 x2apic popcnt tsc_deadline_timer aes xsave avx lahf_lm ida arat pln pts dtherm tpr_shadow vnmi flexpriority ept vpid xsaveopt
bugs		:
bogomips	: 6402.89
clflush size	: 64
cache_alignment	: 64
address sizes	: 46 bits physical, 48 bits virtual
power management:

processor	: 7
vendor_id	: GenuineIntel
cpu family	: 6
model		: 45
model name	: Intel(R) Core(TM) i7-3930K CPU @ 3.20GHz
stepping	: 7
microcode	: 0x710
cpu MHz		: 4399.875
cache size	: 12288 KB
physical id	: 0
siblings	: 12
core id		: 1
cpu cores	: 6
apicid		: 3
initial apicid	: 3
fpu		: yes
fpu_exception	: yes
cpuid level	: 13
wp		: yes
flags		: fpu vme de pse tsc msr pae mce cx8 apic sep mtrr pge mca cmov pat pse36 clflush dts acpi mmx fxsr sse sse2 ss ht tm pbe syscall nx pdpe1gb rdtscp lm constant_tsc arch_perfmon pebs bts rep_good nopl xtopology nonstop_tsc aperfmperf eagerfpu pni pclmulqdq dtes64 monitor ds_cpl vmx est tm2 ssse3 cx16 xtpr pdcm pcid dca sse4_1 sse4_2 x2apic popcnt tsc_deadline_timer aes xsave avx lahf_lm ida arat pln pts dtherm tpr_shadow vnmi flexpriority ept vpid xsaveopt
bugs		:
bogomips	: 6402.89
clflush size	: 64
cache_alignment	: 64
address sizes	: 46 bits physical, 48 bits virtual
power management:

processor	: 8
vendor_id	: GenuineIntel
cpu family	: 6
model		: 45
model name	: Intel(R) Core(TM) i7-3930K CPU @ 3.20GHz
stepping	: 7
microcode	: 0x710
cpu MHz		: 4399.875
cache size	: 12288 KB
physical id	: 0
siblings	: 12
core id		: 2
cpu cores	: 6
apicid		: 5
initial apicid	: 5
fpu		: yes
fpu_exception	: yes
cpuid level	: 13
wp		: yes
flags		: fpu vme de pse tsc msr pae mce cx8 apic sep mtrr pge mca cmov pat pse36 clflush dts acpi mmx fxsr sse sse2 ss ht tm pbe syscall nx pdpe1gb rdtscp lm constant_tsc arch_perfmon pebs bts rep_good nopl xtopology nonstop_tsc aperfmperf eagerfpu pni pclmulqdq dtes64 monitor ds_cpl vmx est tm2 ssse3 cx16 xtpr pdcm pcid dca sse4_1 sse4_2 x2apic popcnt tsc_deadline_timer aes xsave avx lahf_lm ida arat pln pts dtherm tpr_shadow vnmi flexpriority ept vpid xsaveopt
bugs		:
bogomips	: 6402.89
clflush size	: 64
cache_alignment	: 64
address sizes	: 46 bits physical, 48 bits virtual
power management:

processor	: 9
vendor_id	: GenuineIntel
cpu family	: 6
model		: 45
model name	: Intel(R) Core(TM) i7-3930K CPU @ 3.20GHz
stepping	: 7
microcode	: 0x710
cpu MHz		: 4399.500
cache size	: 12288 KB
physical id	: 0
siblings	: 12
core id		: 3
cpu cores	: 6
apicid		: 7
initial apicid	: 7
fpu		: yes
fpu_exception	: yes
cpuid level	: 13
wp		: yes
flags		: fpu vme de pse tsc msr pae mce cx8 apic sep mtrr pge mca cmov pat pse36 clflush dts acpi mmx fxsr sse sse2 ss ht tm pbe syscall nx pdpe1gb rdtscp lm constant_tsc arch_perfmon pebs bts rep_good nopl xtopology nonstop_tsc aperfmperf eagerfpu pni pclmulqdq dtes64 monitor ds_cpl vmx est tm2 ssse3 cx16 xtpr pdcm pcid dca sse4_1 sse4_2 x2apic popcnt tsc_deadline_timer aes xsave avx lahf_lm ida arat pln pts dtherm tpr_shadow vnmi flexpriority ept vpid xsaveopt
bugs		:
bogomips	: 6402.89
clflush size	: 64
cache_alignment	: 64
address sizes	: 46 bits physical, 48 bits virtual
power management:

processor	: 10
vendor_id	: GenuineIntel
cpu family	: 6
model		: 45
model name	: Intel(R) Core(TM) i7-3930K CPU @ 3.20GHz
stepping	: 7
microcode	: 0x710
cpu MHz		: 4400.000
cache size	: 12288 KB
physical id	: 0
siblings	: 12
core id		: 4
cpu cores	: 6
apicid		: 9
initial apicid	: 9
fpu		: yes
fpu_exception	: yes
cpuid level	: 13
wp		: yes
flags		: fpu vme de pse tsc msr pae mce cx8 apic sep mtrr pge mca cmov pat pse36 clflush dts acpi mmx fxsr sse sse2 ss ht tm pbe syscall nx pdpe1gb rdtscp lm constant_tsc arch_perfmon pebs bts rep_good nopl xtopology nonstop_tsc aperfmperf eagerfpu pni pclmulqdq dtes64 monitor ds_cpl vmx est tm2 ssse3 cx16 xtpr pdcm pcid dca sse4_1 sse4_2 x2apic popcnt tsc_deadline_timer aes xsave avx lahf_lm ida arat pln pts dtherm tpr_shadow vnmi flexpriority ept vpid xsaveopt
bugs		:
bogomips	: 6402.89
clflush size	: 64
cache_alignment	: 64
address sizes	: 46 bits physical, 48 bits virtual
power management:

processor	: 11
vendor_id	: GenuineIntel
cpu family	: 6
model		: 45
model name	: Intel(R) Core(TM) i7-3930K CPU @ 3.20GHz
stepping	: 7
microcode	: 0x710
cpu MHz		: 4399.750
cache size	: 12288 KB
physical id	: 0
siblings	: 12
core id		: 5
cpu cores	: 6
apicid		: 11
initial apicid	: 11
fpu		: yes
fpu_exception	: yes
cpuid level	: 13
wp		: yes
flags		: fpu vme de pse tsc msr pae mce cx8 apic sep mtrr pge mca cmov pat pse36 clflush dts acpi mmx fxsr sse sse2 ss ht tm pbe syscall nx pdpe1gb rdtscp lm constant_tsc arch_perfmon pebs bts rep_good nopl xtopology nonstop_tsc aperfmperf eagerfpu pni pclmulqdq dtes64 monitor ds_cpl vmx est tm2 ssse3 cx16 xtpr pdcm pcid dca sse4_1 sse4_2 x2apic popcnt tsc_deadline_timer aes xsave avx lahf_lm ida arat pln pts dtherm tpr_shadow vnmi flexpriority ept vpid xsaveopt
bugs		:
bogomips	: 6402.89
clflush size	: 64
cache_alignment	: 64
address sizes	: 46 bits physical, 48 bits virtual
power management:



Memory: 4k page, physical 16349936k(7556908k free), swap 0k(0k free)

vm_info: OpenJDK 64-Bit Server VM (25.74-b02) for linux-amd64 JRE (1.8.0_74-b02), built on Feb  8 2016 12:22:08 by "builduser" with gcc 5.3.0

time: Tue Mar  1 23:27:21 2016
elapsed time: 0 seconds (0d 0h 0m 0s)

