#
# A fatal error has been detected by the Java Runtime Environment:
#
#  SIGSEGV (0xb) at pc=0x00007f113ecb64a3, pid=7341, tid=139712936945408
#
# JRE version: OpenJDK Runtime Environment (8.0_74-b02) (build 1.8.0_74-b02)
# Java VM: OpenJDK 64-Bit Server VM (25.74-b02 mixed mode linux-amd64 compressed oops)
# Problematic frame:
# C  [fglrx_dri.so+0x16734a3]
#
# Core dump written. Default location: /home/albin/TDDD78/core or core.7341
#
# If you would like to submit a bug report, please visit:
#   http://bugreport.java.com/bugreport/crash.jsp
# The crash happened outside the Java Virtual Machine in native code.
# See problematic frame for where to report the bug.
#

---------------  T H R E A D  ---------------

Current thread (0x00007f116c009000):  JavaThread "main" [_thread_in_native, id=7343, stack(0x00007f1173ea2000,0x00007f1173fa3000)]

siginfo: si_signo: 11 (SIGSEGV), si_code: 1 (SEGV_MAPERR), si_addr: 0x00000000000000f0

Registers:
RAX=0x0000000000000000, RBX=0x00007f116cc01cd0, RCX=0x0000000000000000, RDX=0x00007f1173fa0908
RSP=0x00007f1173fa0500, RBP=0x00007f116cbe7520, RSI=0x0000000000000000, RDI=0x00007f116cc01cd0
R8 =0x0000000000000150, R9 =0x00007f116cc01cc0, R10=0x0000000000000400, R11=0x00007f117333b420
R12=0x00007f116cbee1b0, R13=0x0000000000000001, R14=0x0000000000000001, R15=0x00007f116cbea9e0
RIP=0x00007f113ecb64a3, EFLAGS=0x0000000000010246, CSGSFS=0x0000000000000033, ERR=0x0000000000000004
  TRAPNO=0x000000000000000e

Top of Stack: (sp=0x00007f1173fa0500)
0x00007f1173fa0500:   0000006e0000005c 0000000000000000
0x00007f1173fa0510:   0000000000000000 0000007c00000077
0x00007f1173fa0520:   00007f116c554070 00007f116c000020
0x00007f1173fa0530:   00007f116cbe7620 0000000000000000
0x00007f1173fa0540:   00007f1173fa0908 00007f116cbe7520
0x00007f1173fa0550:   00007f1173fa0908 0000000000000000
0x00007f1173fa0560:   00007f116c554070 00007f116c554070
0x00007f1173fa0570:   0000000000000022 00007f113ecd756c
0x00007f1173fa0580:   0000030000000044 00007f1173fa0908
0x00007f1173fa0590:   0000000000000001 0000000000000022
0x00007f1173fa05a0:   00007f116c554070 0000000000000400
0x00007f1173fa05b0:   0000000000000300 00007f113ecd7794
0x00007f1173fa05c0:   00007f1173fa06f4 00007f116c55d290
0x00007f1173fa05d0:   00007f116ca4c060 000000006c392a60
0x00007f1173fa05e0:   00007f1173fa0640 000000000000000f
0x00007f1173fa05f0:   000000000000000f 00007f113f7ff16d
0x00007f1173fa0600:   00007f1173fa06a0 00007f116c50a9d0
0x00007f1173fa0610:   00007f116c554070 0000000000000000
0x00007f1173fa0620:   0000000000000000 0000000000000000
0x00007f1173fa0630:   00007f1173fa0800 00007f113ec5b58a
0x00007f1173fa0640:   0000000000000044 00007f1173fa08f0
0x00007f1173fa0650:   00007f116cbeaa00 00007f1173fa0908
0x00007f1173fa0660:   0000000000000000 00007f116c552160
0x00007f1173fa0670:   0000000000000000 00007f113ecb8d13
0x00007f1173fa0680:   00007f1173fa06f4 0000000000000000
0x00007f1173fa0690:   00007f116c55cf80 00007f116c554070
0x00007f1173fa06a0:   00007f116cc12b68 0000000000300000
0x00007f1173fa06b0:   3f8000006cc12b68 00007f116c66ec80
0x00007f1173fa06c0:   0000006e0000005d 0000000000000000
0x00007f1173fa06d0:   0000000000000000 00007f116c81ea20
0x00007f1173fa06e0:   00007f1173fa08f0 00007f116c66ec80
0x00007f1173fa06f0:   0000000b00000000 00007f113e592774 

Instructions: (pc=0x00007f113ecb64a3)
0x00007f113ecb6483:   02 00 00 00 c7 85 e8 01 00 00 05 00 00 00 89 85
0x00007f113ecb6493:   4c 02 00 00 48 8b 4c 24 38 48 89 8d 78 02 00 00
0x00007f113ecb64a3:   0f b6 81 f0 00 00 00 c6 85 80 02 00 00 00 88 85
0x00007f113ecb64b3:   f0 00 00 00 8b 82 80 00 00 00 89 85 84 02 00 00 

Register to memory mapping:

RAX=0x0000000000000000 is an unknown value
RBX=0x00007f116cc01cd0 is an unknown value
RCX=0x0000000000000000 is an unknown value
RDX=0x00007f1173fa0908 is pointing into the stack for thread: 0x00007f116c009000
RSP=0x00007f1173fa0500 is pointing into the stack for thread: 0x00007f116c009000
RBP=0x00007f116cbe7520 is an unknown value
RSI=0x0000000000000000 is an unknown value
RDI=0x00007f116cc01cd0 is an unknown value
R8 =0x0000000000000150 is an unknown value
R9 =0x00007f116cc01cc0 is an unknown value
R10=0x0000000000000400 is an unknown value
R11=0x00007f117333b420: <offset 0x16d420> in /usr/lib/libc.so.6 at 0x00007f11731ce000
R12=0x00007f116cbee1b0 is an unknown value
R13=0x0000000000000001 is an unknown value
R14=0x0000000000000001 is an unknown value
R15=0x00007f116cbea9e0 is an unknown value


Stack: [0x00007f1173ea2000,0x00007f1173fa3000],  sp=0x00007f1173fa0500,  free space=1017k
Native frames: (J=compiled Java code, j=interpreted, Vv=VM code, C=native code)
C  [fglrx_dri.so+0x16734a3]

Java frames: (J=compiled Java code, j=interpreted, Vv=VM code)
j  org.lwjgl.system.JNI.invokePV(JJ)V+0
j  org.lwjgl.glfw.GLFW.glfwSwapBuffers(J)V+20
j  se.liu.ida.albhe417.tddd78.game.Game.draw()V+4
j  se.liu.ida.albhe417.tddd78.game.Game.run()V+23
j  se.liu.ida.albhe417.tddd78.game.Main.main([Ljava/lang/String;)V+9
v  ~StubRoutines::call_stub
j  sun.reflect.NativeMethodAccessorImpl.invoke0(Ljava/lang/reflect/Method;Ljava/lang/Object;[Ljava/lang/Object;)Ljava/lang/Object;+0
j  sun.reflect.NativeMethodAccessorImpl.invoke(Ljava/lang/Object;[Ljava/lang/Object;)Ljava/lang/Object;+100
j  sun.reflect.DelegatingMethodAccessorImpl.invoke(Ljava/lang/Object;[Ljava/lang/Object;)Ljava/lang/Object;+6
j  java.lang.reflect.Method.invoke(Ljava/lang/Object;[Ljava/lang/Object;)Ljava/lang/Object;+56
j  com.intellij.rt.execution.application.AppMain.main([Ljava/lang/String;)V+180
v  ~StubRoutines::call_stub

---------------  P R O C E S S  ---------------

Java Threads: ( => current thread )
  0x00007f116c275800 JavaThread "Monitor Ctrl-Break" daemon [_thread_in_native, id=7366, stack(0x00007f11547f2000,0x00007f11548f3000)]
  0x00007f116c235000 JavaThread "Service Thread" daemon [_thread_blocked, id=7362, stack(0x00007f11549f4000,0x00007f1154af5000)]
  0x00007f116c22a000 JavaThread "C1 CompilerThread3" daemon [_thread_blocked, id=7361, stack(0x00007f1154af5000,0x00007f1154bf6000)]
  0x00007f116c227800 JavaThread "C2 CompilerThread2" daemon [_thread_blocked, id=7360, stack(0x00007f1154bf6000,0x00007f1154cf7000)]
  0x00007f116c226000 JavaThread "C2 CompilerThread1" daemon [_thread_blocked, id=7359, stack(0x00007f1154cf7000,0x00007f1154df8000)]
  0x00007f116c223000 JavaThread "C2 CompilerThread0" daemon [_thread_blocked, id=7358, stack(0x00007f1154df8000,0x00007f1154ef9000)]
  0x00007f116c221800 JavaThread "Signal Dispatcher" daemon [_thread_blocked, id=7357, stack(0x00007f1154ef9000,0x00007f1154ffa000)]
  0x00007f116c1ee800 JavaThread "Finalizer" daemon [_thread_blocked, id=7356, stack(0x00007f1155310000,0x00007f1155411000)]
  0x00007f116c1ea000 JavaThread "Reference Handler" daemon [_thread_blocked, id=7355, stack(0x00007f1155411000,0x00007f1155512000)]
=>0x00007f116c009000 JavaThread "main" [_thread_in_native, id=7343, stack(0x00007f1173ea2000,0x00007f1173fa3000)]

Other Threads:
  0x00007f116c1e2800 VMThread [stack: 0x00007f1155512000,0x00007f1155613000] [id=7354]
  0x00007f116c237800 WatcherThread [stack: 0x00007f11548f3000,0x00007f11549f4000] [id=7363]

VM state:not at safepoint (normal execution)

VM Mutex/Monitor currently owned by a thread: None

Heap:
 PSYoungGen      total 74752K, used 5161K [0x000000076cd80000, 0x0000000772080000, 0x00000007c0000000)
  eden space 64512K, 8% used [0x000000076cd80000,0x000000076d28a400,0x0000000770c80000)
  from space 10240K, 0% used [0x0000000771680000,0x0000000771680000,0x0000000772080000)
  to   space 10240K, 0% used [0x0000000770c80000,0x0000000770c80000,0x0000000771680000)
 ParOldGen       total 171008K, used 0K [0x00000006c6800000, 0x00000006d0f00000, 0x000000076cd80000)
  object space 171008K, 0% used [0x00000006c6800000,0x00000006c6800000,0x00000006d0f00000)
 Metaspace       used 3769K, capacity 5080K, committed 5376K, reserved 1056768K
  class space    used 397K, capacity 456K, committed 512K, reserved 1048576K

Card table byte_map: [0x00007f11709a2000,0x00007f117116f000] byte_map_base: 0x00007f116d36e000

Marking Bits: (ParMarkBitMap*) 0x00007f11731b3400
 Begin Bits: [0x00007f1110340000, 0x00007f11141a0000)
 End Bits:   [0x00007f11141a0000, 0x00007f1118000000)

Polling page: 0x00007f1173fd4000

CodeCache: size=245760Kb used=1422Kb max_used=1422Kb free=244337Kb
 bounds [0x00007f115d000000, 0x00007f115d270000, 0x00007f116c000000]
 total_blobs=576 nmethods=147 adapters=344
 compilation: enabled

Compilation events (10 events):
Event: 0,108 Thread 0x00007f116c22a000  141       3       java.lang.reflect.Modifier::isFinal (13 bytes)
Event: 0,108 Thread 0x00007f116c22a000 nmethod 141 0x00007f115d161ad0 code [0x00007f115d161c40, 0x00007f115d161dd0]
Event: 0,108 Thread 0x00007f116c22a000  142       1       java.lang.reflect.Field::getDeclaringClass (5 bytes)
Event: 0,108 Thread 0x00007f116c22a000 nmethod 142 0x00007f115d161e50 code [0x00007f115d161fa0, 0x00007f115d1620b0]
Event: 0,108 Thread 0x00007f116c22a000  143       3       java.lang.reflect.Field::setFieldAccessor (34 bytes)
Event: 0,108 Thread 0x00007f116c22a000 nmethod 143 0x00007f115d162110 code [0x00007f115d1622a0, 0x00007f115d162628]
Event: 0,108 Thread 0x00007f116c22a000  144       3       sun.reflect.MagicAccessorImpl::<init> (5 bytes)
Event: 0,108 Thread 0x00007f116c22a000 nmethod 144 0x00007f115d162750 code [0x00007f115d1628c0, 0x00007f115d162a70]
Event: 0,189 Thread 0x00007f116c22a000  146   !   3       java.util.zip.Inflater::inflate (113 bytes)
Event: 0,189 Thread 0x00007f116c22a000 nmethod 146 0x00007f115d163210 code [0x00007f115d1633e0, 0x00007f115d163a58]

GC Heap History (0 events):
No events

Deoptimization events (0 events):
No events

Internal exceptions (2 events):
Event: 0,019 Thread 0x00007f116c009000 Exception <a 'java/lang/NoSuchMethodError': Method sun.misc.Unsafe.defineClass(Ljava/lang/String;[BII)Ljava/lang/Class; name or signature does not match> (0x000000076cd87cc0) thrown at [/build/java8-openjdk/src/jdk8u-jdk8u74-b02/hotspot/src/share/vm/prims
Event: 0,019 Thread 0x00007f116c009000 Exception <a 'java/lang/NoSuchMethodError': Method sun.misc.Unsafe.prefetchRead(Ljava/lang/Object;J)V name or signature does not match> (0x000000076cd87fa8) thrown at [/build/java8-openjdk/src/jdk8u-jdk8u74-b02/hotspot/src/share/vm/prims/jni.cpp, line 398

Events (10 events):
Event: 0,103 loading class org/lwjgl/glfw/GLFWErrorCallback$3$1
Event: 0,103 loading class org/lwjgl/glfw/GLFWErrorCallback$3$1 done
Event: 0,103 loading class org/lwjgl/glfw/GLFW
Event: 0,103 loading class org/lwjgl/glfw/GLFW done
Event: 0,107 loading class sun/reflect/UnsafeQualifiedStaticIntegerFieldAccessorImpl
Event: 0,107 loading class sun/reflect/UnsafeQualifiedStaticIntegerFieldAccessorImpl done
Event: 0,157 loading class org/lwjgl/glfw/EventLoop$OffScreen
Event: 0,157 loading class org/lwjgl/glfw/EventLoop$OffScreen done
Event: 0,189 loading class org/lwjgl/glfw/EventLoop$OnScreen
Event: 0,189 loading class org/lwjgl/glfw/EventLoop$OnScreen done


Dynamic libraries:
00400000-00401000 r-xp 00000000 00:12 172157                             /usr/lib/jvm/java-8-openjdk/jre/bin/java
00600000-00601000 rw-p 00000000 00:12 172157                             /usr/lib/jvm/java-8-openjdk/jre/bin/java
0165e000-0167f000 rw-p 00000000 00:00 0                                  [heap]
6c6800000-6d0f00000 rw-p 00000000 00:00 0 
6d0f00000-76cd80000 ---p 00000000 00:00 0 
76cd80000-772080000 rw-p 00000000 00:00 0 
772080000-7c0000000 ---p 00000000 00:00 0 
7c0000000-7c0080000 rw-p 00000000 00:00 0 
7c0080000-800000000 ---p 00000000 00:00 0 
7f10e4000000-7f10e4021000 rw-p 00000000 00:00 0 
7f10e4021000-7f10e8000000 ---p 00000000 00:00 0 
7f10e8000000-7f10e8021000 rw-p 00000000 00:00 0 
7f10e8021000-7f10ec000000 ---p 00000000 00:00 0 
7f10ec000000-7f10ec021000 rw-p 00000000 00:00 0 
7f10ec021000-7f10f0000000 ---p 00000000 00:00 0 
7f10f0000000-7f10f0021000 rw-p 00000000 00:00 0 
7f10f0021000-7f10f4000000 ---p 00000000 00:00 0 
7f10f4000000-7f10f4021000 rw-p 00000000 00:00 0 
7f10f4021000-7f10f8000000 ---p 00000000 00:00 0 
7f10f8000000-7f10f80c0000 rw-p 00000000 00:00 0 
7f10f80c0000-7f10fc000000 ---p 00000000 00:00 0 
7f10fc000000-7f10fc036000 rw-p 00000000 00:00 0 
7f10fc036000-7f1100000000 ---p 00000000 00:00 0 
7f1100000000-7f1100021000 rw-p 00000000 00:00 0 
7f1100021000-7f1104000000 ---p 00000000 00:00 0 
7f1104000000-7f1104021000 rw-p 00000000 00:00 0 
7f1104021000-7f1108000000 ---p 00000000 00:00 0 
7f1108000000-7f1108021000 rw-p 00000000 00:00 0 
7f1108021000-7f110c000000 ---p 00000000 00:00 0 
7f110c000000-7f110c021000 rw-p 00000000 00:00 0 
7f110c021000-7f1110000000 ---p 00000000 00:00 0 
7f1110340000-7f1118000000 rw-p 00000000 00:00 0 
7f1118000000-7f1118021000 rw-p 00000000 00:00 0 
7f1118021000-7f111c000000 ---p 00000000 00:00 0 
7f111c000000-7f111c021000 rw-p 00000000 00:00 0 
7f111c021000-7f1120000000 ---p 00000000 00:00 0 
7f1120000000-7f1120021000 rw-p 00000000 00:00 0 
7f1120021000-7f1124000000 ---p 00000000 00:00 0 
7f1128000000-7f1128021000 rw-p 00000000 00:00 0 
7f1128021000-7f112c000000 ---p 00000000 00:00 0 
7f1130000000-7f1130021000 rw-p 00000000 00:00 0 
7f1130021000-7f1134000000 ---p 00000000 00:00 0 
7f1138000000-7f1138021000 rw-p 00000000 00:00 0 
7f1138021000-7f113c000000 ---p 00000000 00:00 0 
7f113d643000-7f113fbd1000 r-xp 00000000 00:12 197576                     /usr/lib/xorg/modules/dri/fglrx_dri.so
7f113fbd1000-7f113fcd0000 ---p 0258e000 00:12 197576                     /usr/lib/xorg/modules/dri/fglrx_dri.so
7f113fcd0000-7f113feb3000 rwxp 0258d000 00:12 197576                     /usr/lib/xorg/modules/dri/fglrx_dri.so
7f113feb3000-7f1140000000 rwxp 00000000 00:00 0 
7f1140000000-7f1140021000 rw-p 00000000 00:00 0 
7f1140021000-7f1144000000 ---p 00000000 00:00 0 
7f114471f000-7f1144720000 ---p 00000000 00:00 0 
7f1144720000-7f1144f20000 rw-p 00000000 00:00 0                          [stack:7387]
7f1144f20000-7f1144f60000 rw-s 0008d000 00:06 9675                       /dev/ati/card0
7f1144f60000-7f1145660000 rw-s 00006000 00:06 9675                       /dev/ati/card0
7f1145660000-7f114570c000 r-xp 00000000 00:12 197551                     /usr/lib/libatiadlxx.so
7f114570c000-7f114580b000 ---p 000ac000 00:12 197551                     /usr/lib/libatiadlxx.so
7f114580b000-7f114580e000 rw-p 000ab000 00:12 197551                     /usr/lib/libatiadlxx.so
7f114580e000-7f114581e000 rw-p 00000000 00:00 0 
7f114581e000-7f1145834000 r-xp 00000000 00:12 166862                     /usr/lib/libgcc_s.so.1
7f1145834000-7f1145a33000 ---p 00016000 00:12 166862                     /usr/lib/libgcc_s.so.1
7f1145a33000-7f1145a34000 rw-p 00015000 00:12 166862                     /usr/lib/libgcc_s.so.1
7f1145a34000-7f1145ba6000 r-xp 00000000 00:12 166897                     /usr/lib/libstdc++.so.6.0.21
7f1145ba6000-7f1145da6000 ---p 00172000 00:12 166897                     /usr/lib/libstdc++.so.6.0.21
7f1145da6000-7f1145db0000 r--p 00172000 00:12 166897                     /usr/lib/libstdc++.so.6.0.21
7f1145db0000-7f1145db2000 rw-p 0017c000 00:12 166897                     /usr/lib/libstdc++.so.6.0.21
7f1145db2000-7f1145db6000 rw-p 00000000 00:00 0 
7f1145db6000-7f1145e60000 r-xp 00000000 00:12 197568                     /usr/lib/fglrx/fglrx-libGL.so.1.2
7f1145e60000-7f1145f60000 ---p 000aa000 00:12 197568                     /usr/lib/fglrx/fglrx-libGL.so.1.2
7f1145f60000-7f1145f96000 rwxp 000aa000 00:12 197568                     /usr/lib/fglrx/fglrx-libGL.so.1.2
7f1145f96000-7f1145fb3000 rwxp 00000000 00:00 0 
7f1145fb3000-7f1146027000 rw-p 00000000 00:00 0 
7f1146027000-7f114602c000 r-xp 00000000 00:12 49415                      /usr/lib/libXdmcp.so.6.0.0
7f114602c000-7f114622b000 ---p 00005000 00:12 49415                      /usr/lib/libXdmcp.so.6.0.0
7f114622b000-7f114622c000 r--p 00004000 00:12 49415                      /usr/lib/libXdmcp.so.6.0.0
7f114622c000-7f114622d000 rw-p 00005000 00:12 49415                      /usr/lib/libXdmcp.so.6.0.0
7f114622d000-7f114622f000 r-xp 00000000 00:12 49776                      /usr/lib/libXau.so.6.0.0
7f114622f000-7f114642f000 ---p 00002000 00:12 49776                      /usr/lib/libXau.so.6.0.0
7f114642f000-7f1146430000 r--p 00002000 00:12 49776                      /usr/lib/libXau.so.6.0.0
7f1146430000-7f1146431000 rw-p 00003000 00:12 49776                      /usr/lib/libXau.so.6.0.0
7f1146431000-7f1146436000 r-xp 00000000 00:12 55469                      /usr/lib/libXfixes.so.3.1.0
7f1146436000-7f1146635000 ---p 00005000 00:12 55469                      /usr/lib/libXfixes.so.3.1.0
7f1146635000-7f1146636000 r--p 00004000 00:12 55469                      /usr/lib/libXfixes.so.3.1.0
7f1146636000-7f1146637000 rw-p 00005000 00:12 55469                      /usr/lib/libXfixes.so.3.1.0
7f1146637000-7f1146640000 r-xp 00000000 00:12 55780                      /usr/lib/libXrender.so.1.3.0
7f1146640000-7f114683f000 ---p 00009000 00:12 55780                      /usr/lib/libXrender.so.1.3.0
7f114683f000-7f1146840000 r--p 00008000 00:12 55780                      /usr/lib/libXrender.so.1.3.0
7f1146840000-7f1146841000 rw-p 00009000 00:12 55780                      /usr/lib/libXrender.so.1.3.0
7f1146841000-7f1146852000 r-xp 00000000 00:12 55402                      /usr/lib/libXext.so.6.4.0
7f1146852000-7f1146a51000 ---p 00011000 00:12 55402                      /usr/lib/libXext.so.6.4.0
7f1146a51000-7f1146a52000 r--p 00010000 00:12 55402                      /usr/lib/libXext.so.6.4.0
7f1146a52000-7f1146a53000 rw-p 00011000 00:12 55402                      /usr/lib/libXext.so.6.4.0
7f1146a53000-7f1146a74000 r-xp 00000000 00:12 52521                      /usr/lib/libxcb.so.1.1.0
7f1146a74000-7f1146c74000 ---p 00021000 00:12 52521                      /usr/lib/libxcb.so.1.1.0
7f1146c74000-7f1146c75000 r--p 00021000 00:12 52521                      /usr/lib/libxcb.so.1.1.0
7f1146c75000-7f1146c76000 rw-p 00022000 00:12 52521                      /usr/lib/libxcb.so.1.1.0
7f1146c76000-7f1146c80000 r-xp 00000000 00:12 55900                      /usr/lib/libXcursor.so.1.0.2
7f1146c80000-7f1146e7f000 ---p 0000a000 00:12 55900                      /usr/lib/libXcursor.so.1.0.2
7f1146e7f000-7f1146e80000 r--p 00009000 00:12 55900                      /usr/lib/libXcursor.so.1.0.2
7f1146e80000-7f1146e81000 rw-p 0000a000 00:12 55900                      /usr/lib/libXcursor.so.1.0.2
7f1146e81000-7f1146e86000 r-xp 00000000 00:12 55447                      /usr/lib/libXxf86vm.so.1.0.0
7f1146e86000-7f1147085000 ---p 00005000 00:12 55447                      /usr/lib/libXxf86vm.so.1.0.0
7f1147085000-7f1147086000 r--p 00004000 00:12 55447                      /usr/lib/libXxf86vm.so.1.0.0
7f1147086000-7f1147087000 rw-p 00005000 00:12 55447                      /usr/lib/libXxf86vm.so.1.0.0
7f1147087000-7f1147096000 r-xp 00000000 00:12 197359                     /usr/lib/libXi.so.6.1.0
7f1147096000-7f1147295000 ---p 0000f000 00:12 197359                     /usr/lib/libXi.so.6.1.0
7f1147295000-7f1147296000 r--p 0000e000 00:12 197359                     /usr/lib/libXi.so.6.1.0
7f1147296000-7f1147297000 rw-p 0000f000 00:12 197359                     /usr/lib/libXi.so.6.1.0
7f1147297000-7f1147299000 r-xp 00000000 00:12 56023                      /usr/lib/libXinerama.so.1.0.0
7f1147299000-7f1147498000 ---p 00002000 00:12 56023                      /usr/lib/libXinerama.so.1.0.0
7f1147498000-7f1147499000 r--p 00001000 00:12 56023                      /usr/lib/libXinerama.so.1.0.0
7f1147499000-7f114749a000 rw-p 00002000 00:12 56023                      /usr/lib/libXinerama.so.1.0.0
7f114749a000-7f11474a4000 r-xp 00000000 00:12 55818                      /usr/lib/libXrandr.so.2.2.0
7f11474a4000-7f11476a3000 ---p 0000a000 00:12 55818                      /usr/lib/libXrandr.so.2.2.0
7f11476a3000-7f11476a4000 r--p 00009000 00:12 55818                      /usr/lib/libXrandr.so.2.2.0
7f11476a4000-7f11476a5000 rw-p 0000a000 00:12 55818                      /usr/lib/libXrandr.so.2.2.0
7f11476a5000-7f11477e0000 r-xp 00000000 00:12 52652                      /usr/lib/libX11.so.6.3.0
7f11477e0000-7f11479df000 ---p 0013b000 00:12 52652                      /usr/lib/libX11.so.6.3.0
7f11479df000-7f11479e1000 r--p 0013a000 00:12 52652                      /usr/lib/libX11.so.6.3.0
7f11479e1000-7f11479e6000 rw-p 0013c000 00:12 52652                      /usr/lib/libX11.so.6.3.0
7f11479e6000-7f11479e7000 rw-p 00000000 00:00 0 
7f11479e7000-7f11479eb000 r-xp 00000000 00:25 101712                     /home/albin/TDDD78/lwjgl/native/libglfw.so
7f11479eb000-7f11479ff000 r-xp 00000000 00:00 0 
7f11479ff000-7f1147bfe000 ---p 00018000 00:25 101712                     /home/albin/TDDD78/lwjgl/native/libglfw.so
7f1147bfe000-7f1147bff000 rw-p 0000d000 00:25 101712                     /home/albin/TDDD78/lwjgl/native/libglfw.so
7f1147bff000-7f1148000000 rw-p 00000000 00:00 0 
7f1148000000-7f1148021000 rw-p 00000000 00:00 0 
7f1148021000-7f114c000000 ---p 00000000 00:00 0 
7f114c000000-7f114c021000 rw-p 00000000 00:00 0 
7f114c021000-7f1150000000 ---p 00000000 00:00 0 
7f1150000000-7f1150021000 rw-p 00000000 00:00 0 
7f1150021000-7f1154000000 ---p 00000000 00:00 0 
7f1154015000-7f1154025000 r-xp 00000000 00:12 197561                     /usr/lib/libatiuki.so.1.0
7f1154025000-7f1154124000 ---p 00010000 00:12 197561                     /usr/lib/libatiuki.so.1.0
7f1154124000-7f1154136000 rw-p 0000f000 00:12 197561                     /usr/lib/libatiuki.so.1.0
7f1154136000-7f1154139000 r-xp 00000000 00:25 101715                     /home/albin/TDDD78/lwjgl/native/libjemalloc.so
7f1154139000-7f1154175000 r-xp 00000000 00:00 0 
7f1154175000-7f1154374000 ---p 0003f000 00:25 101715                     /home/albin/TDDD78/lwjgl/native/libjemalloc.so
7f1154374000-7f1154376000 r--p 0001c000 00:25 101715                     /home/albin/TDDD78/lwjgl/native/libjemalloc.so
7f1154376000-7f1154377000 rw-p 0001e000 00:25 101715                     /home/albin/TDDD78/lwjgl/native/libjemalloc.so
7f1154377000-7f1154378000 rw-p 00000000 00:00 0 
7f1154378000-7f1154385000 r-xp 00000000 00:25 101718                     /home/albin/TDDD78/lwjgl/native/liblwjgl.so
7f1154385000-7f11543d9000 r-xp 00000000 00:00 0 
7f11543d9000-7f11545d8000 ---p 00061000 00:25 101718                     /home/albin/TDDD78/lwjgl/native/liblwjgl.so
7f11545d8000-7f11545da000 rw-p 00033000 00:25 101718                     /home/albin/TDDD78/lwjgl/native/liblwjgl.so
7f11545da000-7f11545db000 rw-p 00000000 00:00 0 
7f11545db000-7f11545f1000 r-xp 00000000 00:12 172127                     /usr/lib/jvm/java-8-openjdk/jre/lib/amd64/libnet.so
7f11545f1000-7f11547f1000 ---p 00016000 00:12 172127                     /usr/lib/jvm/java-8-openjdk/jre/lib/amd64/libnet.so
7f11547f1000-7f11547f2000 rw-p 00016000 00:12 172127                     /usr/lib/jvm/java-8-openjdk/jre/lib/amd64/libnet.so
7f11547f2000-7f11547f5000 ---p 00000000 00:00 0 
7f11547f5000-7f11548f3000 rw-p 00000000 00:00 0                          [stack:7366]
7f11548f3000-7f11548f4000 ---p 00000000 00:00 0 
7f11548f4000-7f11549f4000 rw-p 00000000 00:00 0                          [stack:7363]
7f11549f4000-7f11549f7000 ---p 00000000 00:00 0 
7f11549f7000-7f1154af5000 rw-p 00000000 00:00 0                          [stack:7362]
7f1154af5000-7f1154af8000 ---p 00000000 00:00 0 
7f1154af8000-7f1154bf6000 rw-p 00000000 00:00 0                          [stack:7361]
7f1154bf6000-7f1154bf9000 ---p 00000000 00:00 0 
7f1154bf9000-7f1154cf7000 rw-p 00000000 00:00 0                          [stack:7360]
7f1154cf7000-7f1154cfa000 ---p 00000000 00:00 0 
7f1154cfa000-7f1154df8000 rw-p 00000000 00:00 0                          [stack:7359]
7f1154df8000-7f1154dfb000 ---p 00000000 00:00 0 
7f1154dfb000-7f1154ef9000 rw-p 00000000 00:00 0                          [stack:7358]
7f1154ef9000-7f1154efc000 ---p 00000000 00:00 0 
7f1154efc000-7f1154ffa000 rw-p 00000000 00:00 0                          [stack:7357]
7f1154ffa000-7f1155310000 r--p 00000000 00:12 166542                     /usr/lib/locale/locale-archive
7f1155310000-7f1155313000 ---p 00000000 00:00 0 
7f1155313000-7f1155411000 rw-p 00000000 00:00 0                          [stack:7356]
7f1155411000-7f1155414000 ---p 00000000 00:00 0 
7f1155414000-7f1155512000 rw-p 00000000 00:00 0                          [stack:7355]
7f1155512000-7f1155513000 ---p 00000000 00:00 0 
7f1155513000-7f1157633000 rw-p 00000000 00:00 0                          [stack:7354]
7f1157633000-7f1157800000 r--s 03be5000 00:12 172068                     /usr/lib/jvm/java-8-openjdk/jre/lib/rt.jar
7f1157800000-7f1157cc0000 rw-p 00000000 00:00 0 
7f1157cc0000-7f1158000000 ---p 00000000 00:00 0 
7f1158000000-7f1158021000 rw-p 00000000 00:00 0 
7f1158021000-7f115c000000 ---p 00000000 00:00 0 
7f115c008000-7f115c048000 rw-s 00004000 00:06 9675                       /dev/ati/card0
7f115c048000-7f115c06b000 r--p 00000000 00:12 164996                     /usr/share/locale/sv/LC_MESSAGES/libc.mo
7f115c06b000-7f115c09c000 rw-p 00000000 00:00 0 
7f115c09c000-7f115c0b7000 r--s 001e6000 00:25 101704                     /home/albin/TDDD78/lwjgl/jar/lwjgl.jar
7f115c0b7000-7f115c9fa000 rw-p 00000000 00:00 0 
7f115c9fa000-7f115c9fb000 ---p 00000000 00:00 0 
7f115c9fb000-7f115cafb000 rw-p 00000000 00:00 0                          [stack:7353]
7f115cafb000-7f115cafc000 ---p 00000000 00:00 0 
7f115cafc000-7f115cbfc000 rw-p 00000000 00:00 0                          [stack:7352]
7f115cbfc000-7f115cbfd000 ---p 00000000 00:00 0 
7f115cbfd000-7f115ccfd000 rw-p 00000000 00:00 0                          [stack:7351]
7f115ccfd000-7f115ccfe000 ---p 00000000 00:00 0 
7f115ccfe000-7f115cdfe000 rw-p 00000000 00:00 0                          [stack:7350]
7f115cdfe000-7f115cdff000 ---p 00000000 00:00 0 
7f115cdff000-7f115ceff000 rw-p 00000000 00:00 0                          [stack:7349]
7f115ceff000-7f115cf00000 ---p 00000000 00:00 0 
7f115cf00000-7f115d000000 rw-p 00000000 00:00 0                          [stack:7348]
7f115d000000-7f115d270000 rwxp 00000000 00:00 0 
7f115d270000-7f116c000000 ---p 00000000 00:00 0 
7f116c000000-7f116cc36000 rw-p 00000000 00:00 0 
7f116cc36000-7f1170000000 ---p 00000000 00:00 0 
7f1170010000-7f117006b000 rw-p 00000000 00:00 0 
7f117006b000-7f117006c000 ---p 00000000 00:00 0 
7f117006c000-7f117016c000 rw-p 00000000 00:00 0                          [stack:7347]
7f117016c000-7f117016d000 ---p 00000000 00:00 0 
7f117016d000-7f117026d000 rw-p 00000000 00:00 0                          [stack:7346]
7f117026d000-7f117026e000 ---p 00000000 00:00 0 
7f117026e000-7f117036e000 rw-p 00000000 00:00 0                          [stack:7345]
7f117036e000-7f117036f000 ---p 00000000 00:00 0 
7f117036f000-7f11704c3000 rw-p 00000000 00:00 0                          [stack:7344]
7f11704c3000-7f11709a2000 ---p 00000000 00:00 0 
7f11709a2000-7f11709f6000 rw-p 00000000 00:00 0 
7f11709f6000-7f1170ed4000 ---p 00000000 00:00 0 
7f1170ed4000-7f1170eff000 rw-p 00000000 00:00 0 
7f1170eff000-7f117116e000 ---p 00000000 00:00 0 
7f117116e000-7f1171179000 rw-p 00000000 00:00 0 
7f1171179000-7f117152f000 ---p 00000000 00:00 0 
7f117152f000-7f1171537000 r-xp 00000000 00:12 172125                     /usr/lib/jvm/java-8-openjdk/jre/lib/amd64/libzip.so
7f1171537000-7f1171736000 ---p 00008000 00:12 172125                     /usr/lib/jvm/java-8-openjdk/jre/lib/amd64/libzip.so
7f1171736000-7f1171737000 rw-p 00007000 00:12 172125                     /usr/lib/jvm/java-8-openjdk/jre/lib/amd64/libzip.so
7f1171737000-7f1171742000 r-xp 00000000 00:12 166265                     /usr/lib/libnss_files-2.23.so
7f1171742000-7f1171941000 ---p 0000b000 00:12 166265                     /usr/lib/libnss_files-2.23.so
7f1171941000-7f1171942000 r--p 0000a000 00:12 166265                     /usr/lib/libnss_files-2.23.so
7f1171942000-7f1171943000 rw-p 0000b000 00:12 166265                     /usr/lib/libnss_files-2.23.so
7f1171943000-7f1171949000 rw-p 00000000 00:00 0 
7f1171949000-7f1171975000 r-xp 00000000 00:12 172124                     /usr/lib/jvm/java-8-openjdk/jre/lib/amd64/libjava.so
7f1171975000-7f1171b75000 ---p 0002c000 00:12 172124                     /usr/lib/jvm/java-8-openjdk/jre/lib/amd64/libjava.so
7f1171b75000-7f1171b77000 rw-p 0002c000 00:12 172124                     /usr/lib/jvm/java-8-openjdk/jre/lib/amd64/libjava.so
7f1171b77000-7f1171b84000 r-xp 00000000 00:12 172116                     /usr/lib/jvm/java-8-openjdk/jre/lib/amd64/libverify.so
7f1171b84000-7f1171d83000 ---p 0000d000 00:12 172116                     /usr/lib/jvm/java-8-openjdk/jre/lib/amd64/libverify.so
7f1171d83000-7f1171d85000 rw-p 0000c000 00:12 172116                     /usr/lib/jvm/java-8-openjdk/jre/lib/amd64/libverify.so
7f1171d85000-7f1171d8c000 r-xp 00000000 00:12 166274                     /usr/lib/librt-2.23.so
7f1171d8c000-7f1171f8b000 ---p 00007000 00:12 166274                     /usr/lib/librt-2.23.so
7f1171f8b000-7f1171f8c000 r--p 00006000 00:12 166274                     /usr/lib/librt-2.23.so
7f1171f8c000-7f1171f8d000 rw-p 00007000 00:12 166274                     /usr/lib/librt-2.23.so
7f1171f8d000-7f1172090000 r-xp 00000000 00:12 166271                     /usr/lib/libm-2.23.so
7f1172090000-7f1172290000 ---p 00103000 00:12 166271                     /usr/lib/libm-2.23.so
7f1172290000-7f1172291000 r--p 00103000 00:12 166271                     /usr/lib/libm-2.23.so
7f1172291000-7f1172292000 rw-p 00104000 00:12 166271                     /usr/lib/libm-2.23.so
7f1172292000-7f1172ee4000 r-xp 00000000 00:12 172148                     /usr/lib/jvm/java-8-openjdk/jre/lib/amd64/server/libjvm.so
7f1172ee4000-7f11730e4000 ---p 00c52000 00:12 172148                     /usr/lib/jvm/java-8-openjdk/jre/lib/amd64/server/libjvm.so
7f11730e4000-7f11731a0000 rw-p 00c52000 00:12 172148                     /usr/lib/jvm/java-8-openjdk/jre/lib/amd64/server/libjvm.so
7f11731a0000-7f11731ce000 rw-p 00000000 00:00 0 
7f11731ce000-7f1173366000 r-xp 00000000 00:12 166213                     /usr/lib/libc-2.23.so
7f1173366000-7f1173565000 ---p 00198000 00:12 166213                     /usr/lib/libc-2.23.so
7f1173565000-7f1173569000 r--p 00197000 00:12 166213                     /usr/lib/libc-2.23.so
7f1173569000-7f117356b000 rw-p 0019b000 00:12 166213                     /usr/lib/libc-2.23.so
7f117356b000-7f117356f000 rw-p 00000000 00:00 0 
7f117356f000-7f1173571000 r-xp 00000000 00:12 166270                     /usr/lib/libdl-2.23.so
7f1173571000-7f1173771000 ---p 00002000 00:12 166270                     /usr/lib/libdl-2.23.so
7f1173771000-7f1173772000 r--p 00002000 00:12 166270                     /usr/lib/libdl-2.23.so
7f1173772000-7f1173773000 rw-p 00003000 00:12 166270                     /usr/lib/libdl-2.23.so
7f1173773000-7f1173780000 r-xp 00000000 00:12 172145                     /usr/lib/jvm/java-8-openjdk/jre/lib/amd64/jli/libjli.so
7f1173780000-7f117397f000 ---p 0000d000 00:12 172145                     /usr/lib/jvm/java-8-openjdk/jre/lib/amd64/jli/libjli.so
7f117397f000-7f1173980000 rw-p 0000c000 00:12 172145                     /usr/lib/jvm/java-8-openjdk/jre/lib/amd64/jli/libjli.so
7f1173980000-7f1173995000 r-xp 00000000 00:12 6814                       /usr/lib/libz.so.1.2.8
7f1173995000-7f1173b94000 ---p 00015000 00:12 6814                       /usr/lib/libz.so.1.2.8
7f1173b94000-7f1173b95000 r--p 00014000 00:12 6814                       /usr/lib/libz.so.1.2.8
7f1173b95000-7f1173b96000 rw-p 00015000 00:12 6814                       /usr/lib/libz.so.1.2.8
7f1173b96000-7f1173bae000 r-xp 00000000 00:12 166190                     /usr/lib/libpthread-2.23.so
7f1173bae000-7f1173dad000 ---p 00018000 00:12 166190                     /usr/lib/libpthread-2.23.so
7f1173dad000-7f1173dae000 r--p 00017000 00:12 166190                     /usr/lib/libpthread-2.23.so
7f1173dae000-7f1173daf000 rw-p 00018000 00:12 166190                     /usr/lib/libpthread-2.23.so
7f1173daf000-7f1173db3000 rw-p 00000000 00:00 0 
7f1173db3000-7f1173dd6000 r-xp 00000000 00:12 166212                     /usr/lib/ld-2.23.so
7f1173ddb000-7f1173ddc000 rw-s 00000000 00:14 152077                     /dev/shm/sem.__AMD_GL_CACHE__05ba96eaa344c23c_32
7f1173ddc000-7f1173ddd000 rw-s 00005000 00:06 9675                       /dev/ati/card0
7f1173ddd000-7f1173ddf000 rw-s 0013e000 00:06 9675                       /dev/ati/card0
7f1173ddf000-7f1173ea2000 rw-p 00000000 00:00 0 
7f1173ea2000-7f1173ea5000 ---p 00000000 00:00 0 
7f1173ea5000-7f1173fa7000 rw-p 00000000 00:00 0                          [stack:7343]
7f1173fa7000-7f1173fa8000 rwxp 00000000 00:00 0 
7f1173fa8000-7f1173faa000 r--s 0001e000 00:12 192149                     /usr/share/intellijidea-ce/lib/idea_rt.jar
7f1173faa000-7f1173fbd000 r--s 00346000 00:12 172067                     /usr/lib/jvm/java-8-openjdk/jre/lib/resources.jar
7f1173fbd000-7f1173fbe000 r--s 00000000 00:12 172064                     /usr/lib/jvm/java-8-openjdk/jre/lib/management-agent.jar
7f1173fbe000-7f1173fc2000 r--s 00097000 00:12 172065                     /usr/lib/jvm/java-8-openjdk/jre/lib/jsse.jar
7f1173fc2000-7f1173fc5000 r--s 00015000 00:12 172062                     /usr/lib/jvm/java-8-openjdk/jre/lib/jce.jar
7f1173fc5000-7f1173fcb000 r--s 002f8000 00:12 172066                     /usr/lib/jvm/java-8-openjdk/jre/lib/charsets.jar
7f1173fcb000-7f1173fd3000 rw-s 00000000 00:23 179849                     /tmp/hsperfdata_albin/7341
7f1173fd3000-7f1173fd4000 rw-p 00000000 00:00 0 
7f1173fd4000-7f1173fd5000 r--p 00000000 00:00 0 
7f1173fd5000-7f1173fd6000 rw-p 00000000 00:00 0 
7f1173fd6000-7f1173fd7000 r--p 00023000 00:12 166212                     /usr/lib/ld-2.23.so
7f1173fd7000-7f1173fd8000 rw-p 00024000 00:12 166212                     /usr/lib/ld-2.23.so
7f1173fd8000-7f1173fd9000 rw-p 00000000 00:00 0 
7ffe9a76c000-7ffe9a78d000 rw-p 00000000 00:00 0                          [stack]
7ffe9a7fc000-7ffe9a7fe000 r--p 00000000 00:00 0                          [vvar]
7ffe9a7fe000-7ffe9a800000 r-xp 00000000 00:00 0                          [vdso]
ffffffffff600000-ffffffffff601000 r-xp 00000000 00:00 0                  [vsyscall]

VM Arguments:
jvm_args: -Djava.library.path=lwjgl/native/ -Didea.launcher.port=7541 -Didea.launcher.bin.path=/usr/share/intellijidea-ce/bin -Dfile.encoding=UTF-8 
java_command: com.intellij.rt.execution.application.AppMain se.liu.ida.albhe417.tddd78.game.Main
java_class_path (initial): /usr/lib/jvm/java-8-openjdk/jre/lib/charsets.jar:/usr/lib/jvm/java-8-openjdk/jre/lib/ext/cldrdata.jar:/usr/lib/jvm/java-8-openjdk/jre/lib/ext/dnsns.jar:/usr/lib/jvm/java-8-openjdk/jre/lib/ext/jaccess.jar:/usr/lib/jvm/java-8-openjdk/jre/lib/ext/localedata.jar:/usr/lib/jvm/java-8-openjdk/jre/lib/ext/nashorn.jar:/usr/lib/jvm/java-8-openjdk/jre/lib/ext/sunec.jar:/usr/lib/jvm/java-8-openjdk/jre/lib/ext/sunjce_provider.jar:/usr/lib/jvm/java-8-openjdk/jre/lib/ext/sunpkcs11.jar:/usr/lib/jvm/java-8-openjdk/jre/lib/ext/zipfs.jar:/usr/lib/jvm/java-8-openjdk/jre/lib/jce.jar:/usr/lib/jvm/java-8-openjdk/jre/lib/jsse.jar:/usr/lib/jvm/java-8-openjdk/jre/lib/management-agent.jar:/usr/lib/jvm/java-8-openjdk/jre/lib/resources.jar:/usr/lib/jvm/java-8-openjdk/jre/lib/rt.jar:/home/albin/TDDD78/out/production/projekt:/home/albin/TDDD78/lwjgl/jar/lwjgl.jar:/usr/share/intellijidea-ce/lib/idea_rt.jar
Launcher Type: SUN_STANDARD

Environment Variables:
PATH=/usr/local/sbin:/usr/local/bin:/usr/bin:/usr/lib/jvm/default/bin:/usr/bin/site_perl:/usr/bin/vendor_perl:/usr/bin/core_perl
USERNAME=albin
LD_LIBRARY_PATH=.:
SHELL=/bin/zsh
DISPLAY=:1

Signal Handlers:
SIGSEGV: [libjvm.so+0xa57b90], sa_mask[0]=11111111011111111101111111111110, sa_flags=SA_RESTART|SA_SIGINFO
SIGBUS: [libjvm.so+0xa57b90], sa_mask[0]=11111111011111111101111111111110, sa_flags=SA_RESTART|SA_SIGINFO
SIGFPE: [libjvm.so+0x8a40d0], sa_mask[0]=11111111011111111101111111111110, sa_flags=SA_RESTART|SA_SIGINFO
SIGPIPE: [libjvm.so+0x8a40d0], sa_mask[0]=11111111011111111101111111111110, sa_flags=SA_RESTART|SA_SIGINFO
SIGXFSZ: [libjvm.so+0x8a40d0], sa_mask[0]=11111111011111111101111111111110, sa_flags=SA_RESTART|SA_SIGINFO
SIGILL: [libjvm.so+0x8a40d0], sa_mask[0]=11111111011111111101111111111110, sa_flags=SA_RESTART|SA_SIGINFO
SIGUSR1: SIG_DFL, sa_mask[0]=00000000000000000000000000000000, sa_flags=none
SIGUSR2: [libjvm.so+0x8a3f80], sa_mask[0]=00100000000000000000000000000000, sa_flags=SA_RESTART|SA_SIGINFO
SIGHUP: [libjvm.so+0x8a4450], sa_mask[0]=11111111011111111101111111111110, sa_flags=SA_RESTART|SA_SIGINFO
SIGINT: [libjvm.so+0x8a4450], sa_mask[0]=11111111011111111101111111111110, sa_flags=SA_RESTART|SA_SIGINFO
SIGTERM: [libjvm.so+0x8a4450], sa_mask[0]=11111111011111111101111111111110, sa_flags=SA_RESTART|SA_SIGINFO
SIGQUIT: [libjvm.so+0x8a4450], sa_mask[0]=11111111011111111101111111111110, sa_flags=SA_RESTART|SA_SIGINFO


---------------  S Y S T E M  ---------------

OS:NAME="Arch Linux"
ID=arch
PRETTY_NAME="Arch Linux"
ANSI_COLOR="0;36"
HOME_URL="https://www.archlinux.org/"
SUPPORT_URL="https://bbs.archlinux.org/"
BUG_REPORT_URL="https://bugs.archlinux.org/"


uname:Linux 4.4.1-2-ARCH #1 SMP PREEMPT Wed Feb 3 13:12:33 UTC 2016 x86_64
libc:glibc 2.23 NPTL 2.23 
rlimit: STACK 8192k, CORE infinity, NPROC 63012, NOFILE 4096, AS infinity
load average:0,44 0,45 0,45

/proc/meminfo:
MemTotal:       16349936 kB
MemFree:         7519312 kB
MemAvailable:    7783364 kB
Buffers:            5252 kB
Cached:           347816 kB
SwapCached:            0 kB
Active:          3983648 kB
Inactive:         180004 kB
Active(anon):    3811856 kB
Inactive(anon):    68652 kB
Active(file):     171792 kB
Inactive(file):   111352 kB
Unevictable:         104 kB
Mlocked:        34359738472 kB
SwapTotal:             0 kB
SwapFree:              0 kB
Dirty:                28 kB
Writeback:             0 kB
AnonPages:       3812856 kB
Mapped:           808848 kB
Shmem:             69924 kB
Slab:             566800 kB
SReclaimable:      41304 kB
SUnreclaim:       525496 kB
KernelStack:       18944 kB
PageTables:        47736 kB
NFS_Unstable:          0 kB
Bounce:                0 kB
WritebackTmp:          0 kB
CommitLimit:     8174968 kB
Committed_AS:    9306868 kB
VmallocTotal:   34359738367 kB
VmallocUsed:           0 kB
VmallocChunk:          0 kB
HardwareCorrupted:     0 kB
AnonHugePages:   2172928 kB
HugePages_Total:       0
HugePages_Free:        0
HugePages_Rsvd:        0
HugePages_Surp:        0
Hugepagesize:       2048 kB
DirectMap4k:     2325688 kB
DirectMap2M:    10170368 kB
DirectMap1G:     6291456 kB


CPU:total 12 (6 cores per cpu, 2 threads per core) family 6 model 45 stepping 7, cmov, cx8, fxsr, mmx, sse, sse2, sse3, ssse3, sse4.1, sse4.2, popcnt, avx, aes, clmul, ht, tsc, tscinvbit, tscinv

/proc/cpuinfo:
processor	: 0
vendor_id	: GenuineIntel
cpu family	: 6
model		: 45
model name	: Intel(R) Core(TM) i7-3930K CPU @ 3.20GHz
stepping	: 7
microcode	: 0x710
cpu MHz		: 4399.875
cache size	: 12288 KB
physical id	: 0
siblings	: 12
core id		: 0
cpu cores	: 6
apicid		: 0
initial apicid	: 0
fpu		: yes
fpu_exception	: yes
cpuid level	: 13
wp		: yes
flags		: fpu vme de pse tsc msr pae mce cx8 apic sep mtrr pge mca cmov pat pse36 clflush dts acpi mmx fxsr sse sse2 ss ht tm pbe syscall nx pdpe1gb rdtscp lm constant_tsc arch_perfmon pebs bts rep_good nopl xtopology nonstop_tsc aperfmperf eagerfpu pni pclmulqdq dtes64 monitor ds_cpl vmx est tm2 ssse3 cx16 xtpr pdcm pcid dca sse4_1 sse4_2 x2apic popcnt tsc_deadline_timer aes xsave avx lahf_lm ida arat pln pts dtherm tpr_shadow vnmi flexpriority ept vpid xsaveopt
bugs		:
bogomips	: 6402.89
clflush size	: 64
cache_alignment	: 64
address sizes	: 46 bits physical, 48 bits virtual
power management:

processor	: 1
vendor_id	: GenuineIntel
cpu family	: 6
model		: 45
model name	: Intel(R) Core(TM) i7-3930K CPU @ 3.20GHz
stepping	: 7
microcode	: 0x710
cpu MHz		: 4399.875
cache size	: 12288 KB
physical id	: 0
siblings	: 12
core id		: 1
cpu cores	: 6
apicid		: 2
initial apicid	: 2
fpu		: yes
fpu_exception	: yes
cpuid level	: 13
wp		: yes
flags		: fpu vme de pse tsc msr pae mce cx8 apic sep mtrr pge mca cmov pat pse36 clflush dts acpi mmx fxsr sse sse2 ss ht tm pbe syscall nx pdpe1gb rdtscp lm constant_tsc arch_perfmon pebs bts rep_good nopl xtopology nonstop_tsc aperfmperf eagerfpu pni pclmulqdq dtes64 monitor ds_cpl vmx est tm2 ssse3 cx16 xtpr pdcm pcid dca sse4_1 sse4_2 x2apic popcnt tsc_deadline_timer aes xsave avx lahf_lm ida arat pln pts dtherm tpr_shadow vnmi flexpriority ept vpid xsaveopt
bugs		:
bogomips	: 6402.89
clflush size	: 64
cache_alignment	: 64
address sizes	: 46 bits physical, 48 bits virtual
power management:

processor	: 2
vendor_id	: GenuineIntel
cpu family	: 6
model		: 45
model name	: Intel(R) Core(TM) i7-3930K CPU @ 3.20GHz
stepping	: 7
microcode	: 0x710
cpu MHz		: 4399.875
cache size	: 12288 KB
physical id	: 0
siblings	: 12
core id		: 2
cpu cores	: 6
apicid		: 4
initial apicid	: 4
fpu		: yes
fpu_exception	: yes
cpuid level	: 13
wp		: yes
flags		: fpu vme de pse tsc msr pae mce cx8 apic sep mtrr pge mca cmov pat pse36 clflush dts acpi mmx fxsr sse sse2 ss ht tm pbe syscall nx pdpe1gb rdtscp lm constant_tsc arch_perfmon pebs bts rep_good nopl xtopology nonstop_tsc aperfmperf eagerfpu pni pclmulqdq dtes64 monitor ds_cpl vmx est tm2 ssse3 cx16 xtpr pdcm pcid dca sse4_1 sse4_2 x2apic popcnt tsc_deadline_timer aes xsave avx lahf_lm ida arat pln pts dtherm tpr_shadow vnmi flexpriority ept vpid xsaveopt
bugs		:
bogomips	: 6402.89
clflush size	: 64
cache_alignment	: 64
address sizes	: 46 bits physical, 48 bits virtual
power management:

processor	: 3
vendor_id	: GenuineIntel
cpu family	: 6
model		: 45
model name	: Intel(R) Core(TM) i7-3930K CPU @ 3.20GHz
stepping	: 7
microcode	: 0x710
cpu MHz		: 4400.000
cache size	: 12288 KB
physical id	: 0
siblings	: 12
core id		: 3
cpu cores	: 6
apicid		: 6
initial apicid	: 6
fpu		: yes
fpu_exception	: yes
cpuid level	: 13
wp		: yes
flags		: fpu vme de pse tsc msr pae mce cx8 apic sep mtrr pge mca cmov pat pse36 clflush dts acpi mmx fxsr sse sse2 ss ht tm pbe syscall nx pdpe1gb rdtscp lm constant_tsc arch_perfmon pebs bts rep_good nopl xtopology nonstop_tsc aperfmperf eagerfpu pni pclmulqdq dtes64 monitor ds_cpl vmx est tm2 ssse3 cx16 xtpr pdcm pcid dca sse4_1 sse4_2 x2apic popcnt tsc_deadline_timer aes xsave avx lahf_lm ida arat pln pts dtherm tpr_shadow vnmi flexpriority ept vpid xsaveopt
bugs		:
bogomips	: 6402.89
clflush size	: 64
cache_alignment	: 64
address sizes	: 46 bits physical, 48 bits virtual
power management:

processor	: 4
vendor_id	: GenuineIntel
cpu family	: 6
model		: 45
model name	: Intel(R) Core(TM) i7-3930K CPU @ 3.20GHz
stepping	: 7
microcode	: 0x710
cpu MHz		: 4399.875
cache size	: 12288 KB
physical id	: 0
siblings	: 12
core id		: 4
cpu cores	: 6
apicid		: 8
initial apicid	: 8
fpu		: yes
fpu_exception	: yes
cpuid level	: 13
wp		: yes
flags		: fpu vme de pse tsc msr pae mce cx8 apic sep mtrr pge mca cmov pat pse36 clflush dts acpi mmx fxsr sse sse2 ss ht tm pbe syscall nx pdpe1gb rdtscp lm constant_tsc arch_perfmon pebs bts rep_good nopl xtopology nonstop_tsc aperfmperf eagerfpu pni pclmulqdq dtes64 monitor ds_cpl vmx est tm2 ssse3 cx16 xtpr pdcm pcid dca sse4_1 sse4_2 x2apic popcnt tsc_deadline_timer aes xsave avx lahf_lm ida arat pln pts dtherm tpr_shadow vnmi flexpriority ept vpid xsaveopt
bugs		:
bogomips	: 6402.89
clflush size	: 64
cache_alignment	: 64
address sizes	: 46 bits physical, 48 bits virtual
power management:

processor	: 5
vendor_id	: GenuineIntel
cpu family	: 6
model		: 45
model name	: Intel(R) Core(TM) i7-3930K CPU @ 3.20GHz
stepping	: 7
microcode	: 0x710
cpu MHz		: 4399.875
cache size	: 12288 KB
physical id	: 0
siblings	: 12
core id		: 5
cpu cores	: 6
apicid		: 10
initial apicid	: 10
fpu		: yes
fpu_exception	: yes
cpuid level	: 13
wp		: yes
flags		: fpu vme de pse tsc msr pae mce cx8 apic sep mtrr pge mca cmov pat pse36 clflush dts acpi mmx fxsr sse sse2 ss ht tm pbe syscall nx pdpe1gb rdtscp lm constant_tsc arch_perfmon pebs bts rep_good nopl xtopology nonstop_tsc aperfmperf eagerfpu pni pclmulqdq dtes64 monitor ds_cpl vmx est tm2 ssse3 cx16 xtpr pdcm pcid dca sse4_1 sse4_2 x2apic popcnt tsc_deadline_timer aes xsave avx lahf_lm ida arat pln pts dtherm tpr_shadow vnmi flexpriority ept vpid xsaveopt
bugs		:
bogomips	: 6402.89
clflush size	: 64
cache_alignment	: 64
address sizes	: 46 bits physical, 48 bits virtual
power management:

processor	: 6
vendor_id	: GenuineIntel
cpu family	: 6
model		: 45
model name	: Intel(R) Core(TM) i7-3930K CPU @ 3.20GHz
stepping	: 7
microcode	: 0x710
cpu MHz		: 4399.875
cache size	: 12288 KB
physical id	: 0
siblings	: 12
core id		: 0
cpu cores	: 6
apicid		: 1
initial apicid	: 1
fpu		: yes
fpu_exception	: yes
cpuid level	: 13
wp		: yes
flags		: fpu vme de pse tsc msr pae mce cx8 apic sep mtrr pge mca cmov pat pse36 clflush dts acpi mmx fxsr sse sse2 ss ht tm pbe syscall nx pdpe1gb rdtscp lm constant_tsc arch_perfmon pebs bts rep_good nopl xtopology nonstop_tsc aperfmperf eagerfpu pni pclmulqdq dtes64 monitor ds_cpl vmx est tm2 ssse3 cx16 xtpr pdcm pcid dca sse4_1 sse4_2 x2apic popcnt tsc_deadline_timer aes xsave avx lahf_lm ida arat pln pts dtherm tpr_shadow vnmi flexpriority ept vpid xsaveopt
bugs		:
bogomips	: 6402.89
clflush size	: 64
cache_alignment	: 64
address sizes	: 46 bits physical, 48 bits virtual
power management:

processor	: 7
vendor_id	: GenuineIntel
cpu family	: 6
model		: 45
model name	: Intel(R) Core(TM) i7-3930K CPU @ 3.20GHz
stepping	: 7
microcode	: 0x710
cpu MHz		: 4399.750
cache size	: 12288 KB
physical id	: 0
siblings	: 12
core id		: 1
cpu cores	: 6
apicid		: 3
initial apicid	: 3
fpu		: yes
fpu_exception	: yes
cpuid level	: 13
wp		: yes
flags		: fpu vme de pse tsc msr pae mce cx8 apic sep mtrr pge mca cmov pat pse36 clflush dts acpi mmx fxsr sse sse2 ss ht tm pbe syscall nx pdpe1gb rdtscp lm constant_tsc arch_perfmon pebs bts rep_good nopl xtopology nonstop_tsc aperfmperf eagerfpu pni pclmulqdq dtes64 monitor ds_cpl vmx est tm2 ssse3 cx16 xtpr pdcm pcid dca sse4_1 sse4_2 x2apic popcnt tsc_deadline_timer aes xsave avx lahf_lm ida arat pln pts dtherm tpr_shadow vnmi flexpriority ept vpid xsaveopt
bugs		:
bogomips	: 6402.89
clflush size	: 64
cache_alignment	: 64
address sizes	: 46 bits physical, 48 bits virtual
power management:

processor	: 8
vendor_id	: GenuineIntel
cpu family	: 6
model		: 45
model name	: Intel(R) Core(TM) i7-3930K CPU @ 3.20GHz
stepping	: 7
microcode	: 0x710
cpu MHz		: 4399.875
cache size	: 12288 KB
physical id	: 0
siblings	: 12
core id		: 2
cpu cores	: 6
apicid		: 5
initial apicid	: 5
fpu		: yes
fpu_exception	: yes
cpuid level	: 13
wp		: yes
flags		: fpu vme de pse tsc msr pae mce cx8 apic sep mtrr pge mca cmov pat pse36 clflush dts acpi mmx fxsr sse sse2 ss ht tm pbe syscall nx pdpe1gb rdtscp lm constant_tsc arch_perfmon pebs bts rep_good nopl xtopology nonstop_tsc aperfmperf eagerfpu pni pclmulqdq dtes64 monitor ds_cpl vmx est tm2 ssse3 cx16 xtpr pdcm pcid dca sse4_1 sse4_2 x2apic popcnt tsc_deadline_timer aes xsave avx lahf_lm ida arat pln pts dtherm tpr_shadow vnmi flexpriority ept vpid xsaveopt
bugs		:
bogomips	: 6402.89
clflush size	: 64
cache_alignment	: 64
address sizes	: 46 bits physical, 48 bits virtual
power management:

processor	: 9
vendor_id	: GenuineIntel
cpu family	: 6
model		: 45
model name	: Intel(R) Core(TM) i7-3930K CPU @ 3.20GHz
stepping	: 7
microcode	: 0x710
cpu MHz		: 4400.000
cache size	: 12288 KB
physical id	: 0
siblings	: 12
core id		: 3
cpu cores	: 6
apicid		: 7
initial apicid	: 7
fpu		: yes
fpu_exception	: yes
cpuid level	: 13
wp		: yes
flags		: fpu vme de pse tsc msr pae mce cx8 apic sep mtrr pge mca cmov pat pse36 clflush dts acpi mmx fxsr sse sse2 ss ht tm pbe syscall nx pdpe1gb rdtscp lm constant_tsc arch_perfmon pebs bts rep_good nopl xtopology nonstop_tsc aperfmperf eagerfpu pni pclmulqdq dtes64 monitor ds_cpl vmx est tm2 ssse3 cx16 xtpr pdcm pcid dca sse4_1 sse4_2 x2apic popcnt tsc_deadline_timer aes xsave avx lahf_lm ida arat pln pts dtherm tpr_shadow vnmi flexpriority ept vpid xsaveopt
bugs		:
bogomips	: 6402.89
clflush size	: 64
cache_alignment	: 64
address sizes	: 46 bits physical, 48 bits virtual
power management:

processor	: 10
vendor_id	: GenuineIntel
cpu family	: 6
model		: 45
model name	: Intel(R) Core(TM) i7-3930K CPU @ 3.20GHz
stepping	: 7
microcode	: 0x710
cpu MHz		: 4399.875
cache size	: 12288 KB
physical id	: 0
siblings	: 12
core id		: 4
cpu cores	: 6
apicid		: 9
initial apicid	: 9
fpu		: yes
fpu_exception	: yes
cpuid level	: 13
wp		: yes
flags		: fpu vme de pse tsc msr pae mce cx8 apic sep mtrr pge mca cmov pat pse36 clflush dts acpi mmx fxsr sse sse2 ss ht tm pbe syscall nx pdpe1gb rdtscp lm constant_tsc arch_perfmon pebs bts rep_good nopl xtopology nonstop_tsc aperfmperf eagerfpu pni pclmulqdq dtes64 monitor ds_cpl vmx est tm2 ssse3 cx16 xtpr pdcm pcid dca sse4_1 sse4_2 x2apic popcnt tsc_deadline_timer aes xsave avx lahf_lm ida arat pln pts dtherm tpr_shadow vnmi flexpriority ept vpid xsaveopt
bugs		:
bogomips	: 6402.89
clflush size	: 64
cache_alignment	: 64
address sizes	: 46 bits physical, 48 bits virtual
power management:

processor	: 11
vendor_id	: GenuineIntel
cpu family	: 6
model		: 45
model name	: Intel(R) Core(TM) i7-3930K CPU @ 3.20GHz
stepping	: 7
microcode	: 0x710
cpu MHz		: 4400.000
cache size	: 12288 KB
physical id	: 0
siblings	: 12
core id		: 5
cpu cores	: 6
apicid		: 11
initial apicid	: 11
fpu		: yes
fpu_exception	: yes
cpuid level	: 13
wp		: yes
flags		: fpu vme de pse tsc msr pae mce cx8 apic sep mtrr pge mca cmov pat pse36 clflush dts acpi mmx fxsr sse sse2 ss ht tm pbe syscall nx pdpe1gb rdtscp lm constant_tsc arch_perfmon pebs bts rep_good nopl xtopology nonstop_tsc aperfmperf eagerfpu pni pclmulqdq dtes64 monitor ds_cpl vmx est tm2 ssse3 cx16 xtpr pdcm pcid dca sse4_1 sse4_2 x2apic popcnt tsc_deadline_timer aes xsave avx lahf_lm ida arat pln pts dtherm tpr_shadow vnmi flexpriority ept vpid xsaveopt
bugs		:
bogomips	: 6402.89
clflush size	: 64
cache_alignment	: 64
address sizes	: 46 bits physical, 48 bits virtual
power management:



Memory: 4k page, physical 16349936k(7519040k free), swap 0k(0k free)

vm_info: OpenJDK 64-Bit Server VM (25.74-b02) for linux-amd64 JRE (1.8.0_74-b02), built on Feb  8 2016 12:22:08 by "builduser" with gcc 5.3.0

time: Tue Mar  1 23:29:20 2016
elapsed time: 0 seconds (0d 0h 0m 0s)

