#
# A fatal error has been detected by the Java Runtime Environment:
#
#  SIGSEGV (0xb) at pc=0x00007ff72229f4a3, pid=7040, tid=140700200662784
#
# JRE version: OpenJDK Runtime Environment (8.0_74-b02) (build 1.8.0_74-b02)
# Java VM: OpenJDK 64-Bit Server VM (25.74-b02 mixed mode linux-amd64 compressed oops)
# Problematic frame:
# C  [fglrx_dri.so+0x16734a3]
#
# Core dump written. Default location: /home/albin/TDDD78/core or core.7040
#
# If you would like to submit a bug report, please visit:
#   http://bugreport.java.com/bugreport/crash.jsp
# The crash happened outside the Java Virtual Machine in native code.
# See problematic frame for where to report the bug.
#

---------------  T H R E A D  ---------------

Current thread (0x00007ff748009000):  JavaThread "main" [_thread_in_native, id=7041, stack(0x00007ff7516af000,0x00007ff7517b0000)]

siginfo: si_signo: 11 (SIGSEGV), si_code: 1 (SEGV_MAPERR), si_addr: 0x00000000000000f0

Registers:
RAX=0x0000000000000000, RBX=0x00007ff748dbfec0, RCX=0x0000000000000000, RDX=0x00007ff7517ad908
RSP=0x00007ff7517ad500, RBP=0x00007ff748dc04d0, RSI=0x0000000000000000, RDI=0x00007ff748dbfec0
R8 =0x00007ff748de92c0, R9 =0x0000000000000140, R10=0x0000000000000400, R11=0x00007ff750b48420
R12=0x00007ff748dc7200, R13=0x0000000000000001, R14=0x0000000000000001, R15=0x00007ff748ddde50
RIP=0x00007ff72229f4a3, EFLAGS=0x0000000000010246, CSGSFS=0x0000000000000033, ERR=0x0000000000000004
  TRAPNO=0x000000000000000e

Top of Stack: (sp=0x00007ff7517ad500)
0x00007ff7517ad500:   0000006e0000005c 0000000000000000
0x00007ff7517ad510:   0000000000000000 0000007c00000077
0x00007ff7517ad520:   00007ff748571a60 00007ff748000020
0x00007ff7517ad530:   00007ff748dc05d0 0000000000000000
0x00007ff7517ad540:   00007ff7517ad908 00007ff748dc04d0
0x00007ff7517ad550:   00007ff7517ad908 0000000000000000
0x00007ff7517ad560:   00007ff748571a60 00007ff748571a60
0x00007ff7517ad570:   0000000000000022 00007ff7222c056c
0x00007ff7517ad580:   0000030000000044 00007ff7517ad908
0x00007ff7517ad590:   0000000000000001 0000000000000022
0x00007ff7517ad5a0:   00007ff748571a60 0000000000000400
0x00007ff7517ad5b0:   0000000000000300 00007ff7222c0794
0x00007ff7517ad5c0:   00007ff7517ad6f4 00007ff74857ac80
0x00007ff7517ad5d0:   00007ff748aaac00 00000000483b0520
0x00007ff7517ad5e0:   00007ff7517ad640 000000000000000f
0x00007ff7517ad5f0:   000000000000000f 00007ff722de816d
0x00007ff7517ad600:   00007ff7517ad6a0 00007ff748528490
0x00007ff7517ad610:   00007ff748571a60 0000000000000000
0x00007ff7517ad620:   0000000000000000 0000000000000000
0x00007ff7517ad630:   00007ff7517ad800 00007ff72224458a
0x00007ff7517ad640:   0000000000000044 00007ff7517ad8f0
0x00007ff7517ad650:   00007ff748ddae00 00007ff7517ad908
0x00007ff7517ad660:   0000000000000000 00007ff74856fb50
0x00007ff7517ad670:   0000000000000000 00007ff7222a1d13
0x00007ff7517ad680:   00007ff7517ad6f4 0000000000000000
0x00007ff7517ad690:   00007ff74857a970 00007ff748571a60
0x00007ff7517ad6a0:   00007ff748de9358 0000000000300000
0x00007ff7517ad6b0:   3f80000048de9358 00007ff74868c710
0x00007ff7517ad6c0:   0000006e0000005d 0000000000000000
0x00007ff7517ad6d0:   0000000000000000 00007ff74883c470
0x00007ff7517ad6e0:   00007ff7517ad8f0 00007ff74868c710
0x00007ff7517ad6f0:   0000000b00000000 00007ff721b7b774 

Instructions: (pc=0x00007ff72229f4a3)
0x00007ff72229f483:   02 00 00 00 c7 85 e8 01 00 00 05 00 00 00 89 85
0x00007ff72229f493:   4c 02 00 00 48 8b 4c 24 38 48 89 8d 78 02 00 00
0x00007ff72229f4a3:   0f b6 81 f0 00 00 00 c6 85 80 02 00 00 00 88 85
0x00007ff72229f4b3:   f0 00 00 00 8b 82 80 00 00 00 89 85 84 02 00 00 

Register to memory mapping:

RAX=0x0000000000000000 is an unknown value
RBX=0x00007ff748dbfec0 is an unknown value
RCX=0x0000000000000000 is an unknown value
RDX=0x00007ff7517ad908 is pointing into the stack for thread: 0x00007ff748009000
RSP=0x00007ff7517ad500 is pointing into the stack for thread: 0x00007ff748009000
RBP=0x00007ff748dc04d0 is an unknown value
RSI=0x0000000000000000 is an unknown value
RDI=0x00007ff748dbfec0 is an unknown value
R8 =0x00007ff748de92c0 is an unknown value
R9 =0x0000000000000140 is an unknown value
R10=0x0000000000000400 is an unknown value
R11=0x00007ff750b48420: <offset 0x16d420> in /usr/lib/libc.so.6 at 0x00007ff7509db000
R12=0x00007ff748dc7200 is an unknown value
R13=0x0000000000000001 is an unknown value
R14=0x0000000000000001 is an unknown value
R15=0x00007ff748ddde50 is an unknown value


Stack: [0x00007ff7516af000,0x00007ff7517b0000],  sp=0x00007ff7517ad500,  free space=1017k
Native frames: (J=compiled Java code, j=interpreted, Vv=VM code, C=native code)
C  [fglrx_dri.so+0x16734a3]

Java frames: (J=compiled Java code, j=interpreted, Vv=VM code)
j  org.lwjgl.system.JNI.invokePV(JJ)V+0
j  org.lwjgl.glfw.GLFW.glfwSwapBuffers(J)V+20
j  se.liu.ida.albhe417.tddd78.game.Game.draw()V+4
j  se.liu.ida.albhe417.tddd78.game.Game.run()V+23
j  se.liu.ida.albhe417.tddd78.game.Main.main([Ljava/lang/String;)V+9
v  ~StubRoutines::call_stub
j  sun.reflect.NativeMethodAccessorImpl.invoke0(Ljava/lang/reflect/Method;Ljava/lang/Object;[Ljava/lang/Object;)Ljava/lang/Object;+0
j  sun.reflect.NativeMethodAccessorImpl.invoke(Ljava/lang/Object;[Ljava/lang/Object;)Ljava/lang/Object;+100
j  sun.reflect.DelegatingMethodAccessorImpl.invoke(Ljava/lang/Object;[Ljava/lang/Object;)Ljava/lang/Object;+6
j  java.lang.reflect.Method.invoke(Ljava/lang/Object;[Ljava/lang/Object;)Ljava/lang/Object;+56
j  com.intellij.rt.execution.application.AppMain.main([Ljava/lang/String;)V+180
v  ~StubRoutines::call_stub

---------------  P R O C E S S  ---------------

Java Threads: ( => current thread )
  0x00007ff748285000 JavaThread "Monitor Ctrl-Break" daemon [_thread_in_native, id=7062, stack(0x00007ff729fcd000,0x00007ff72a0ce000)]
  0x00007ff74822c800 JavaThread "Service Thread" daemon [_thread_blocked, id=7060, stack(0x00007ff72a1cf000,0x00007ff72a2d0000)]
  0x00007ff748229800 JavaThread "C1 CompilerThread3" daemon [_thread_blocked, id=7059, stack(0x00007ff72a2d0000,0x00007ff72a3d1000)]
  0x00007ff748227800 JavaThread "C2 CompilerThread2" daemon [_thread_blocked, id=7058, stack(0x00007ff72a3d1000,0x00007ff72a4d2000)]
  0x00007ff748226000 JavaThread "C2 CompilerThread1" daemon [_thread_blocked, id=7057, stack(0x00007ff72a4d2000,0x00007ff72a5d3000)]
  0x00007ff748223000 JavaThread "C2 CompilerThread0" daemon [_thread_blocked, id=7056, stack(0x00007ff72a5d3000,0x00007ff72a6d4000)]
  0x00007ff748221800 JavaThread "Signal Dispatcher" daemon [_thread_blocked, id=7055, stack(0x00007ff72a6d4000,0x00007ff72a7d5000)]
  0x00007ff7481ee800 JavaThread "Finalizer" daemon [_thread_blocked, id=7054, stack(0x00007ff72aaeb000,0x00007ff72abec000)]
  0x00007ff7481ea000 JavaThread "Reference Handler" daemon [_thread_blocked, id=7053, stack(0x00007ff72abec000,0x00007ff72aced000)]
=>0x00007ff748009000 JavaThread "main" [_thread_in_native, id=7041, stack(0x00007ff7516af000,0x00007ff7517b0000)]

Other Threads:
  0x00007ff7481e2800 VMThread [stack: 0x00007ff72aced000,0x00007ff72adee000] [id=7052]
  0x00007ff74822f000 WatcherThread [stack: 0x00007ff72a0ce000,0x00007ff72a1cf000] [id=7061]

VM state:not at safepoint (normal execution)

VM Mutex/Monitor currently owned by a thread: None

Heap:
 PSYoungGen      total 74752K, used 5161K [0x000000076cd80000, 0x0000000772080000, 0x00000007c0000000)
  eden space 64512K, 8% used [0x000000076cd80000,0x000000076d28a400,0x0000000770c80000)
  from space 10240K, 0% used [0x0000000771680000,0x0000000771680000,0x0000000772080000)
  to   space 10240K, 0% used [0x0000000770c80000,0x0000000770c80000,0x0000000771680000)
 ParOldGen       total 171008K, used 0K [0x00000006c6800000, 0x00000006d0f00000, 0x000000076cd80000)
  object space 171008K, 0% used [0x00000006c6800000,0x00000006c6800000,0x00000006d0f00000)
 Metaspace       used 3770K, capacity 5080K, committed 5376K, reserved 1056768K
  class space    used 397K, capacity 456K, committed 512K, reserved 1048576K

Card table byte_map: [0x00007ff74e1af000,0x00007ff74e97c000] byte_map_base: 0x00007ff74ab7b000

Marking Bits: (ParMarkBitMap*) 0x00007ff7509c0400
 Begin Bits: [0x00007ff6fc340000, 0x00007ff7001a0000)
 End Bits:   [0x00007ff7001a0000, 0x00007ff704000000)

Polling page: 0x00007ff7517e1000

CodeCache: size=245760Kb used=1429Kb max_used=1429Kb free=244330Kb
 bounds [0x00007ff739000000, 0x00007ff739270000, 0x00007ff748000000]
 total_blobs=583 nmethods=154 adapters=344
 compilation: enabled

Compilation events (10 events):
Event: 0,106 Thread 0x00007ff748229800  148       3       java.lang.reflect.Field::setFieldAccessor (34 bytes)
Event: 0,106 Thread 0x00007ff748229800 nmethod 148 0x00007ff739163650 code [0x00007ff7391637e0, 0x00007ff739163b68]
Event: 0,106 Thread 0x00007ff748229800  149       3       sun.reflect.MagicAccessorImpl::<init> (5 bytes)
Event: 0,106 Thread 0x00007ff748229800 nmethod 149 0x00007ff739163c90 code [0x00007ff739163e00, 0x00007ff739163fb0]
Event: 0,172 Thread 0x00007ff748229800  151   !   3       java.util.zip.Inflater::inflate (113 bytes)
Event: 0,172 Thread 0x00007ff748229800 nmethod 151 0x00007ff739164750 code [0x00007ff739164920, 0x00007ff739164f98]
Event: 0,183 Thread 0x00007ff748229800  153       3       org.lwjgl.system.Checks::checkPointer (16 bytes)
Event: 0,183 Thread 0x00007ff748229800 nmethod 153 0x00007ff739165310 code [0x00007ff739165480, 0x00007ff7391656a8]
Event: 0,184 Thread 0x00007ff748229800  154       3       org.lwjgl.glfw.GLFW::getInstance (4 bytes)
Event: 0,184 Thread 0x00007ff748229800 nmethod 154 0x00007ff739165790 code [0x00007ff7391658e0, 0x00007ff739165a10]

GC Heap History (0 events):
No events

Deoptimization events (0 events):
No events

Internal exceptions (2 events):
Event: 0,018 Thread 0x00007ff748009000 Exception <a 'java/lang/NoSuchMethodError': Method sun.misc.Unsafe.defineClass(Ljava/lang/String;[BII)Ljava/lang/Class; name or signature does not match> (0x000000076cd87cc0) thrown at [/build/java8-openjdk/src/jdk8u-jdk8u74-b02/hotspot/src/share/vm/prims
Event: 0,018 Thread 0x00007ff748009000 Exception <a 'java/lang/NoSuchMethodError': Method sun.misc.Unsafe.prefetchRead(Ljava/lang/Object;J)V name or signature does not match> (0x000000076cd87fa8) thrown at [/build/java8-openjdk/src/jdk8u-jdk8u74-b02/hotspot/src/share/vm/prims/jni.cpp, line 398

Events (10 events):
Event: 0,101 loading class org/lwjgl/glfw/GLFWErrorCallback$3$1
Event: 0,101 loading class org/lwjgl/glfw/GLFWErrorCallback$3$1 done
Event: 0,101 loading class org/lwjgl/glfw/GLFW
Event: 0,101 loading class org/lwjgl/glfw/GLFW done
Event: 0,105 loading class sun/reflect/UnsafeQualifiedStaticIntegerFieldAccessorImpl
Event: 0,105 loading class sun/reflect/UnsafeQualifiedStaticIntegerFieldAccessorImpl done
Event: 0,149 loading class org/lwjgl/glfw/EventLoop$OffScreen
Event: 0,149 loading class org/lwjgl/glfw/EventLoop$OffScreen done
Event: 0,171 loading class org/lwjgl/glfw/EventLoop$OnScreen
Event: 0,171 loading class org/lwjgl/glfw/EventLoop$OnScreen done


Dynamic libraries:
00400000-00401000 r-xp 00000000 00:12 172157                             /usr/lib/jvm/java-8-openjdk/jre/bin/java
00600000-00601000 rw-p 00000000 00:12 172157                             /usr/lib/jvm/java-8-openjdk/jre/bin/java
014f2000-01513000 rw-p 00000000 00:00 0                                  [heap]
6c6800000-6d0f00000 rw-p 00000000 00:00 0 
6d0f00000-76cd80000 ---p 00000000 00:00 0 
76cd80000-772080000 rw-p 00000000 00:00 0 
772080000-7c0000000 ---p 00000000 00:00 0 
7c0000000-7c0080000 rw-p 00000000 00:00 0 
7c0080000-800000000 ---p 00000000 00:00 0 
7ff6cc000000-7ff6cc021000 rw-p 00000000 00:00 0 
7ff6cc021000-7ff6d0000000 ---p 00000000 00:00 0 
7ff6d0000000-7ff6d0021000 rw-p 00000000 00:00 0 
7ff6d0021000-7ff6d4000000 ---p 00000000 00:00 0 
7ff6d70ff000-7ff6d7100000 ---p 00000000 00:00 0 
7ff6d7100000-7ff6d7900000 rw-p 00000000 00:00 0                          [stack:7085]
7ff6d7900000-7ff6d8000000 rw-s 00006000 00:06 9675                       /dev/ati/card0
7ff6d8000000-7ff6d8021000 rw-p 00000000 00:00 0 
7ff6d8021000-7ff6dc000000 ---p 00000000 00:00 0 
7ff6dc000000-7ff6dc021000 rw-p 00000000 00:00 0 
7ff6dc021000-7ff6e0000000 ---p 00000000 00:00 0 
7ff6e0000000-7ff6e0021000 rw-p 00000000 00:00 0 
7ff6e0021000-7ff6e4000000 ---p 00000000 00:00 0 
7ff6e4000000-7ff6e4088000 rw-p 00000000 00:00 0 
7ff6e4088000-7ff6e8000000 ---p 00000000 00:00 0 
7ff6e8000000-7ff6e804e000 rw-p 00000000 00:00 0 
7ff6e804e000-7ff6ec000000 ---p 00000000 00:00 0 
7ff6ec000000-7ff6ec021000 rw-p 00000000 00:00 0 
7ff6ec021000-7ff6f0000000 ---p 00000000 00:00 0 
7ff6f0000000-7ff6f0021000 rw-p 00000000 00:00 0 
7ff6f0021000-7ff6f4000000 ---p 00000000 00:00 0 
7ff6f4000000-7ff6f4021000 rw-p 00000000 00:00 0 
7ff6f4021000-7ff6f8000000 ---p 00000000 00:00 0 
7ff6f8000000-7ff6f8021000 rw-p 00000000 00:00 0 
7ff6f8021000-7ff6fc000000 ---p 00000000 00:00 0 
7ff6fc340000-7ff704000000 rw-p 00000000 00:00 0 
7ff704000000-7ff704021000 rw-p 00000000 00:00 0 
7ff704021000-7ff708000000 ---p 00000000 00:00 0 
7ff708000000-7ff708021000 rw-p 00000000 00:00 0 
7ff708021000-7ff70c000000 ---p 00000000 00:00 0 
7ff70c000000-7ff70c021000 rw-p 00000000 00:00 0 
7ff70c021000-7ff710000000 ---p 00000000 00:00 0 
7ff710000000-7ff710021000 rw-p 00000000 00:00 0 
7ff710021000-7ff714000000 ---p 00000000 00:00 0 
7ff714000000-7ff714021000 rw-p 00000000 00:00 0 
7ff714021000-7ff718000000 ---p 00000000 00:00 0 
7ff718000000-7ff718021000 rw-p 00000000 00:00 0 
7ff718021000-7ff71c000000 ---p 00000000 00:00 0 
7ff71c000000-7ff71c021000 rw-p 00000000 00:00 0 
7ff71c021000-7ff720000000 ---p 00000000 00:00 0 
7ff7203b5000-7ff720461000 r-xp 00000000 00:12 197551                     /usr/lib/libatiadlxx.so
7ff720461000-7ff720560000 ---p 000ac000 00:12 197551                     /usr/lib/libatiadlxx.so
7ff720560000-7ff720563000 rw-p 000ab000 00:12 197551                     /usr/lib/libatiadlxx.so
7ff720563000-7ff720573000 rw-p 00000000 00:00 0 
7ff720573000-7ff720583000 r-xp 00000000 00:12 197561                     /usr/lib/libatiuki.so.1.0
7ff720583000-7ff720682000 ---p 00010000 00:12 197561                     /usr/lib/libatiuki.so.1.0
7ff720682000-7ff720694000 rw-p 0000f000 00:12 197561                     /usr/lib/libatiuki.so.1.0
7ff720694000-7ff7206aa000 r-xp 00000000 00:12 166862                     /usr/lib/libgcc_s.so.1
7ff7206aa000-7ff7208a9000 ---p 00016000 00:12 166862                     /usr/lib/libgcc_s.so.1
7ff7208a9000-7ff7208aa000 rw-p 00015000 00:12 166862                     /usr/lib/libgcc_s.so.1
7ff7208aa000-7ff720a1c000 r-xp 00000000 00:12 166897                     /usr/lib/libstdc++.so.6.0.21
7ff720a1c000-7ff720c1c000 ---p 00172000 00:12 166897                     /usr/lib/libstdc++.so.6.0.21
7ff720c1c000-7ff720c26000 r--p 00172000 00:12 166897                     /usr/lib/libstdc++.so.6.0.21
7ff720c26000-7ff720c28000 rw-p 0017c000 00:12 166897                     /usr/lib/libstdc++.so.6.0.21
7ff720c28000-7ff720c2c000 rw-p 00000000 00:00 0 
7ff720c2c000-7ff7231ba000 r-xp 00000000 00:12 197576                     /usr/lib/xorg/modules/dri/fglrx_dri.so
7ff7231ba000-7ff7232b9000 ---p 0258e000 00:12 197576                     /usr/lib/xorg/modules/dri/fglrx_dri.so
7ff7232b9000-7ff72349c000 rwxp 0258d000 00:12 197576                     /usr/lib/xorg/modules/dri/fglrx_dri.so
7ff72349c000-7ff7235e9000 rwxp 00000000 00:00 0 
7ff7235e9000-7ff723693000 r-xp 00000000 00:12 197568                     /usr/lib/fglrx/fglrx-libGL.so.1.2
7ff723693000-7ff723793000 ---p 000aa000 00:12 197568                     /usr/lib/fglrx/fglrx-libGL.so.1.2
7ff723793000-7ff7237c9000 rwxp 000aa000 00:12 197568                     /usr/lib/fglrx/fglrx-libGL.so.1.2
7ff7237c9000-7ff7237e6000 rwxp 00000000 00:00 0 
7ff7237e6000-7ff7237eb000 r-xp 00000000 00:12 49415                      /usr/lib/libXdmcp.so.6.0.0
7ff7237eb000-7ff7239ea000 ---p 00005000 00:12 49415                      /usr/lib/libXdmcp.so.6.0.0
7ff7239ea000-7ff7239eb000 r--p 00004000 00:12 49415                      /usr/lib/libXdmcp.so.6.0.0
7ff7239eb000-7ff7239ec000 rw-p 00005000 00:12 49415                      /usr/lib/libXdmcp.so.6.0.0
7ff7239ec000-7ff7239ee000 r-xp 00000000 00:12 49776                      /usr/lib/libXau.so.6.0.0
7ff7239ee000-7ff723bee000 ---p 00002000 00:12 49776                      /usr/lib/libXau.so.6.0.0
7ff723bee000-7ff723bef000 r--p 00002000 00:12 49776                      /usr/lib/libXau.so.6.0.0
7ff723bef000-7ff723bf0000 rw-p 00003000 00:12 49776                      /usr/lib/libXau.so.6.0.0
7ff723bf0000-7ff723bf5000 r-xp 00000000 00:12 55469                      /usr/lib/libXfixes.so.3.1.0
7ff723bf5000-7ff723df4000 ---p 00005000 00:12 55469                      /usr/lib/libXfixes.so.3.1.0
7ff723df4000-7ff723df5000 r--p 00004000 00:12 55469                      /usr/lib/libXfixes.so.3.1.0
7ff723df5000-7ff723df6000 rw-p 00005000 00:12 55469                      /usr/lib/libXfixes.so.3.1.0
7ff723df6000-7ff723dff000 r-xp 00000000 00:12 55780                      /usr/lib/libXrender.so.1.3.0
7ff723dff000-7ff723ffe000 ---p 00009000 00:12 55780                      /usr/lib/libXrender.so.1.3.0
7ff723ffe000-7ff723fff000 r--p 00008000 00:12 55780                      /usr/lib/libXrender.so.1.3.0
7ff723fff000-7ff724000000 rw-p 00009000 00:12 55780                      /usr/lib/libXrender.so.1.3.0
7ff724000000-7ff724021000 rw-p 00000000 00:00 0 
7ff724021000-7ff728000000 ---p 00000000 00:00 0 
7ff728041000-7ff728052000 r-xp 00000000 00:12 55402                      /usr/lib/libXext.so.6.4.0
7ff728052000-7ff728251000 ---p 00011000 00:12 55402                      /usr/lib/libXext.so.6.4.0
7ff728251000-7ff728252000 r--p 00010000 00:12 55402                      /usr/lib/libXext.so.6.4.0
7ff728252000-7ff728253000 rw-p 00011000 00:12 55402                      /usr/lib/libXext.so.6.4.0
7ff728253000-7ff728274000 r-xp 00000000 00:12 52521                      /usr/lib/libxcb.so.1.1.0
7ff728274000-7ff728474000 ---p 00021000 00:12 52521                      /usr/lib/libxcb.so.1.1.0
7ff728474000-7ff728475000 r--p 00021000 00:12 52521                      /usr/lib/libxcb.so.1.1.0
7ff728475000-7ff728476000 rw-p 00022000 00:12 52521                      /usr/lib/libxcb.so.1.1.0
7ff728476000-7ff728480000 r-xp 00000000 00:12 55900                      /usr/lib/libXcursor.so.1.0.2
7ff728480000-7ff72867f000 ---p 0000a000 00:12 55900                      /usr/lib/libXcursor.so.1.0.2
7ff72867f000-7ff728680000 r--p 00009000 00:12 55900                      /usr/lib/libXcursor.so.1.0.2
7ff728680000-7ff728681000 rw-p 0000a000 00:12 55900                      /usr/lib/libXcursor.so.1.0.2
7ff728681000-7ff728686000 r-xp 00000000 00:12 55447                      /usr/lib/libXxf86vm.so.1.0.0
7ff728686000-7ff728885000 ---p 00005000 00:12 55447                      /usr/lib/libXxf86vm.so.1.0.0
7ff728885000-7ff728886000 r--p 00004000 00:12 55447                      /usr/lib/libXxf86vm.so.1.0.0
7ff728886000-7ff728887000 rw-p 00005000 00:12 55447                      /usr/lib/libXxf86vm.so.1.0.0
7ff728887000-7ff728896000 r-xp 00000000 00:12 197359                     /usr/lib/libXi.so.6.1.0
7ff728896000-7ff728a95000 ---p 0000f000 00:12 197359                     /usr/lib/libXi.so.6.1.0
7ff728a95000-7ff728a96000 r--p 0000e000 00:12 197359                     /usr/lib/libXi.so.6.1.0
7ff728a96000-7ff728a97000 rw-p 0000f000 00:12 197359                     /usr/lib/libXi.so.6.1.0
7ff728a97000-7ff728a99000 r-xp 00000000 00:12 56023                      /usr/lib/libXinerama.so.1.0.0
7ff728a99000-7ff728c98000 ---p 00002000 00:12 56023                      /usr/lib/libXinerama.so.1.0.0
7ff728c98000-7ff728c99000 r--p 00001000 00:12 56023                      /usr/lib/libXinerama.so.1.0.0
7ff728c99000-7ff728c9a000 rw-p 00002000 00:12 56023                      /usr/lib/libXinerama.so.1.0.0
7ff728c9a000-7ff728ca4000 r-xp 00000000 00:12 55818                      /usr/lib/libXrandr.so.2.2.0
7ff728ca4000-7ff728ea3000 ---p 0000a000 00:12 55818                      /usr/lib/libXrandr.so.2.2.0
7ff728ea3000-7ff728ea4000 r--p 00009000 00:12 55818                      /usr/lib/libXrandr.so.2.2.0
7ff728ea4000-7ff728ea5000 rw-p 0000a000 00:12 55818                      /usr/lib/libXrandr.so.2.2.0
7ff728ea5000-7ff728fe0000 r-xp 00000000 00:12 52652                      /usr/lib/libX11.so.6.3.0
7ff728fe0000-7ff7291df000 ---p 0013b000 00:12 52652                      /usr/lib/libX11.so.6.3.0
7ff7291df000-7ff7291e1000 r--p 0013a000 00:12 52652                      /usr/lib/libX11.so.6.3.0
7ff7291e1000-7ff7291e6000 rw-p 0013c000 00:12 52652                      /usr/lib/libX11.so.6.3.0
7ff7291e6000-7ff7291e7000 rw-p 00000000 00:00 0 
7ff7291e7000-7ff7291eb000 r-xp 00000000 00:25 101712                     /home/albin/TDDD78/lwjgl/native/libglfw.so
7ff7291eb000-7ff7291ff000 r-xp 00000000 00:00 0 
7ff7291ff000-7ff7293fe000 ---p 00018000 00:25 101712                     /home/albin/TDDD78/lwjgl/native/libglfw.so
7ff7293fe000-7ff7293ff000 rw-p 0000d000 00:25 101712                     /home/albin/TDDD78/lwjgl/native/libglfw.so
7ff7293ff000-7ff729800000 rw-p 00000000 00:00 0 
7ff729890000-7ff729904000 rw-p 00000000 00:00 0 
7ff729911000-7ff729914000 r-xp 00000000 00:25 101715                     /home/albin/TDDD78/lwjgl/native/libjemalloc.so
7ff729914000-7ff729950000 r-xp 00000000 00:00 0 
7ff729950000-7ff729b4f000 ---p 0003f000 00:25 101715                     /home/albin/TDDD78/lwjgl/native/libjemalloc.so
7ff729b4f000-7ff729b51000 r--p 0001c000 00:25 101715                     /home/albin/TDDD78/lwjgl/native/libjemalloc.so
7ff729b51000-7ff729b52000 rw-p 0001e000 00:25 101715                     /home/albin/TDDD78/lwjgl/native/libjemalloc.so
7ff729b52000-7ff729b53000 rw-p 00000000 00:00 0 
7ff729b53000-7ff729b60000 r-xp 00000000 00:25 101718                     /home/albin/TDDD78/lwjgl/native/liblwjgl.so
7ff729b60000-7ff729bb4000 r-xp 00000000 00:00 0 
7ff729bb4000-7ff729db3000 ---p 00061000 00:25 101718                     /home/albin/TDDD78/lwjgl/native/liblwjgl.so
7ff729db3000-7ff729db5000 rw-p 00033000 00:25 101718                     /home/albin/TDDD78/lwjgl/native/liblwjgl.so
7ff729db5000-7ff729db6000 rw-p 00000000 00:00 0 
7ff729db6000-7ff729dcc000 r-xp 00000000 00:12 172127                     /usr/lib/jvm/java-8-openjdk/jre/lib/amd64/libnet.so
7ff729dcc000-7ff729fcc000 ---p 00016000 00:12 172127                     /usr/lib/jvm/java-8-openjdk/jre/lib/amd64/libnet.so
7ff729fcc000-7ff729fcd000 rw-p 00016000 00:12 172127                     /usr/lib/jvm/java-8-openjdk/jre/lib/amd64/libnet.so
7ff729fcd000-7ff729fd0000 ---p 00000000 00:00 0 
7ff729fd0000-7ff72a0ce000 rw-p 00000000 00:00 0                          [stack:7062]
7ff72a0ce000-7ff72a0cf000 ---p 00000000 00:00 0 
7ff72a0cf000-7ff72a1cf000 rw-p 00000000 00:00 0                          [stack:7061]
7ff72a1cf000-7ff72a1d2000 ---p 00000000 00:00 0 
7ff72a1d2000-7ff72a2d0000 rw-p 00000000 00:00 0                          [stack:7060]
7ff72a2d0000-7ff72a2d3000 ---p 00000000 00:00 0 
7ff72a2d3000-7ff72a3d1000 rw-p 00000000 00:00 0                          [stack:7059]
7ff72a3d1000-7ff72a3d4000 ---p 00000000 00:00 0 
7ff72a3d4000-7ff72a4d2000 rw-p 00000000 00:00 0                          [stack:7058]
7ff72a4d2000-7ff72a4d5000 ---p 00000000 00:00 0 
7ff72a4d5000-7ff72a5d3000 rw-p 00000000 00:00 0                          [stack:7057]
7ff72a5d3000-7ff72a5d6000 ---p 00000000 00:00 0 
7ff72a5d6000-7ff72a6d4000 rw-p 00000000 00:00 0                          [stack:7056]
7ff72a6d4000-7ff72a6d7000 ---p 00000000 00:00 0 
7ff72a6d7000-7ff72a7d5000 rw-p 00000000 00:00 0                          [stack:7055]
7ff72a7d5000-7ff72aaeb000 r--p 00000000 00:12 166542                     /usr/lib/locale/locale-archive
7ff72aaeb000-7ff72aaee000 ---p 00000000 00:00 0 
7ff72aaee000-7ff72abec000 rw-p 00000000 00:00 0                          [stack:7054]
7ff72abec000-7ff72abef000 ---p 00000000 00:00 0 
7ff72abef000-7ff72aced000 rw-p 00000000 00:00 0                          [stack:7053]
7ff72aced000-7ff72acee000 ---p 00000000 00:00 0 
7ff72acee000-7ff72c000000 rw-p 00000000 00:00 0                          [stack:7052]
7ff72c000000-7ff72c021000 rw-p 00000000 00:00 0 
7ff72c021000-7ff730000000 ---p 00000000 00:00 0 
7ff730000000-7ff730021000 rw-p 00000000 00:00 0 
7ff730021000-7ff734000000 ---p 00000000 00:00 0 
7ff734000000-7ff734021000 rw-p 00000000 00:00 0 
7ff734021000-7ff738000000 ---p 00000000 00:00 0 
7ff738002000-7ff738042000 rw-s 0008d000 00:06 9675                       /dev/ati/card0
7ff738042000-7ff738082000 rw-s 00004000 00:06 9675                       /dev/ati/card0
7ff738082000-7ff7380a5000 r--p 00000000 00:12 164996                     /usr/share/locale/sv/LC_MESSAGES/libc.mo
7ff7380a5000-7ff7380d6000 rw-p 00000000 00:00 0 
7ff7380d6000-7ff7380f1000 r--s 001e6000 00:25 101704                     /home/albin/TDDD78/lwjgl/jar/lwjgl.jar
7ff7380f1000-7ff739000000 rw-p 00000000 00:00 0 
7ff739000000-7ff739270000 rwxp 00000000 00:00 0 
7ff739270000-7ff748000000 ---p 00000000 00:00 0 
7ff748000000-7ff748e10000 rw-p 00000000 00:00 0 
7ff748e10000-7ff74c000000 ---p 00000000 00:00 0 
7ff74c008000-7ff74c1d5000 r--s 03be5000 00:12 172068                     /usr/lib/jvm/java-8-openjdk/jre/lib/rt.jar
7ff74c1d5000-7ff74c766000 rw-p 00000000 00:00 0 
7ff74c766000-7ff74caa6000 ---p 00000000 00:00 0 
7ff74caa6000-7ff74d272000 rw-p 00000000 00:00 0 
7ff74d272000-7ff74d273000 ---p 00000000 00:00 0 
7ff74d273000-7ff74d373000 rw-p 00000000 00:00 0                          [stack:7051]
7ff74d373000-7ff74d374000 ---p 00000000 00:00 0 
7ff74d374000-7ff74d474000 rw-p 00000000 00:00 0                          [stack:7050]
7ff74d474000-7ff74d475000 ---p 00000000 00:00 0 
7ff74d475000-7ff74d575000 rw-p 00000000 00:00 0                          [stack:7049]
7ff74d575000-7ff74d576000 ---p 00000000 00:00 0 
7ff74d576000-7ff74d676000 rw-p 00000000 00:00 0                          [stack:7048]
7ff74d676000-7ff74d677000 ---p 00000000 00:00 0 
7ff74d677000-7ff74d777000 rw-p 00000000 00:00 0                          [stack:7047]
7ff74d777000-7ff74d778000 ---p 00000000 00:00 0 
7ff74d778000-7ff74d878000 rw-p 00000000 00:00 0                          [stack:7046]
7ff74d878000-7ff74d879000 ---p 00000000 00:00 0 
7ff74d879000-7ff74d979000 rw-p 00000000 00:00 0                          [stack:7045]
7ff74d979000-7ff74d97a000 ---p 00000000 00:00 0 
7ff74d97a000-7ff74da7a000 rw-p 00000000 00:00 0                          [stack:7044]
7ff74da7a000-7ff74da7b000 ---p 00000000 00:00 0 
7ff74da7b000-7ff74db7b000 rw-p 00000000 00:00 0                          [stack:7043]
7ff74db7b000-7ff74db7c000 ---p 00000000 00:00 0 
7ff74db7c000-7ff74dcd0000 rw-p 00000000 00:00 0                          [stack:7042]
7ff74dcd0000-7ff74e1af000 ---p 00000000 00:00 0 
7ff74e1af000-7ff74e203000 rw-p 00000000 00:00 0 
7ff74e203000-7ff74e6e1000 ---p 00000000 00:00 0 
7ff74e6e1000-7ff74e70c000 rw-p 00000000 00:00 0 
7ff74e70c000-7ff74e97b000 ---p 00000000 00:00 0 
7ff74e97b000-7ff74e986000 rw-p 00000000 00:00 0 
7ff74e986000-7ff74ed3c000 ---p 00000000 00:00 0 
7ff74ed3c000-7ff74ed44000 r-xp 00000000 00:12 172125                     /usr/lib/jvm/java-8-openjdk/jre/lib/amd64/libzip.so
7ff74ed44000-7ff74ef43000 ---p 00008000 00:12 172125                     /usr/lib/jvm/java-8-openjdk/jre/lib/amd64/libzip.so
7ff74ef43000-7ff74ef44000 rw-p 00007000 00:12 172125                     /usr/lib/jvm/java-8-openjdk/jre/lib/amd64/libzip.so
7ff74ef44000-7ff74ef4f000 r-xp 00000000 00:12 166265                     /usr/lib/libnss_files-2.23.so
7ff74ef4f000-7ff74f14e000 ---p 0000b000 00:12 166265                     /usr/lib/libnss_files-2.23.so
7ff74f14e000-7ff74f14f000 r--p 0000a000 00:12 166265                     /usr/lib/libnss_files-2.23.so
7ff74f14f000-7ff74f150000 rw-p 0000b000 00:12 166265                     /usr/lib/libnss_files-2.23.so
7ff74f150000-7ff74f156000 rw-p 00000000 00:00 0 
7ff74f156000-7ff74f182000 r-xp 00000000 00:12 172124                     /usr/lib/jvm/java-8-openjdk/jre/lib/amd64/libjava.so
7ff74f182000-7ff74f382000 ---p 0002c000 00:12 172124                     /usr/lib/jvm/java-8-openjdk/jre/lib/amd64/libjava.so
7ff74f382000-7ff74f384000 rw-p 0002c000 00:12 172124                     /usr/lib/jvm/java-8-openjdk/jre/lib/amd64/libjava.so
7ff74f384000-7ff74f391000 r-xp 00000000 00:12 172116                     /usr/lib/jvm/java-8-openjdk/jre/lib/amd64/libverify.so
7ff74f391000-7ff74f590000 ---p 0000d000 00:12 172116                     /usr/lib/jvm/java-8-openjdk/jre/lib/amd64/libverify.so
7ff74f590000-7ff74f592000 rw-p 0000c000 00:12 172116                     /usr/lib/jvm/java-8-openjdk/jre/lib/amd64/libverify.so
7ff74f592000-7ff74f599000 r-xp 00000000 00:12 166274                     /usr/lib/librt-2.23.so
7ff74f599000-7ff74f798000 ---p 00007000 00:12 166274                     /usr/lib/librt-2.23.so
7ff74f798000-7ff74f799000 r--p 00006000 00:12 166274                     /usr/lib/librt-2.23.so
7ff74f799000-7ff74f79a000 rw-p 00007000 00:12 166274                     /usr/lib/librt-2.23.so
7ff74f79a000-7ff74f89d000 r-xp 00000000 00:12 166271                     /usr/lib/libm-2.23.so
7ff74f89d000-7ff74fa9d000 ---p 00103000 00:12 166271                     /usr/lib/libm-2.23.so
7ff74fa9d000-7ff74fa9e000 r--p 00103000 00:12 166271                     /usr/lib/libm-2.23.so
7ff74fa9e000-7ff74fa9f000 rw-p 00104000 00:12 166271                     /usr/lib/libm-2.23.so
7ff74fa9f000-7ff7506f1000 r-xp 00000000 00:12 172148                     /usr/lib/jvm/java-8-openjdk/jre/lib/amd64/server/libjvm.so
7ff7506f1000-7ff7508f1000 ---p 00c52000 00:12 172148                     /usr/lib/jvm/java-8-openjdk/jre/lib/amd64/server/libjvm.so
7ff7508f1000-7ff7509ad000 rw-p 00c52000 00:12 172148                     /usr/lib/jvm/java-8-openjdk/jre/lib/amd64/server/libjvm.so
7ff7509ad000-7ff7509db000 rw-p 00000000 00:00 0 
7ff7509db000-7ff750b73000 r-xp 00000000 00:12 166213                     /usr/lib/libc-2.23.so
7ff750b73000-7ff750d72000 ---p 00198000 00:12 166213                     /usr/lib/libc-2.23.so
7ff750d72000-7ff750d76000 r--p 00197000 00:12 166213                     /usr/lib/libc-2.23.so
7ff750d76000-7ff750d78000 rw-p 0019b000 00:12 166213                     /usr/lib/libc-2.23.so
7ff750d78000-7ff750d7c000 rw-p 00000000 00:00 0 
7ff750d7c000-7ff750d7e000 r-xp 00000000 00:12 166270                     /usr/lib/libdl-2.23.so
7ff750d7e000-7ff750f7e000 ---p 00002000 00:12 166270                     /usr/lib/libdl-2.23.so
7ff750f7e000-7ff750f7f000 r--p 00002000 00:12 166270                     /usr/lib/libdl-2.23.so
7ff750f7f000-7ff750f80000 rw-p 00003000 00:12 166270                     /usr/lib/libdl-2.23.so
7ff750f80000-7ff750f8d000 r-xp 00000000 00:12 172145                     /usr/lib/jvm/java-8-openjdk/jre/lib/amd64/jli/libjli.so
7ff750f8d000-7ff75118c000 ---p 0000d000 00:12 172145                     /usr/lib/jvm/java-8-openjdk/jre/lib/amd64/jli/libjli.so
7ff75118c000-7ff75118d000 rw-p 0000c000 00:12 172145                     /usr/lib/jvm/java-8-openjdk/jre/lib/amd64/jli/libjli.so
7ff75118d000-7ff7511a2000 r-xp 00000000 00:12 6814                       /usr/lib/libz.so.1.2.8
7ff7511a2000-7ff7513a1000 ---p 00015000 00:12 6814                       /usr/lib/libz.so.1.2.8
7ff7513a1000-7ff7513a2000 r--p 00014000 00:12 6814                       /usr/lib/libz.so.1.2.8
7ff7513a2000-7ff7513a3000 rw-p 00015000 00:12 6814                       /usr/lib/libz.so.1.2.8
7ff7513a3000-7ff7513bb000 r-xp 00000000 00:12 166190                     /usr/lib/libpthread-2.23.so
7ff7513bb000-7ff7515ba000 ---p 00018000 00:12 166190                     /usr/lib/libpthread-2.23.so
7ff7515ba000-7ff7515bb000 r--p 00017000 00:12 166190                     /usr/lib/libpthread-2.23.so
7ff7515bb000-7ff7515bc000 rw-p 00018000 00:12 166190                     /usr/lib/libpthread-2.23.so
7ff7515bc000-7ff7515c0000 rw-p 00000000 00:00 0 
7ff7515c0000-7ff7515e3000 r-xp 00000000 00:12 166212                     /usr/lib/ld-2.23.so
7ff7515e8000-7ff7515e9000 rw-s 00000000 00:14 152077                     /dev/shm/sem.__AMD_GL_CACHE__05ba96eaa344c23c_32
7ff7515e9000-7ff7515ea000 rw-s 00005000 00:06 9675                       /dev/ati/card0
7ff7515ea000-7ff7515ec000 rw-s 0013e000 00:06 9675                       /dev/ati/card0
7ff7515ec000-7ff7516af000 rw-p 00000000 00:00 0 
7ff7516af000-7ff7516b2000 ---p 00000000 00:00 0 
7ff7516b2000-7ff7517b4000 rw-p 00000000 00:00 0                          [stack:7041]
7ff7517b4000-7ff7517b5000 rwxp 00000000 00:00 0 
7ff7517b5000-7ff7517b7000 r--s 0001e000 00:12 192149                     /usr/share/intellijidea-ce/lib/idea_rt.jar
7ff7517b7000-7ff7517ca000 r--s 00346000 00:12 172067                     /usr/lib/jvm/java-8-openjdk/jre/lib/resources.jar
7ff7517ca000-7ff7517cb000 r--s 00000000 00:12 172064                     /usr/lib/jvm/java-8-openjdk/jre/lib/management-agent.jar
7ff7517cb000-7ff7517cf000 r--s 00097000 00:12 172065                     /usr/lib/jvm/java-8-openjdk/jre/lib/jsse.jar
7ff7517cf000-7ff7517d2000 r--s 00015000 00:12 172062                     /usr/lib/jvm/java-8-openjdk/jre/lib/jce.jar
7ff7517d2000-7ff7517d8000 r--s 002f8000 00:12 172066                     /usr/lib/jvm/java-8-openjdk/jre/lib/charsets.jar
7ff7517d8000-7ff7517e0000 rw-s 00000000 00:23 175826                     /tmp/hsperfdata_albin/7040
7ff7517e0000-7ff7517e1000 rw-p 00000000 00:00 0 
7ff7517e1000-7ff7517e2000 r--p 00000000 00:00 0 
7ff7517e2000-7ff7517e3000 rw-p 00000000 00:00 0 
7ff7517e3000-7ff7517e4000 r--p 00023000 00:12 166212                     /usr/lib/ld-2.23.so
7ff7517e4000-7ff7517e5000 rw-p 00024000 00:12 166212                     /usr/lib/ld-2.23.so
7ff7517e5000-7ff7517e6000 rw-p 00000000 00:00 0 
7ffc365fe000-7ffc3661f000 rw-p 00000000 00:00 0                          [stack]
7ffc3671e000-7ffc36720000 r--p 00000000 00:00 0                          [vvar]
7ffc36720000-7ffc36722000 r-xp 00000000 00:00 0                          [vdso]
ffffffffff600000-ffffffffff601000 r-xp 00000000 00:00 0                  [vsyscall]

VM Arguments:
jvm_args: -Djava.library.path=lwjgl/native/ -Didea.launcher.port=7536 -Didea.launcher.bin.path=/usr/share/intellijidea-ce/bin -Dfile.encoding=UTF-8 
java_command: com.intellij.rt.execution.application.AppMain se.liu.ida.albhe417.tddd78.game.Main
java_class_path (initial): /usr/lib/jvm/java-8-openjdk/jre/lib/charsets.jar:/usr/lib/jvm/java-8-openjdk/jre/lib/ext/cldrdata.jar:/usr/lib/jvm/java-8-openjdk/jre/lib/ext/dnsns.jar:/usr/lib/jvm/java-8-openjdk/jre/lib/ext/jaccess.jar:/usr/lib/jvm/java-8-openjdk/jre/lib/ext/localedata.jar:/usr/lib/jvm/java-8-openjdk/jre/lib/ext/nashorn.jar:/usr/lib/jvm/java-8-openjdk/jre/lib/ext/sunec.jar:/usr/lib/jvm/java-8-openjdk/jre/lib/ext/sunjce_provider.jar:/usr/lib/jvm/java-8-openjdk/jre/lib/ext/sunpkcs11.jar:/usr/lib/jvm/java-8-openjdk/jre/lib/ext/zipfs.jar:/usr/lib/jvm/java-8-openjdk/jre/lib/jce.jar:/usr/lib/jvm/java-8-openjdk/jre/lib/jsse.jar:/usr/lib/jvm/java-8-openjdk/jre/lib/management-agent.jar:/usr/lib/jvm/java-8-openjdk/jre/lib/resources.jar:/usr/lib/jvm/java-8-openjdk/jre/lib/rt.jar:/home/albin/TDDD78/out/production/projekt:/home/albin/TDDD78/lwjgl/jar/lwjgl.jar:/usr/share/intellijidea-ce/lib/idea_rt.jar
Launcher Type: SUN_STANDARD

Environment Variables:
PATH=/usr/local/sbin:/usr/local/bin:/usr/bin:/usr/lib/jvm/default/bin:/usr/bin/site_perl:/usr/bin/vendor_perl:/usr/bin/core_perl
USERNAME=albin
LD_LIBRARY_PATH=.:
SHELL=/bin/zsh
DISPLAY=:1

Signal Handlers:
SIGSEGV: [libjvm.so+0xa57b90], sa_mask[0]=11111111011111111101111111111110, sa_flags=SA_RESTART|SA_SIGINFO
SIGBUS: [libjvm.so+0xa57b90], sa_mask[0]=11111111011111111101111111111110, sa_flags=SA_RESTART|SA_SIGINFO
SIGFPE: [libjvm.so+0x8a40d0], sa_mask[0]=11111111011111111101111111111110, sa_flags=SA_RESTART|SA_SIGINFO
SIGPIPE: [libjvm.so+0x8a40d0], sa_mask[0]=11111111011111111101111111111110, sa_flags=SA_RESTART|SA_SIGINFO
SIGXFSZ: [libjvm.so+0x8a40d0], sa_mask[0]=11111111011111111101111111111110, sa_flags=SA_RESTART|SA_SIGINFO
SIGILL: [libjvm.so+0x8a40d0], sa_mask[0]=11111111011111111101111111111110, sa_flags=SA_RESTART|SA_SIGINFO
SIGUSR1: SIG_DFL, sa_mask[0]=00000000000000000000000000000000, sa_flags=none
SIGUSR2: [libjvm.so+0x8a3f80], sa_mask[0]=00100000000000000000000000000000, sa_flags=SA_RESTART|SA_SIGINFO
SIGHUP: [libjvm.so+0x8a4450], sa_mask[0]=11111111011111111101111111111110, sa_flags=SA_RESTART|SA_SIGINFO
SIGINT: [libjvm.so+0x8a4450], sa_mask[0]=11111111011111111101111111111110, sa_flags=SA_RESTART|SA_SIGINFO
SIGTERM: [libjvm.so+0x8a4450], sa_mask[0]=11111111011111111101111111111110, sa_flags=SA_RESTART|SA_SIGINFO
SIGQUIT: [libjvm.so+0x8a4450], sa_mask[0]=11111111011111111101111111111110, sa_flags=SA_RESTART|SA_SIGINFO


---------------  S Y S T E M  ---------------

OS:NAME="Arch Linux"
ID=arch
PRETTY_NAME="Arch Linux"
ANSI_COLOR="0;36"
HOME_URL="https://www.archlinux.org/"
SUPPORT_URL="https://bbs.archlinux.org/"
BUG_REPORT_URL="https://bugs.archlinux.org/"


uname:Linux 4.4.1-2-ARCH #1 SMP PREEMPT Wed Feb 3 13:12:33 UTC 2016 x86_64
libc:glibc 2.23 NPTL 2.23 
rlimit: STACK 8192k, CORE infinity, NPROC 63012, NOFILE 4096, AS infinity
load average:0,45 0,45 0,45

/proc/meminfo:
MemTotal:       16349936 kB
MemFree:         7585780 kB
MemAvailable:    7849280 kB
Buffers:            5252 kB
Cached:           347644 kB
SwapCached:            0 kB
Active:          3967140 kB
Inactive:         182856 kB
Active(anon):    3798372 kB
Inactive(anon):    68656 kB
Active(file):     168768 kB
Inactive(file):   114200 kB
Unevictable:         104 kB
Mlocked:        34359738472 kB
SwapTotal:             0 kB
SwapFree:              0 kB
Dirty:                16 kB
Writeback:             0 kB
AnonPages:       3797160 kB
Mapped:           808220 kB
Shmem:             69928 kB
Slab:             563516 kB
SReclaimable:      40928 kB
SUnreclaim:       522588 kB
KernelStack:       19168 kB
PageTables:        47640 kB
NFS_Unstable:          0 kB
Bounce:                0 kB
WritebackTmp:          0 kB
CommitLimit:     8174968 kB
Committed_AS:    9321080 kB
VmallocTotal:   34359738367 kB
VmallocUsed:           0 kB
VmallocChunk:          0 kB
HardwareCorrupted:     0 kB
AnonHugePages:   2154496 kB
HugePages_Total:       0
HugePages_Free:        0
HugePages_Rsvd:        0
HugePages_Surp:        0
Hugepagesize:       2048 kB
DirectMap4k:     2325688 kB
DirectMap2M:    10170368 kB
DirectMap1G:     6291456 kB


CPU:total 12 (6 cores per cpu, 2 threads per core) family 6 model 45 stepping 7, cmov, cx8, fxsr, mmx, sse, sse2, sse3, ssse3, sse4.1, sse4.2, popcnt, avx, aes, clmul, ht, tsc, tscinvbit, tscinv

/proc/cpuinfo:
processor	: 0
vendor_id	: GenuineIntel
cpu family	: 6
model		: 45
model name	: Intel(R) Core(TM) i7-3930K CPU @ 3.20GHz
stepping	: 7
microcode	: 0x710
cpu MHz		: 4399.875
cache size	: 12288 KB
physical id	: 0
siblings	: 12
core id		: 0
cpu cores	: 6
apicid		: 0
initial apicid	: 0
fpu		: yes
fpu_exception	: yes
cpuid level	: 13
wp		: yes
flags		: fpu vme de pse tsc msr pae mce cx8 apic sep mtrr pge mca cmov pat pse36 clflush dts acpi mmx fxsr sse sse2 ss ht tm pbe syscall nx pdpe1gb rdtscp lm constant_tsc arch_perfmon pebs bts rep_good nopl xtopology nonstop_tsc aperfmperf eagerfpu pni pclmulqdq dtes64 monitor ds_cpl vmx est tm2 ssse3 cx16 xtpr pdcm pcid dca sse4_1 sse4_2 x2apic popcnt tsc_deadline_timer aes xsave avx lahf_lm ida arat pln pts dtherm tpr_shadow vnmi flexpriority ept vpid xsaveopt
bugs		:
bogomips	: 6402.89
clflush size	: 64
cache_alignment	: 64
address sizes	: 46 bits physical, 48 bits virtual
power management:

processor	: 1
vendor_id	: GenuineIntel
cpu family	: 6
model		: 45
model name	: Intel(R) Core(TM) i7-3930K CPU @ 3.20GHz
stepping	: 7
microcode	: 0x710
cpu MHz		: 4399.750
cache size	: 12288 KB
physical id	: 0
siblings	: 12
core id		: 1
cpu cores	: 6
apicid		: 2
initial apicid	: 2
fpu		: yes
fpu_exception	: yes
cpuid level	: 13
wp		: yes
flags		: fpu vme de pse tsc msr pae mce cx8 apic sep mtrr pge mca cmov pat pse36 clflush dts acpi mmx fxsr sse sse2 ss ht tm pbe syscall nx pdpe1gb rdtscp lm constant_tsc arch_perfmon pebs bts rep_good nopl xtopology nonstop_tsc aperfmperf eagerfpu pni pclmulqdq dtes64 monitor ds_cpl vmx est tm2 ssse3 cx16 xtpr pdcm pcid dca sse4_1 sse4_2 x2apic popcnt tsc_deadline_timer aes xsave avx lahf_lm ida arat pln pts dtherm tpr_shadow vnmi flexpriority ept vpid xsaveopt
bugs		:
bogomips	: 6402.89
clflush size	: 64
cache_alignment	: 64
address sizes	: 46 bits physical, 48 bits virtual
power management:

processor	: 2
vendor_id	: GenuineIntel
cpu family	: 6
model		: 45
model name	: Intel(R) Core(TM) i7-3930K CPU @ 3.20GHz
stepping	: 7
microcode	: 0x710
cpu MHz		: 4399.875
cache size	: 12288 KB
physical id	: 0
siblings	: 12
core id		: 2
cpu cores	: 6
apicid		: 4
initial apicid	: 4
fpu		: yes
fpu_exception	: yes
cpuid level	: 13
wp		: yes
flags		: fpu vme de pse tsc msr pae mce cx8 apic sep mtrr pge mca cmov pat pse36 clflush dts acpi mmx fxsr sse sse2 ss ht tm pbe syscall nx pdpe1gb rdtscp lm constant_tsc arch_perfmon pebs bts rep_good nopl xtopology nonstop_tsc aperfmperf eagerfpu pni pclmulqdq dtes64 monitor ds_cpl vmx est tm2 ssse3 cx16 xtpr pdcm pcid dca sse4_1 sse4_2 x2apic popcnt tsc_deadline_timer aes xsave avx lahf_lm ida arat pln pts dtherm tpr_shadow vnmi flexpriority ept vpid xsaveopt
bugs		:
bogomips	: 6402.89
clflush size	: 64
cache_alignment	: 64
address sizes	: 46 bits physical, 48 bits virtual
power management:

processor	: 3
vendor_id	: GenuineIntel
cpu family	: 6
model		: 45
model name	: Intel(R) Core(TM) i7-3930K CPU @ 3.20GHz
stepping	: 7
microcode	: 0x710
cpu MHz		: 4399.875
cache size	: 12288 KB
physical id	: 0
siblings	: 12
core id		: 3
cpu cores	: 6
apicid		: 6
initial apicid	: 6
fpu		: yes
fpu_exception	: yes
cpuid level	: 13
wp		: yes
flags		: fpu vme de pse tsc msr pae mce cx8 apic sep mtrr pge mca cmov pat pse36 clflush dts acpi mmx fxsr sse sse2 ss ht tm pbe syscall nx pdpe1gb rdtscp lm constant_tsc arch_perfmon pebs bts rep_good nopl xtopology nonstop_tsc aperfmperf eagerfpu pni pclmulqdq dtes64 monitor ds_cpl vmx est tm2 ssse3 cx16 xtpr pdcm pcid dca sse4_1 sse4_2 x2apic popcnt tsc_deadline_timer aes xsave avx lahf_lm ida arat pln pts dtherm tpr_shadow vnmi flexpriority ept vpid xsaveopt
bugs		:
bogomips	: 6402.89
clflush size	: 64
cache_alignment	: 64
address sizes	: 46 bits physical, 48 bits virtual
power management:

processor	: 4
vendor_id	: GenuineIntel
cpu family	: 6
model		: 45
model name	: Intel(R) Core(TM) i7-3930K CPU @ 3.20GHz
stepping	: 7
microcode	: 0x710
cpu MHz		: 4399.875
cache size	: 12288 KB
physical id	: 0
siblings	: 12
core id		: 4
cpu cores	: 6
apicid		: 8
initial apicid	: 8
fpu		: yes
fpu_exception	: yes
cpuid level	: 13
wp		: yes
flags		: fpu vme de pse tsc msr pae mce cx8 apic sep mtrr pge mca cmov pat pse36 clflush dts acpi mmx fxsr sse sse2 ss ht tm pbe syscall nx pdpe1gb rdtscp lm constant_tsc arch_perfmon pebs bts rep_good nopl xtopology nonstop_tsc aperfmperf eagerfpu pni pclmulqdq dtes64 monitor ds_cpl vmx est tm2 ssse3 cx16 xtpr pdcm pcid dca sse4_1 sse4_2 x2apic popcnt tsc_deadline_timer aes xsave avx lahf_lm ida arat pln pts dtherm tpr_shadow vnmi flexpriority ept vpid xsaveopt
bugs		:
bogomips	: 6402.89
clflush size	: 64
cache_alignment	: 64
address sizes	: 46 bits physical, 48 bits virtual
power management:

processor	: 5
vendor_id	: GenuineIntel
cpu family	: 6
model		: 45
model name	: Intel(R) Core(TM) i7-3930K CPU @ 3.20GHz
stepping	: 7
microcode	: 0x710
cpu MHz		: 4399.875
cache size	: 12288 KB
physical id	: 0
siblings	: 12
core id		: 5
cpu cores	: 6
apicid		: 10
initial apicid	: 10
fpu		: yes
fpu_exception	: yes
cpuid level	: 13
wp		: yes
flags		: fpu vme de pse tsc msr pae mce cx8 apic sep mtrr pge mca cmov pat pse36 clflush dts acpi mmx fxsr sse sse2 ss ht tm pbe syscall nx pdpe1gb rdtscp lm constant_tsc arch_perfmon pebs bts rep_good nopl xtopology nonstop_tsc aperfmperf eagerfpu pni pclmulqdq dtes64 monitor ds_cpl vmx est tm2 ssse3 cx16 xtpr pdcm pcid dca sse4_1 sse4_2 x2apic popcnt tsc_deadline_timer aes xsave avx lahf_lm ida arat pln pts dtherm tpr_shadow vnmi flexpriority ept vpid xsaveopt
bugs		:
bogomips	: 6402.89
clflush size	: 64
cache_alignment	: 64
address sizes	: 46 bits physical, 48 bits virtual
power management:

processor	: 6
vendor_id	: GenuineIntel
cpu family	: 6
model		: 45
model name	: Intel(R) Core(TM) i7-3930K CPU @ 3.20GHz
stepping	: 7
microcode	: 0x710
cpu MHz		: 4399.875
cache size	: 12288 KB
physical id	: 0
siblings	: 12
core id		: 0
cpu cores	: 6
apicid		: 1
initial apicid	: 1
fpu		: yes
fpu_exception	: yes
cpuid level	: 13
wp		: yes
flags		: fpu vme de pse tsc msr pae mce cx8 apic sep mtrr pge mca cmov pat pse36 clflush dts acpi mmx fxsr sse sse2 ss ht tm pbe syscall nx pdpe1gb rdtscp lm constant_tsc arch_perfmon pebs bts rep_good nopl xtopology nonstop_tsc aperfmperf eagerfpu pni pclmulqdq dtes64 monitor ds_cpl vmx est tm2 ssse3 cx16 xtpr pdcm pcid dca sse4_1 sse4_2 x2apic popcnt tsc_deadline_timer aes xsave avx lahf_lm ida arat pln pts dtherm tpr_shadow vnmi flexpriority ept vpid xsaveopt
bugs		:
bogomips	: 6402.89
clflush size	: 64
cache_alignment	: 64
address sizes	: 46 bits physical, 48 bits virtual
power management:

processor	: 7
vendor_id	: GenuineIntel
cpu family	: 6
model		: 45
model name	: Intel(R) Core(TM) i7-3930K CPU @ 3.20GHz
stepping	: 7
microcode	: 0x710
cpu MHz		: 4399.875
cache size	: 12288 KB
physical id	: 0
siblings	: 12
core id		: 1
cpu cores	: 6
apicid		: 3
initial apicid	: 3
fpu		: yes
fpu_exception	: yes
cpuid level	: 13
wp		: yes
flags		: fpu vme de pse tsc msr pae mce cx8 apic sep mtrr pge mca cmov pat pse36 clflush dts acpi mmx fxsr sse sse2 ss ht tm pbe syscall nx pdpe1gb rdtscp lm constant_tsc arch_perfmon pebs bts rep_good nopl xtopology nonstop_tsc aperfmperf eagerfpu pni pclmulqdq dtes64 monitor ds_cpl vmx est tm2 ssse3 cx16 xtpr pdcm pcid dca sse4_1 sse4_2 x2apic popcnt tsc_deadline_timer aes xsave avx lahf_lm ida arat pln pts dtherm tpr_shadow vnmi flexpriority ept vpid xsaveopt
bugs		:
bogomips	: 6402.89
clflush size	: 64
cache_alignment	: 64
address sizes	: 46 bits physical, 48 bits virtual
power management:

processor	: 8
vendor_id	: GenuineIntel
cpu family	: 6
model		: 45
model name	: Intel(R) Core(TM) i7-3930K CPU @ 3.20GHz
stepping	: 7
microcode	: 0x710
cpu MHz		: 4399.875
cache size	: 12288 KB
physical id	: 0
siblings	: 12
core id		: 2
cpu cores	: 6
apicid		: 5
initial apicid	: 5
fpu		: yes
fpu_exception	: yes
cpuid level	: 13
wp		: yes
flags		: fpu vme de pse tsc msr pae mce cx8 apic sep mtrr pge mca cmov pat pse36 clflush dts acpi mmx fxsr sse sse2 ss ht tm pbe syscall nx pdpe1gb rdtscp lm constant_tsc arch_perfmon pebs bts rep_good nopl xtopology nonstop_tsc aperfmperf eagerfpu pni pclmulqdq dtes64 monitor ds_cpl vmx est tm2 ssse3 cx16 xtpr pdcm pcid dca sse4_1 sse4_2 x2apic popcnt tsc_deadline_timer aes xsave avx lahf_lm ida arat pln pts dtherm tpr_shadow vnmi flexpriority ept vpid xsaveopt
bugs		:
bogomips	: 6402.89
clflush size	: 64
cache_alignment	: 64
address sizes	: 46 bits physical, 48 bits virtual
power management:

processor	: 9
vendor_id	: GenuineIntel
cpu family	: 6
model		: 45
model name	: Intel(R) Core(TM) i7-3930K CPU @ 3.20GHz
stepping	: 7
microcode	: 0x710
cpu MHz		: 4399.750
cache size	: 12288 KB
physical id	: 0
siblings	: 12
core id		: 3
cpu cores	: 6
apicid		: 7
initial apicid	: 7
fpu		: yes
fpu_exception	: yes
cpuid level	: 13
wp		: yes
flags		: fpu vme de pse tsc msr pae mce cx8 apic sep mtrr pge mca cmov pat pse36 clflush dts acpi mmx fxsr sse sse2 ss ht tm pbe syscall nx pdpe1gb rdtscp lm constant_tsc arch_perfmon pebs bts rep_good nopl xtopology nonstop_tsc aperfmperf eagerfpu pni pclmulqdq dtes64 monitor ds_cpl vmx est tm2 ssse3 cx16 xtpr pdcm pcid dca sse4_1 sse4_2 x2apic popcnt tsc_deadline_timer aes xsave avx lahf_lm ida arat pln pts dtherm tpr_shadow vnmi flexpriority ept vpid xsaveopt
bugs		:
bogomips	: 6402.89
clflush size	: 64
cache_alignment	: 64
address sizes	: 46 bits physical, 48 bits virtual
power management:

processor	: 10
vendor_id	: GenuineIntel
cpu family	: 6
model		: 45
model name	: Intel(R) Core(TM) i7-3930K CPU @ 3.20GHz
stepping	: 7
microcode	: 0x710
cpu MHz		: 4399.875
cache size	: 12288 KB
physical id	: 0
siblings	: 12
core id		: 4
cpu cores	: 6
apicid		: 9
initial apicid	: 9
fpu		: yes
fpu_exception	: yes
cpuid level	: 13
wp		: yes
flags		: fpu vme de pse tsc msr pae mce cx8 apic sep mtrr pge mca cmov pat pse36 clflush dts acpi mmx fxsr sse sse2 ss ht tm pbe syscall nx pdpe1gb rdtscp lm constant_tsc arch_perfmon pebs bts rep_good nopl xtopology nonstop_tsc aperfmperf eagerfpu pni pclmulqdq dtes64 monitor ds_cpl vmx est tm2 ssse3 cx16 xtpr pdcm pcid dca sse4_1 sse4_2 x2apic popcnt tsc_deadline_timer aes xsave avx lahf_lm ida arat pln pts dtherm tpr_shadow vnmi flexpriority ept vpid xsaveopt
bugs		:
bogomips	: 6402.89
clflush size	: 64
cache_alignment	: 64
address sizes	: 46 bits physical, 48 bits virtual
power management:

processor	: 11
vendor_id	: GenuineIntel
cpu family	: 6
model		: 45
model name	: Intel(R) Core(TM) i7-3930K CPU @ 3.20GHz
stepping	: 7
microcode	: 0x710
cpu MHz		: 4399.875
cache size	: 12288 KB
physical id	: 0
siblings	: 12
core id		: 5
cpu cores	: 6
apicid		: 11
initial apicid	: 11
fpu		: yes
fpu_exception	: yes
cpuid level	: 13
wp		: yes
flags		: fpu vme de pse tsc msr pae mce cx8 apic sep mtrr pge mca cmov pat pse36 clflush dts acpi mmx fxsr sse sse2 ss ht tm pbe syscall nx pdpe1gb rdtscp lm constant_tsc arch_perfmon pebs bts rep_good nopl xtopology nonstop_tsc aperfmperf eagerfpu pni pclmulqdq dtes64 monitor ds_cpl vmx est tm2 ssse3 cx16 xtpr pdcm pcid dca sse4_1 sse4_2 x2apic popcnt tsc_deadline_timer aes xsave avx lahf_lm ida arat pln pts dtherm tpr_shadow vnmi flexpriority ept vpid xsaveopt
bugs		:
bogomips	: 6402.89
clflush size	: 64
cache_alignment	: 64
address sizes	: 46 bits physical, 48 bits virtual
power management:



Memory: 4k page, physical 16349936k(7585572k free), swap 0k(0k free)

vm_info: OpenJDK 64-Bit Server VM (25.74-b02) for linux-amd64 JRE (1.8.0_74-b02), built on Feb  8 2016 12:22:08 by "builduser" with gcc 5.3.0

time: Tue Mar  1 23:27:07 2016
elapsed time: 0 seconds (0d 0h 0m 0s)

